MPASM  5.51                 WATCHDOGTIMER.ASM   9-2-2020  17:04:56         PAGE  1


LOC  OBJECT CODE     LINE SOURCE TEXT
  VALUE

                      00001 ;
                      00002 ;               O objetivo deste programa é demonstrar uma utilização simples do Watch Dog Timer. O prog
                            rama irá piscar um led
                      00003 ;       através do loop infinito e, se um botão for pressionado, o programa desvia para um label que pre
                            nder o programa. 
                      00004 ;       Como o Watch Dog Timer tem seu incremento zerado apenas no loop infinito, quando o programa fica
                            r preso na outra
                      00005 ;       label, isso será enetendido como "Erro" ou "Bug" pelo WTD, que irá reiniciar o programa.
                      00006 ;               A função do Watch Dog Timer é reiniciar o programa caso haja algum bug de código, mal fu
                            ncionamento do código,
                      00007 ;       mal funcionamento por algum defeito no circuito, no Pic ou até interferências externas no circui
                            to. Ele conta com um
                      00008 ;       contador, que é semelhante aos timers do Pic. Esse contador, quando o WDT está ativado, conta at
                            é um certo valor 
                      00009 ;       mínimo e, ao alcançar este valor, estoura e reinicia o programa. Logo, quando o WDT está ativado
                            , ele deve ser limpo
                      00010 ;       via software de tempos em tempos, para não estourar e não reiniciar o programa de forma indeseja
                            da.
                      00011 ;               O tempo de estouro padrão do Watch Dog Timer é 18ms no mínimo, mas esse tempo pode ser a
                            umentado configurando o 
                      00012 ;       prescaler de 1:1 até 1:128. Os prescalers acima de 1:1 multiplicam os 18ms pelo prescaler config
                            urado.
                      00013 ;               O Watch Dog Timer também é uma alternativa de reiniciar o programa via software, o que é
                             muito útil em algumas
                      00014 ;       aplicações.
                      00015 ;
                      00016 ;               Na simulação o programa e o circuito funcionaram perfeitamente, alternando a saída RA3 e
                            , quando o botão é pres-
                      00017 ;       sionado, o programa traba com RA2 ligado. Após +- 1,15 segundo, que foi o WDT programado, o prog
                            rama reinicia, apaga
                      00018 ;       RA2 e volta a alternar RA3.
                      00019 ;               Na prática o programa e o circuito também funcionaram, mas sem o osciloscópio não dá par
                            a ver o led em RA3 
                      00020 ;       alternando, pois esta saída alterna sem delay, portanto, na valocidade dos ciclos de máquina, na
                             ordem dos us.
                      00021 ;
                      00022 
                      00023         list            p=16f628a                                       ; Informa o microcontrolador uti
                            lizado
                      00024         
                      00025 ; --- Documentação ---
                      00026 
                      00027         #include        <p16f628a.inc>                          ; Inclui o documento que contém os regis
                            tradores do Pic
                      00001         LIST
                      00002 
                      00003 ;==========================================================================
                      00004 ;  MPASM PIC16F628A processor include
                      00005 ; 
                      00006 ;  (c) Copyright 1999-2013 Microchip Technology, All rights reserved
                      00007 ;==========================================================================
                      00008 
                      00385         LIST
MPASM  5.51                 WATCHDOGTIMER.ASM   9-2-2020  17:04:56         PAGE  2


LOC  OBJECT CODE     LINE SOURCE TEXT
  VALUE

                      00028         
                      00029         
                      00030 ; --- Fuse bits ---
                      00031         
2007   3F25           00032         __config        _XT_OSC & _WDT_ON & _PWRTE_ON & _MCLRE_ON & _BOREN_OFF & _LVP_OFF & _CPD_OFF & _
                            CP_OFF
                      00033         
                      00034 ; Configura clock em 4MHz, liga o WatchDog Timer, liga o Power Up Timer e liga o Master Clear
                      00035 
                      00036 ; --- Paginação de memória ---
                      00037 
                      00038         #define         bank0   bcf     STATUS,RP0              ; Cria mnemônico para selecionar o banco
                             0 de memória
                      00039         #define         bank1   bsf     STATUS,RP0              ; Cria mnemônico para selecionar o banco
                             1 de memória
                      00040         
                      00041 ; --- Mapeamento de hardware ---
                      00042 
                      00043         #define         led1    PORTA,3                         ; Cria mnemônico para led1 em RA3
                      00044         #define         led2    PORTA,2                         ; Cria mnemônico para led2 em RA2
                      00045         #define         botao1  PORTB,0                         ; Cria mnemônico para botao1 em RB0
                      00046         #define         botao2  PORTB,1                         ; Cria mnemônico para botao2 em RB1
                      00047         
                      00048 ; --- Registradores de uso geral ---
                      00049 
                      00050         cblock          H'20'                                           ; Endereço para início de config
                            urações de registradores de uso geral
                      00051         
  00000020            00052         W_TEMP                                                                  ; Armazena o conteúdo de
                             W temporariamente
  00000021            00053         STATUS_TEMP                                                             ; Armazena o conteúdo de
                             STATUS temporariamente
                      00054         
                      00055         
                      00056         endc                                                                    ; Fim da configuração de
                             registradores de uso geral
                      00057         
                      00058 ; --- Vetor de Reset ---
                      00059 
0000                  00060         org                     H'0000'                                         ; Origem do endereço do 
                            vetor de Reset
                      00061         
0000   280D           00062         goto            inicio                                          ; Desvia para programa principal
                      00063         
                      00064 ; --- Vetor de Interrupção ---  
                      00065 
0004                  00066         org             H'0004'                                         ; Origem do endereço do vetor de
                             Interrupção
                      00067         
                      00068 ; -- Salvamento de contexto --
                      00069 
0004   00A0           00070         movwf           W_TEMP                                          ; W_TEMP = w
0005   0E03           00071         swapf           STATUS,w                                        ; w = STATUS (com nibbles invert
MPASM  5.51                 WATCHDOGTIMER.ASM   9-2-2020  17:04:56         PAGE  3


LOC  OBJECT CODE     LINE SOURCE TEXT
  VALUE

                            idos)
0006   1283           00072         bank0                                                                   ; Seleciona o banco 0 de
                             memória
0007   00A1           00073         movwf           STATUS_TEMP                                     ; STATUS_TEMP = STATUS (com nibb
                            les invertidos)
                      00074         
                      00075 ; -- Fim do salvamento de memória --
                      00076 
                      00077         ; Desenvolvimento da ISR...
                      00078         
                      00079         
                      00080 ; -- Recuperação de contexto -- 
                      00081 
0008                  00082 exit_ISR:
                      00083 
0008   0E21           00084         swapf           STATUS_TEMP,w                           ; w = STATUS(com nibbles reinvertidos)
0009   0083           00085         movwf           STATUS                                          ; STATUS = STATUS (original)
000A   0EA0           00086         swapf           W_TEMP,F                                        ; W_TEMP = w (com nibbles invert
                            idos)
000B   0E20           00087         swapf           W_TEMP,w                                        ; w = w (original)
                      00088         
000C   0009           00089         retfie                                                                  ; Sai da interrupção, vo
                            lta para o endereço do memória onde foi interrompido
                      00090 
                      00091 ; -- Fim da recuperação de contexto --
                      00092 
                      00093 ; --- Programa principal
                      00094 
000D                  00095 inicio:
                      00096 
000D   1683           00097         bank1                                                                   ; Seleciona o banco 1 de
                             memória
000E   30F3           00098         movlw           H'F3'                                           ; w = F3h
Message[302]: Register in operand not in bank 0.  Ensure that bank bits are correct.
000F   0085           00099         movwf           TRISA                                           ; Configura apenas RA3 e RA2 com
                            o saídas digitais
0010   30FF           00100         movlw           H'FF'                                           ; w = FFh
Message[302]: Register in operand not in bank 0.  Ensure that bank bits are correct.
0011   0086           00101         movwf           TRISB                                           ; Configura todo portb como entr
                            ada digital
0012   308E           00102         movlw           H'8E'                                           ; w = 8Eh
Message[302]: Register in operand not in bank 0.  Ensure that bank bits are correct.
0013   0081           00103         movwf           OPTION_REG                                      ; Configura o prescaler associad
                            o ao WDT, em 1:64
0014   1283           00104         bank0                                                                   ; Seleciona o banco 0 de
                             memória
0015   3007           00105         movlw           H'07'                                           ; w = 07h
0016   009F           00106         movwf           CMCON                                           ; Desabilita os comparadores int
                            ernos
0017   30F3           00107         movlw           H'F3'                                           ; w = F3h
0018   0085           00108         movwf           PORTA                                           ; Inicia RA3 e RA2 em Low
                      00109         
                      00110 
MPASM  5.51                 WATCHDOGTIMER.ASM   9-2-2020  17:04:56         PAGE  4


LOC  OBJECT CODE     LINE SOURCE TEXT
  VALUE

                      00111 ; --- Loop infinito ---
                      00112 
0019                  00113 loop:                                                                           ; Cria label para loop i
                            nfinito
                      00114 
0019   0064           00115         clrwdt                                                                  ; Limpa a contagem do Wa
                            tch Dog Timer
001A   3008           00116         movlw           H'08'                                           ; w = 08h
Message[305]: Using default destination of 1 (file).
001B   0685           00117         xorwf           PORTA                                           ; Faz lógica XOR entre w e PORTA
                             para mudar estado de RA3
001C   1C06           00118         btfss           botao1                                          ; Testa se o botão está solto, s
                            e estiver, pula uma linha
001D   281F           00119         goto            trava_Programa                          ; Se não estiver, desvia para label trav
                            a_Programa
                      00120 
Warning[203]: Found opcode in column 1. (goto)
001E   2819           00121 goto loop                                                                       ; Desvia para loop infin
                            ito
                      00122 
001F                  00123 trava_Programa:
                      00124 
001F   1505           00125         bsf                     led2                                            ; Acende led1
0020   2820           00126         goto            $                                                       ; Desvia para este mesmo
                             endereço, neste mesmo comando, trava o programa
                      00127 
                      00128 
                      00129 ; --- Final do programa ---
                      00130 
Warning[205]: Found directive in column 1. (end)
                      00131 end                                                                             ; Final do programa
MPASM  5.51                 WATCHDOGTIMER.ASM   9-2-2020  17:04:56         PAGE  5


SYMBOL TABLE
  LABEL                             VALUE 

ADDEN                             00000003
ADEN                              00000003
BRGH                              00000002
C                                 00000000
C1INV                             00000004
C1OUT                             00000006
C2INV                             00000005
C2OUT                             00000007
CCP1CON                           00000017
CCP1IE                            00000002
CCP1IF                            00000002
CCP1M0                            00000000
CCP1M1                            00000001
CCP1M2                            00000002
CCP1M3                            00000003
CCP1X                             00000005
CCP1Y                             00000004
CCPR1                             00000015
CCPR1H                            00000016
CCPR1L                            00000015
CIS                               00000003
CM0                               00000000
CM1                               00000001
CM2                               00000002
CMCON                             0000001F
CMIE                              00000006
CMIF                              00000006
CREN                              00000004
CSRC                              00000007
DATA_CP_OFF                       00003FFF
DATA_CP_ON                        00003EFF
DC                                00000001
EEADR                             0000009B
EECON1                            0000009C
EECON2                            0000009D
EEDATA                            0000009A
EEIE                              00000007
EEIF                              00000007
F                                 00000001
FERR                              00000002
FSR                               00000004
GIE                               00000007
INDF                              00000000
INTCON                            0000000B
INTE                              00000004
INTEDG                            00000006
INTF                              00000001
IRP                               00000007
NOT_BO                            00000000
NOT_BOD                           00000000
NOT_BOR                           00000000
NOT_PD                            00000003
NOT_POR                           00000001
MPASM  5.51                 WATCHDOGTIMER.ASM   9-2-2020  17:04:56         PAGE  6


SYMBOL TABLE
  LABEL                             VALUE 

NOT_RBPU                          00000007
NOT_T1SYNC                        00000002
NOT_TO                            00000004
OERR                              00000001
OPTION_REG                        00000081
OSCF                              00000003
PCL                               00000002
PCLATH                            0000000A
PCON                              0000008E
PEIE                              00000006
PIE1                              0000008C
PIR1                              0000000C
PORTA                             00000005
PORTB                             00000006
PR2                               00000092
PS0                               00000000
PS1                               00000001
PS2                               00000002
PSA                               00000003
RA0                               00000000
RA1                               00000001
RA2                               00000002
RA3                               00000003
RA4                               00000004
RA5                               00000005
RA6                               00000006
RA7                               00000007
RB0                               00000000
RB1                               00000001
RB2                               00000002
RB3                               00000003
RB4                               00000004
RB5                               00000005
RB6                               00000006
RB7                               00000007
RBIE                              00000003
RBIF                              00000000
RCIE                              00000005
RCIF                              00000005
RCREG                             0000001A
RCSTA                             00000018
RD                                00000000
RP0                               00000005
RP1                               00000006
RX9                               00000006
RX9D                              00000000
SPBRG                             00000099
SPEN                              00000007
SREN                              00000005
STATUS                            00000003
STATUS_TEMP                       00000021
SYNC                              00000004
T0CS                              00000005
MPASM  5.51                 WATCHDOGTIMER.ASM   9-2-2020  17:04:56         PAGE  7


SYMBOL TABLE
  LABEL                             VALUE 

T0IE                              00000005
T0IF                              00000002
T0SE                              00000004
T1CKPS0                           00000004
T1CKPS1                           00000005
T1CON                             00000010
T1OSCEN                           00000003
T2CKPS0                           00000000
T2CKPS1                           00000001
T2CON                             00000012
TMR0                              00000001
TMR0IE                            00000005
TMR0IF                            00000002
TMR1                              0000000E
TMR1CS                            00000001
TMR1H                             0000000F
TMR1IE                            00000000
TMR1IF                            00000000
TMR1L                             0000000E
TMR1ON                            00000000
TMR2                              00000011
TMR2IE                            00000001
TMR2IF                            00000001
TMR2ON                            00000002
TOUTPS0                           00000003
TOUTPS1                           00000004
TOUTPS2                           00000005
TOUTPS3                           00000006
TRISA                             00000085
TRISA0                            00000000
TRISA1                            00000001
TRISA2                            00000002
TRISA3                            00000003
TRISA4                            00000004
TRISA5                            00000005
TRISA6                            00000006
TRISA7                            00000007
TRISB                             00000086
TRISB0                            00000000
TRISB1                            00000001
TRISB2                            00000002
TRISB3                            00000003
TRISB4                            00000004
TRISB5                            00000005
TRISB6                            00000006
TRISB7                            00000007
TRMT                              00000001
TX9                               00000006
TX9D                              00000000
TXEN                              00000005
TXIE                              00000004
TXIF                              00000004
TXREG                             00000019
MPASM  5.51                 WATCHDOGTIMER.ASM   9-2-2020  17:04:56         PAGE  8


SYMBOL TABLE
  LABEL                             VALUE 

TXSTA                             00000098
VR0                               00000000
VR1                               00000001
VR2                               00000002
VR3                               00000003
VRCON                             0000009F
VREN                              00000007
VROE                              00000006
VRR                               00000005
W                                 00000000
WR                                00000001
WREN                              00000002
WRERR                             00000003
W_TEMP                            00000020
Z                                 00000002
_BODEN_OFF                        00003FBF
_BODEN_ON                         00003FFF
_BOREN_OFF                        00003FBF
_BOREN_ON                         00003FFF
_CONFIG                           00002007
_CPD_OFF                          00003FFF
_CPD_ON                           00003EFF
_CP_OFF                           00003FFF
_CP_ON                            00001FFF
_DEVID1                           00002006
_ER_OSC_CLKOUT                    00003FFF
_ER_OSC_NOCLKOUT                  00003FFE
_EXTCLK_OSC                       00003FEF
_FOSC_ECIO                        00003FEF
_FOSC_EXTRCCLK                    00003FFF
_FOSC_EXTRCIO                     00003FFE
_FOSC_HS                          00003FEE
_FOSC_INTOSCCLK                   00003FFD
_FOSC_INTOSCIO                    00003FFC
_FOSC_LP                          00003FEC
_FOSC_XT                          00003FED
_HS_OSC                           00003FEE
_IDLOC0                           00002000
_IDLOC1                           00002001
_IDLOC2                           00002002
_IDLOC3                           00002003
_INTOSC_OSC_CLKOUT                00003FFD
_INTOSC_OSC_NOCLKOUT              00003FFC
_INTRC_OSC_CLKOUT                 00003FFD
_INTRC_OSC_NOCLKOUT               00003FFC
_LP_OSC                           00003FEC
_LVP_OFF                          00003F7F
_LVP_ON                           00003FFF
_MCLRE_OFF                        00003FDF
_MCLRE_ON                         00003FFF
_PWRTE_OFF                        00003FFF
_PWRTE_ON                         00003FF7
_RC_OSC_CLKOUT                    00003FFF
MPASM  5.51                 WATCHDOGTIMER.ASM   9-2-2020  17:04:56         PAGE  9


SYMBOL TABLE
  LABEL                             VALUE 

_RC_OSC_NOCLKOUT                  00003FFE
_WDTE_OFF                         00003FFB
_WDTE_ON                          00003FFF
_WDT_OFF                          00003FFB
_WDT_ON                           00003FFF
_XT_OSC                           00003FED
__16F628A                         00000001
__DEBUG                           1
bank0                             bcf     STATUS,RP0
bank1                             bsf     STATUS,RP0
botao1                            PORTB,0
botao2                            PORTB,1
exit_ISR                          00000008
inicio                            0000000D
led1                              PORTA,3
led2                              PORTA,2
loop                              00000019
trava_Programa                    0000001F


MEMORY USAGE MAP ('X' = Used,  '-' = Unused)

0000 : X---XXXXXXXXXXXX XXXXXXXXXXXXXXXX X--------------- ----------------
2000 : -------X-------- ---------------- ---------------- ----------------

All other memory blocks unused.

Program Memory Words Used:    30
Program Memory Words Free:  2018


Errors   :     0
Warnings :     2 reported,     0 suppressed
Messages :     4 reported,     0 suppressed

