MPASM  5.51                       RELOGIO.ASM   9-1-2020  10:53:11         PAGE  1


LOC  OBJECT CODE     LINE SOURCE TEXT
  VALUE

                      00001 ;
                      00002 ;               O objetivo deste programa é demonstrar a configuração de um RTC (real time clock) a part
                            ir do timer1. Para isso,        
                      00003 ;       será utilizado um clock externo a partir de um cristal oscilador de 32.768KHz. Isto é, o contado
                            r do timer1 irá 
                      00004 ;       incrementar a partir deste oscilador, e não mais pelo ciclo de máquina.
                      00005 ;
                      00006 ;       Overflow = (65536 - <TMR1H::TMR1L>) * prescaler * periodo clock
                      00007 ;
                      00008 ;                                                                               Overflow
                      00009 ;       <TMR1H::TMR1L> = 65536 - ------------------------------ 
                      00010 ;                                                         prescaler * periodo de clock  
                      00011 ;
                      00012 ;       Overflow = 1s
                      00013 ;       prescaler = 1
                      00014 ;       periodo de clock = (1 / 32768Hz) = 0,00003051757813
                      00015 ;
                      00016 ;       <TMR1H::TMR1L> = 32768d = 8000h
                      00017 ;
                      00018 ;       TMR1H = 80h
                      00019 ;       TMR1L = 00h 
                      00020 ;       
                      00021 ;       Basta setar o bit mais significativo de TMR1H: bsf TMR1H,7
                      00022 ;
                      00023 ;               Vale ressaltar que, quando se usa o oscilador externo no timer1, por exemplo, a contagem
                             do contador do timer1
                      00024 ;       ocorre a partir da borda de descida de cada oscilação do clock externo. Assim, o tempo de interr
                            upção ocorre sempre
                      00025 ;       exatamente no tempo configurado. Porém, ainda existe um tempo de latência pois, para executar a 
                            rotina de interrupção,
                      00026 ;       o programa passa primeiro pelo salvamento de contexto e depois pela recuperação de contexto, que
                             demora alguns ciclos
                      00027 ;       de máquina para serem feitos.
                      00028 ;               Sendo assim, neste exemplo a interrupção acontecerá sempre a cada 1s exatos, porém, a mu
                            dança de estado do RA3,
                      00029 ;       por exemplo, será 1s mais alguns ciclos de máquina, provenientes do salvamento de contexto. No c
                            aso desta aplicação,
                      00030 ;       a recuperação de contexto não irá interferir, pois ocorre após a rotina de interrupção e, como d
                            emora apenas alguns 
                      00031 ;       ciclos de máquina (microsegundos), não terá havido outra interrupção neste tempo.
                      00032 ;               Assim, se o salvamento de contexto demora 5us para executar, e a atualização da hora no 
                            display (por exemplo) 
                      00033 ;       ocorre após esse tempo, então pode-se calcular o tempo necessário para o display atrasar 1s.
                      00034 ;
                      00035 ;               1s / 5us = 200000 -> Número de interrupções para o salvamento de contexto completar 1s n
                            o total
                      00036 ;               200000 / 3600 = 55,55 horas -> Número de horas para o display atrasar 1s
                      00037 ;               365 * 24 = 8760 horas -> Número de horas que contém em 1 ano
                      00038 ;               8760 / 55,55 = 157,70 s -> Total de segundos atrasados em 1 ano
                      00039 ;               157,7 / 60 = 2,63 minutos -> Total de minutos atrasados em 1 ano
                      00040 ;               
                      00041 ;               Assim, percebe-se que a latência de interrupção gera aproximadamente 2,63 minutos de atr
                            aso em 1 ano. Para corri-
MPASM  5.51                       RELOGIO.ASM   9-1-2020  10:53:11         PAGE  2


LOC  OBJECT CODE     LINE SOURCE TEXT
  VALUE

                      00042 ;       gir este tempo de latência teria que ser feita uma manipulação de código para compensar a contag
                            em com esse tempo de
                      00043 ;       latência, mas não é uma coisa simples, uma vez que o tempo para 1 incremento é:
                      00044 ;               1 / 32757 = 30,52 us -> Tempo para incrementar 1 no contador do timer.
                      00045 ;               Ou seja, o tempo para incremento é maior que o tempo de latência e isso complica o métod
                            o de correção de tempo
                      00046 ;       de latência de interrupção.
                      00047 ;               Porém, de toda forma, o tempo de latência é da ordem de us (microsegundos) e, como visto
                            , no ano o atrados do 
                      00048 ;       relógio seria na ordem dos segundos. Essa precisão está mais do que ótima para a grande maioria 
                            dos projetos.
                      00049 ;
                      00050 ;               Na prática o circuito e o programa funcionaram como esperado.
                      00051 ;
                      00052 
                      00053         list            p=16f628a                                       ; Informa o microcontrolador uti
                            lizado
                      00054         
                      00055 ; --- inclusões ---
                      00056 
                      00057         #include        <p16f628a.inc>                          ; Inclui o arquivo com os registradores 
                            do Pic
                      00001         LIST
                      00002 
                      00003 ;==========================================================================
                      00004 ;  MPASM PIC16F628A processor include
                      00005 ; 
                      00006 ;  (c) Copyright 1999-2013 Microchip Technology, All rights reserved
                      00007 ;==========================================================================
                      00008 
                      00385         LIST
                      00058         
                      00059 ; --- Fuse bits ---
                      00060 
2007   3F21           00061         __config        _XT_OSC & _WDT_OFF & _PWRTE_ON & _MCLRE_ON & _BOREN_OFF & _LVP_OFF & _CPD_OFF & 
                            _CP_OFF
                      00062         
                      00063 ;       Configura clock de 4MHz, habilita o Power Up Timer e habilita o Master Clear
                      00064 
                      00065 ; --- Mapeamento de hardware ---
                      00066 
                      00067         #define         led1    PORTA,3                         ; Cria mnemônico para led1 em RA3
                      00068         #define         led2    PORTA,2                         ; Cria mnemônico para led2 em RA2
                      00069         #define         botao1  PORTB,0                         ; Cria mnemônico para botao1 em RB0
                      00070 
                      00071 ; --- Paginação de memória ---
                      00072 
                      00073         #define         bank0   bcf     STATUS,RP0              ; Cria mnemônico para selecionar o banco
                             0 de memória
                      00074         #define         bank1   bsf     STATUS,RP0              ; Cria mnemônico para selecionar o banco
                             1 de memória
                      00075         
                      00076 ; --- Registradores de uso geral ---
MPASM  5.51                       RELOGIO.ASM   9-1-2020  10:53:11         PAGE  3


LOC  OBJECT CODE     LINE SOURCE TEXT
  VALUE

                      00077 
                      00078         cblock          H'20'                                           ; Início do endereço para config
                            uração dos registradores de uso geral
                      00079         
  00000020            00080         W_TEMP                                                                  ; Armazena o conteúdo de
                             w temporariamente
  00000021            00081         STATUS_TEMP                                                             ; Armazena o conteúdo de
                             STATUS temporariamente
                      00082         
                      00083         
                      00084         endc                                                                    ; Fim da configuração do
                            s registradores de uso geral
                      00085         
                      00086 ; --- Vetor de Reset ---
                      00087 
0000                  00088         org                     H'0000'                                         ; Origem do endereço do 
                            vetor de Reset
                      00089         
0000   2813           00090         goto            inicio                                          ; Desvia para label inicio, prog
                            rama principal
                      00091         
                      00092 ; Vetor de Interrupção
                      00093 
0004                  00094         org             H'0004'                                         ; Origem do endereço do vetor de
                             Reset
                      00095         
                      00096 ; -- Salvamento de contexto --
                      00097 
0004   00A0           00098         movwf           W_TEMP                                          ; W_TEMP = w
0005   0E03           00099         swapf           STATUS,w                                        ; w = STATUS (com nibbles invert
                            idos)
0006   1283           00100         bank0                                                                   ; Seleciona o banco 0 de
                             memória
0007   00A1           00101         movwf           STATUS_TEMP                                     ; STATUS_TEMP = STATUS (com nibb
                            les invertidos)
                      00102         
                      00103 ; -- Fim do salvamento de contexto --
                      00104 
                      00105         ; Desenvolvimento da ISR...
                      00106         
0008   1C0C           00107         btfss           PIR1,TMR1IF                                     ; Testa se a flag TMR1IF setou, 
                            se sim, pula uma linha
0009   280E           00108         goto            exit_ISR                                        ; Se não, sai da interrupção
000A   100C           00109         bcf                     PIR1,TMR1IF                                     ; Limpa a flag TMR1IF
000B   178F           00110         bsf                     TMR1H,7                                         ; Recarrega <TMR1H::TMR1
                            L> = 8000h      
                      00111         
000C   3008           00112         movlw           H'08'                                           ; w = 08h
Message[305]: Using default destination of 1 (file).
000D   0685           00113         xorwf           PORTA                                           ; Inverte o estado de RA4 atravé
                            s da lógica XOR entra w e porta
                      00114         
                      00115 ; -- Recuperação de contexto --
MPASM  5.51                       RELOGIO.ASM   9-1-2020  10:53:11         PAGE  4


LOC  OBJECT CODE     LINE SOURCE TEXT
  VALUE

                      00116 
000E                  00117 exit_ISR:
                      00118 
000E   0E21           00119         swapf           STATUS_TEMP,w                           ; w = STATUS (com nibbles reinvertidos, 
                            isto é, STATUS original)
000F   0083           00120         movwf           STATUS                                          ; STATUS = STATUS (original)
0010   0EA0           00121         swapf           W_TEMP,F                                        ; W_TEMP = W_TEMP (com nibbles i
                            nvertidos)
0011   0E20           00122         swapf           W_TEMP,w                                        ; w = W_TEMP (com nibbles reinve
                            rtidos, isto é, w original)
                      00123         
0012   0009           00124         retfie                                                                  ; Retorna para execução 
                            principal
                      00125         
                      00126 ; -- Fim da recuperação de contexto -- 
                      00127 
                      00128 
                      00129 ; --- Programa principal ---
                      00130 
0013                  00131 inicio:
                      00132 
0013   1683           00133         bank1                                                                   ; Seleciona banco 1 de m
                            emória
0014   30F3           00134         movlw           H'F3'                                           ; w = F3h
Message[302]: Register in operand not in bank 0.  Ensure that bank bits are correct.
0015   0085           00135         movwf           TRISA                                           ; Configura apenas RA3 e RA2 com
                            o saídas digitais
0016   30FF           00136         movlw           H'FF'                                           ; w = FFh
Message[302]: Register in operand not in bank 0.  Ensure that bank bits are correct.
0017   0086           00137         movwf           TRISB                                           ; Configura todo portb como entr
                            ada digital
Message[302]: Register in operand not in bank 0.  Ensure that bank bits are correct.
0018   140C           00138         bsf                     PIE1,TMR1IE                                     ; Habilita a interrupção
                             por overflow do timer1
0019   1283           00139         bank0                                                                   ; Seleciona o banco 0 de
                             memória
001A   3007           00140         movlw           H'07'                                           ; w = 07h
001B   009F           00141         movwf           CMCON                                           ; Desabilita os comparadores int
                            ernos
001C   30C0           00142         movlw           H'C0'                                           ; w = C0h
001D   008B           00143         movwf           INTCON                                          ; Habilita a interrupção gloabal
                             e por periféricos
001E   300B           00144         movlw           H'0B'                                           ; w = 01h
001F   0090           00145         movwf           T1CON                                           ; liga o timer1, prescaler em 1:
                            1, liga osc externo e incrementa por clock externo
0020   30F3           00146         movlw           H'F3'                                           ; w = F3h
0021   0085           00147         movwf           PORTA                                           ; Inicia RA3 e RA2 em Low
0022   178F           00148         bsf                     TMR1H,7                                         ; Ou TMR1H = 10000000, i
                            nicia a contagem do timer1 com <TMR1H::TMR1L> = 8000h
                      00149 
                      00150 ; --- Loop infinito ---
                      00151 
0023   2823           00152         goto            $                                                       ; Mantém o programa pres
MPASM  5.51                       RELOGIO.ASM   9-1-2020  10:53:11         PAGE  5


LOC  OBJECT CODE     LINE SOURCE TEXT
  VALUE

                            o nesta linha, neste endereço de memória
                      00153         
                      00154         
                      00155         
                      00156         end                                                                             ; Fim do program
                            a
MPASM  5.51                       RELOGIO.ASM   9-1-2020  10:53:11         PAGE  6


SYMBOL TABLE
  LABEL                             VALUE 

ADDEN                             00000003
ADEN                              00000003
BRGH                              00000002
C                                 00000000
C1INV                             00000004
C1OUT                             00000006
C2INV                             00000005
C2OUT                             00000007
CCP1CON                           00000017
CCP1IE                            00000002
CCP1IF                            00000002
CCP1M0                            00000000
CCP1M1                            00000001
CCP1M2                            00000002
CCP1M3                            00000003
CCP1X                             00000005
CCP1Y                             00000004
CCPR1                             00000015
CCPR1H                            00000016
CCPR1L                            00000015
CIS                               00000003
CM0                               00000000
CM1                               00000001
CM2                               00000002
CMCON                             0000001F
CMIE                              00000006
CMIF                              00000006
CREN                              00000004
CSRC                              00000007
DATA_CP_OFF                       00003FFF
DATA_CP_ON                        00003EFF
DC                                00000001
EEADR                             0000009B
EECON1                            0000009C
EECON2                            0000009D
EEDATA                            0000009A
EEIE                              00000007
EEIF                              00000007
F                                 00000001
FERR                              00000002
FSR                               00000004
GIE                               00000007
INDF                              00000000
INTCON                            0000000B
INTE                              00000004
INTEDG                            00000006
INTF                              00000001
IRP                               00000007
NOT_BO                            00000000
NOT_BOD                           00000000
NOT_BOR                           00000000
NOT_PD                            00000003
NOT_POR                           00000001
MPASM  5.51                       RELOGIO.ASM   9-1-2020  10:53:11         PAGE  7


SYMBOL TABLE
  LABEL                             VALUE 

NOT_RBPU                          00000007
NOT_T1SYNC                        00000002
NOT_TO                            00000004
OERR                              00000001
OPTION_REG                        00000081
OSCF                              00000003
PCL                               00000002
PCLATH                            0000000A
PCON                              0000008E
PEIE                              00000006
PIE1                              0000008C
PIR1                              0000000C
PORTA                             00000005
PORTB                             00000006
PR2                               00000092
PS0                               00000000
PS1                               00000001
PS2                               00000002
PSA                               00000003
RA0                               00000000
RA1                               00000001
RA2                               00000002
RA3                               00000003
RA4                               00000004
RA5                               00000005
RA6                               00000006
RA7                               00000007
RB0                               00000000
RB1                               00000001
RB2                               00000002
RB3                               00000003
RB4                               00000004
RB5                               00000005
RB6                               00000006
RB7                               00000007
RBIE                              00000003
RBIF                              00000000
RCIE                              00000005
RCIF                              00000005
RCREG                             0000001A
RCSTA                             00000018
RD                                00000000
RP0                               00000005
RP1                               00000006
RX9                               00000006
RX9D                              00000000
SPBRG                             00000099
SPEN                              00000007
SREN                              00000005
STATUS                            00000003
STATUS_TEMP                       00000021
SYNC                              00000004
T0CS                              00000005
MPASM  5.51                       RELOGIO.ASM   9-1-2020  10:53:11         PAGE  8


SYMBOL TABLE
  LABEL                             VALUE 

T0IE                              00000005
T0IF                              00000002
T0SE                              00000004
T1CKPS0                           00000004
T1CKPS1                           00000005
T1CON                             00000010
T1OSCEN                           00000003
T2CKPS0                           00000000
T2CKPS1                           00000001
T2CON                             00000012
TMR0                              00000001
TMR0IE                            00000005
TMR0IF                            00000002
TMR1                              0000000E
TMR1CS                            00000001
TMR1H                             0000000F
TMR1IE                            00000000
TMR1IF                            00000000
TMR1L                             0000000E
TMR1ON                            00000000
TMR2                              00000011
TMR2IE                            00000001
TMR2IF                            00000001
TMR2ON                            00000002
TOUTPS0                           00000003
TOUTPS1                           00000004
TOUTPS2                           00000005
TOUTPS3                           00000006
TRISA                             00000085
TRISA0                            00000000
TRISA1                            00000001
TRISA2                            00000002
TRISA3                            00000003
TRISA4                            00000004
TRISA5                            00000005
TRISA6                            00000006
TRISA7                            00000007
TRISB                             00000086
TRISB0                            00000000
TRISB1                            00000001
TRISB2                            00000002
TRISB3                            00000003
TRISB4                            00000004
TRISB5                            00000005
TRISB6                            00000006
TRISB7                            00000007
TRMT                              00000001
TX9                               00000006
TX9D                              00000000
TXEN                              00000005
TXIE                              00000004
TXIF                              00000004
TXREG                             00000019
MPASM  5.51                       RELOGIO.ASM   9-1-2020  10:53:11         PAGE  9


SYMBOL TABLE
  LABEL                             VALUE 

TXSTA                             00000098
VR0                               00000000
VR1                               00000001
VR2                               00000002
VR3                               00000003
VRCON                             0000009F
VREN                              00000007
VROE                              00000006
VRR                               00000005
W                                 00000000
WR                                00000001
WREN                              00000002
WRERR                             00000003
W_TEMP                            00000020
Z                                 00000002
_BODEN_OFF                        00003FBF
_BODEN_ON                         00003FFF
_BOREN_OFF                        00003FBF
_BOREN_ON                         00003FFF
_CONFIG                           00002007
_CPD_OFF                          00003FFF
_CPD_ON                           00003EFF
_CP_OFF                           00003FFF
_CP_ON                            00001FFF
_DEVID1                           00002006
_ER_OSC_CLKOUT                    00003FFF
_ER_OSC_NOCLKOUT                  00003FFE
_EXTCLK_OSC                       00003FEF
_FOSC_ECIO                        00003FEF
_FOSC_EXTRCCLK                    00003FFF
_FOSC_EXTRCIO                     00003FFE
_FOSC_HS                          00003FEE
_FOSC_INTOSCCLK                   00003FFD
_FOSC_INTOSCIO                    00003FFC
_FOSC_LP                          00003FEC
_FOSC_XT                          00003FED
_HS_OSC                           00003FEE
_IDLOC0                           00002000
_IDLOC1                           00002001
_IDLOC2                           00002002
_IDLOC3                           00002003
_INTOSC_OSC_CLKOUT                00003FFD
_INTOSC_OSC_NOCLKOUT              00003FFC
_INTRC_OSC_CLKOUT                 00003FFD
_INTRC_OSC_NOCLKOUT               00003FFC
_LP_OSC                           00003FEC
_LVP_OFF                          00003F7F
_LVP_ON                           00003FFF
_MCLRE_OFF                        00003FDF
_MCLRE_ON                         00003FFF
_PWRTE_OFF                        00003FFF
_PWRTE_ON                         00003FF7
_RC_OSC_CLKOUT                    00003FFF
MPASM  5.51                       RELOGIO.ASM   9-1-2020  10:53:11         PAGE 10


SYMBOL TABLE
  LABEL                             VALUE 

_RC_OSC_NOCLKOUT                  00003FFE
_WDTE_OFF                         00003FFB
_WDTE_ON                          00003FFF
_WDT_OFF                          00003FFB
_WDT_ON                           00003FFF
_XT_OSC                           00003FED
__16F628A                         00000001
__DEBUG                           1
bank0                             bcf     STATUS,RP0
bank1                             bsf     STATUS,RP0
botao1                            PORTB,0
exit_ISR                          0000000E
inicio                            00000013
led1                              PORTA,3
led2                              PORTA,2


MEMORY USAGE MAP ('X' = Used,  '-' = Unused)

0000 : X---XXXXXXXXXXXX XXXXXXXXXXXXXXXX XXXX------------ ----------------
2000 : -------X-------- ---------------- ---------------- ----------------

All other memory blocks unused.

Program Memory Words Used:    33
Program Memory Words Free:  2015


Errors   :     0
Warnings :     0 reported,     0 suppressed
Messages :     4 reported,     0 suppressed

