MPASM  5.51                WATCHDOGTIMER2.ASM   9-2-2020  18:11:36         PAGE  1


LOC  OBJECT CODE     LINE SOURCE TEXT
  VALUE

                      00001 ;
                      00002 ;               O objetivo deste programa é demonstrar o uso prático do Watch Dog Timer. O programa fará
                             com que um led pisque
                      00003 ;       a cada 500ms, simulando um atuador de indústria, por exemplo. Quando algum problema acontencer, 
                            o led, ou o atuador
                      00004 ;       da industria, não pode continuar ligado indefinidamente por causa deste problema. Por isso, ativ
                            a-se o WDT e, caso 
                      00005 ;       ocorra o tal problema, o WDT reinicia o programa e desliga o led ou o atuador. 
                      00006 ;               Para que isso funcione corretamente, a saída que controla o led ou o atuador deve inicia
                            r desligado, para caso 
                      00007 ;       haja algum problema, o WDT reinicia e esta saída permaneça desligada.
                      00008 ;               Para contar os 500ms de oscilação do led, será utilizado e configuado o timer1. Ainda, p
                            ara simular o erro de
                      00009 ;       funcionamento do Pic, o cristal oscilador será retirado, demonstrando que o WDT reinicia o progr
                            ama e mantém a 
                      00010 ;       saída do led ou atuador desligada até que seja corrigido o problema. 
                      00011 ;
                      00012 ;       *** Timer 1 ***
                      00013 ;       
                      00014 ;       Overflow = (65536 - <TMR1H::TMR1L>) * prescaler * ciclo de máquina
                      00015 ;               
                      00016 ;                                                                                       Overflow
                      00017 ;       (65536 - <TMR1H::TMR1L>) =      ---------------------------------
                      00018 ;                                                                  prescaler * ciclo de máquina 
                      00019 ;
                      00020 ;                                                                               Overflow
                      00021 ;       <TMR1H::TMR1L> = 65536 - ---------------------------------
                      00022 ;                                                               prescaler * ciclo de máquina
                      00023 ;
                      00024 ;                                                          500ms
                      00025 ;       <TMR1H::TMR1L> = 65536 - --------- = 3036
                      00026 ;                                                         4 * 1us
                      00027 ;
                      00028 ;       <TMR1H::TMR1L> = 3036d = 0BDCh
                      00029 ;
                      00030 ;       TMR1H = 0Bh
                      00031 ;       TMR1L = DCh                     
                      00032 ;
                      00033 
Warning[205]: Found directive in column 1. (list)
                      00034 list            p=16f628a                                       ; Informa o microcontrolador utilizado
                      00035         
                      00036 ; --- Documentação ---
                      00037 
                      00038         #include        <p16f628a.inc>                          ; Inclui o documento que contém os regis
                            tradores do Pic
                      00001         LIST
                      00002 
                      00003 ;==========================================================================
                      00004 ;  MPASM PIC16F628A processor include
                      00005 ; 
                      00006 ;  (c) Copyright 1999-2013 Microchip Technology, All rights reserved
                      00007 ;==========================================================================
MPASM  5.51                WATCHDOGTIMER2.ASM   9-2-2020  18:11:36         PAGE  2


LOC  OBJECT CODE     LINE SOURCE TEXT
  VALUE

                      00008 
                      00385         LIST
                      00039         
                      00040         
                      00041 ; --- Fuse bits ---
                      00042         
2007   3F25           00043         __config        _XT_OSC & _WDT_ON & _PWRTE_ON & _MCLRE_ON & _BOREN_OFF & _LVP_OFF & _CPD_OFF & _
                            CP_OFF
                      00044         
                      00045 ; Configura clock em 4MHz, liga o WatchDog Timer, liga o Power Up Timer e liga o Master Clear
                      00046 
                      00047 ; --- Paginação de memória ---
                      00048 
                      00049         #define         bank0   bcf     STATUS,RP0              ; Cria mnemônico para selecionar o banco
                             0 de memória
                      00050         #define         bank1   bsf     STATUS,RP0              ; Cria mnemônico para selecionar o banco
                             1 de memória
                      00051         
                      00052 ; --- Mapeamento de hardware ---
                      00053 
                      00054         #define         led1    PORTA,3                         ; Cria mnemônico para led1 em RA3
                      00055         #define         led2    PORTA,2                         ; Cria mnemônico para led2 em RA2
                      00056         #define         botao1  PORTB,0                         ; Cria mnemônico para botao1 em RB0
                      00057         #define         botao2  PORTB,1                         ; Cria mnemônico para botao2 em RB1
                      00058         
                      00059 ; --- Registradores de uso geral ---
                      00060 
                      00061         cblock          H'20'                                           ; Endereço para início de config
                            urações de registradores de uso geral
                      00062         
  00000020            00063         W_TEMP                                                                  ; Armazena o conteúdo de
                             W temporariamente
  00000021            00064         STATUS_TEMP                                                             ; Armazena o conteúdo de
                             STATUS temporariamente
                      00065         
                      00066         
                      00067         endc                                                                    ; Fim da configuração de
                             registradores de uso geral
                      00068         
                      00069 ; --- Vetor de Reset ---
                      00070 
0000                  00071         org                     H'0000'                                         ; Origem do endereço do 
                            vetor de Reset
                      00072         
0000   2812           00073         goto            inicio                                          ; Desvia para programa principal
                      00074         
                      00075 ; --- Vetor de Interrupção ---  
                      00076 
0004                  00077         org             H'0004'                                         ; Origem do endereço do vetor de
                             Interrupção
                      00078         
                      00079 ; -- Salvamento de contexto --
                      00080 
MPASM  5.51                WATCHDOGTIMER2.ASM   9-2-2020  18:11:36         PAGE  3


LOC  OBJECT CODE     LINE SOURCE TEXT
  VALUE

0004   00A0           00081         movwf           W_TEMP                                          ; W_TEMP = w
0005   0E03           00082         swapf           STATUS,w                                        ; w = STATUS (com nibbles invert
                            idos)
0006   1283           00083         bank0                                                                   ; Seleciona o banco 0 de
                             memória
0007   00A1           00084         movwf           STATUS_TEMP                                     ; STATUS_TEMP = STATUS (com nibb
                            les invertidos)
                      00085         
                      00086 ; -- Fim do salvamento de memória --
                      00087 
                      00088         ; Desenvolvimento da ISR...
                      00089         
                      00090 ; ***** Timer 1 *****
                      00091 
0008   1C0C           00092         btfss           PIR1,TMR1IF                                     ; Testa se a flag TMR1IF setou, 
                            se sim, pla uma linha
0009   280D           00093         goto            exit_ISR                                        ; Se não setou, sai da interrupç
                            ão
000A   100C           00094         bcf                     PIR1,TMR1IF                                     ; Limpa flag TMR1IF
                      00095         
000B   3008           00096         movlw           H'08'                                           ; w = 08h
000C   0685           00097         xorwf           PORTA,F                                         ; Faz lógica XOR entre w e PORTA
                             para mudar estado de RA3
                      00098 
                      00099 ; ***** Fim do Timer1 *****
                      00100         
                      00101 ; -- Recuperação de contexto -- 
                      00102 
000D                  00103 exit_ISR:
                      00104 
000D   0E21           00105         swapf           STATUS_TEMP,w                           ; w = STATUS(com nibbles reinvertidos)
000E   0083           00106         movwf           STATUS                                          ; STATUS = STATUS (original)
000F   0EA0           00107         swapf           W_TEMP,F                                        ; W_TEMP = w (com nibbles invert
                            idos)
0010   0E20           00108         swapf           W_TEMP,w                                        ; w = w (original)
                      00109         
0011   0009           00110         retfie                                                                  ; Sai da interrupção, vo
                            lta para o endereço do memória onde foi interrompido
                      00111 
                      00112 ; -- Fim da recuperação de contexto --
                      00113 
                      00114 ; --- Programa principal
                      00115 
0012                  00116 inicio:
                      00117 
0012   1683           00118         bank1                                                                   ; Seleciona o banco 1 de
                             memória
0013   30F7           00119         movlw           H'F7'                                           ; w = F7h
Message[302]: Register in operand not in bank 0.  Ensure that bank bits are correct.
0014   0085           00120         movwf           TRISA                                           ; Configura apenas RA3 saída dig
                            ital
0015   30FF           00121         movlw           H'FF'                                           ; w = FFh
Message[302]: Register in operand not in bank 0.  Ensure that bank bits are correct.
MPASM  5.51                WATCHDOGTIMER2.ASM   9-2-2020  18:11:36         PAGE  4


LOC  OBJECT CODE     LINE SOURCE TEXT
  VALUE

0016   0086           00122         movwf           TRISB                                           ; Configura todo portb como entr
                            ada digital
0017   308B           00123         movlw           H'8B'                                           ; w = 8Eh
Message[302]: Register in operand not in bank 0.  Ensure that bank bits are correct.
0018   0081           00124         movwf           OPTION_REG                                      ; Configura o prescaler associad
                            o ao WDT, em 1:8
Message[302]: Register in operand not in bank 0.  Ensure that bank bits are correct.
0019   140C           00125         bsf                     PIE1,TMR1IE                                     ; Liga a interrupção por
                             overflow do timer1
001A   1283           00126         bank0                                                                   ; Seleciona o banco 0 de
                             memória
001B   3007           00127         movlw           H'07'                                           ; w = 07h
001C   009F           00128         movwf           CMCON                                           ; Desabilita os comparadores int
                            ernos
001D   30C0           00129         movlw           H'C0'                                           ; w = A0h
001E   008B           00130         movwf           INTCON                                          ; Ativa a interrupção global e p
                            or periféricos
001F   3031           00131         movlw           H'31'                                           ; w = 31h
0020   0090           00132         movwf           T1CON                                           ; Liga o timer1, incrementa pelo
                             ciclo de máquina e prescaler em 1:8
0021   300B           00133         movlw           H'0B'                                           ; w = 0Bh
0022   008F           00134         movwf           TMR1H                                           ; Inicia TMR1H = 0Bh
0023   30DC           00135         movlw           H'DC'                                           ; w = DCh
0024   008E           00136         movwf           TMR1L                                           ; Inicia TMR1L = DCh            
                                    
                      00137         
0025   1185           00138         bcf                     led1                                            ; Inicia led1 desligado
                      00139         
                      00140 
                      00141 ; --- Loop infinito ---
                      00142 
0026                  00143 loop:                                                                           ; Cria label para loop i
                            nfinito
                      00144 
0026   0064           00145         clrwdt                                                                  ; Limpa a contagem do Wa
                            tch Dog Timer
                      00146 
Warning[203]: Found opcode in column 1. (goto)
0027   2826           00147 goto loop                                                                       ; Desvia para loop infin
                            ito
                      00148 
                      00149 ; --- Final do programa ---
                      00150 
Warning[205]: Found directive in column 1. (end)
                      00151 end                                                                             ; Final do programa
MPASM  5.51                WATCHDOGTIMER2.ASM   9-2-2020  18:11:36         PAGE  5


SYMBOL TABLE
  LABEL                             VALUE 

ADDEN                             00000003
ADEN                              00000003
BRGH                              00000002
C                                 00000000
C1INV                             00000004
C1OUT                             00000006
C2INV                             00000005
C2OUT                             00000007
CCP1CON                           00000017
CCP1IE                            00000002
CCP1IF                            00000002
CCP1M0                            00000000
CCP1M1                            00000001
CCP1M2                            00000002
CCP1M3                            00000003
CCP1X                             00000005
CCP1Y                             00000004
CCPR1                             00000015
CCPR1H                            00000016
CCPR1L                            00000015
CIS                               00000003
CM0                               00000000
CM1                               00000001
CM2                               00000002
CMCON                             0000001F
CMIE                              00000006
CMIF                              00000006
CREN                              00000004
CSRC                              00000007
DATA_CP_OFF                       00003FFF
DATA_CP_ON                        00003EFF
DC                                00000001
EEADR                             0000009B
EECON1                            0000009C
EECON2                            0000009D
EEDATA                            0000009A
EEIE                              00000007
EEIF                              00000007
F                                 00000001
FERR                              00000002
FSR                               00000004
GIE                               00000007
INDF                              00000000
INTCON                            0000000B
INTE                              00000004
INTEDG                            00000006
INTF                              00000001
IRP                               00000007
NOT_BO                            00000000
NOT_BOD                           00000000
NOT_BOR                           00000000
NOT_PD                            00000003
NOT_POR                           00000001
MPASM  5.51                WATCHDOGTIMER2.ASM   9-2-2020  18:11:36         PAGE  6


SYMBOL TABLE
  LABEL                             VALUE 

NOT_RBPU                          00000007
NOT_T1SYNC                        00000002
NOT_TO                            00000004
OERR                              00000001
OPTION_REG                        00000081
OSCF                              00000003
PCL                               00000002
PCLATH                            0000000A
PCON                              0000008E
PEIE                              00000006
PIE1                              0000008C
PIR1                              0000000C
PORTA                             00000005
PORTB                             00000006
PR2                               00000092
PS0                               00000000
PS1                               00000001
PS2                               00000002
PSA                               00000003
RA0                               00000000
RA1                               00000001
RA2                               00000002
RA3                               00000003
RA4                               00000004
RA5                               00000005
RA6                               00000006
RA7                               00000007
RB0                               00000000
RB1                               00000001
RB2                               00000002
RB3                               00000003
RB4                               00000004
RB5                               00000005
RB6                               00000006
RB7                               00000007
RBIE                              00000003
RBIF                              00000000
RCIE                              00000005
RCIF                              00000005
RCREG                             0000001A
RCSTA                             00000018
RD                                00000000
RP0                               00000005
RP1                               00000006
RX9                               00000006
RX9D                              00000000
SPBRG                             00000099
SPEN                              00000007
SREN                              00000005
STATUS                            00000003
STATUS_TEMP                       00000021
SYNC                              00000004
T0CS                              00000005
MPASM  5.51                WATCHDOGTIMER2.ASM   9-2-2020  18:11:36         PAGE  7


SYMBOL TABLE
  LABEL                             VALUE 

T0IE                              00000005
T0IF                              00000002
T0SE                              00000004
T1CKPS0                           00000004
T1CKPS1                           00000005
T1CON                             00000010
T1OSCEN                           00000003
T2CKPS0                           00000000
T2CKPS1                           00000001
T2CON                             00000012
TMR0                              00000001
TMR0IE                            00000005
TMR0IF                            00000002
TMR1                              0000000E
TMR1CS                            00000001
TMR1H                             0000000F
TMR1IE                            00000000
TMR1IF                            00000000
TMR1L                             0000000E
TMR1ON                            00000000
TMR2                              00000011
TMR2IE                            00000001
TMR2IF                            00000001
TMR2ON                            00000002
TOUTPS0                           00000003
TOUTPS1                           00000004
TOUTPS2                           00000005
TOUTPS3                           00000006
TRISA                             00000085
TRISA0                            00000000
TRISA1                            00000001
TRISA2                            00000002
TRISA3                            00000003
TRISA4                            00000004
TRISA5                            00000005
TRISA6                            00000006
TRISA7                            00000007
TRISB                             00000086
TRISB0                            00000000
TRISB1                            00000001
TRISB2                            00000002
TRISB3                            00000003
TRISB4                            00000004
TRISB5                            00000005
TRISB6                            00000006
TRISB7                            00000007
TRMT                              00000001
TX9                               00000006
TX9D                              00000000
TXEN                              00000005
TXIE                              00000004
TXIF                              00000004
TXREG                             00000019
MPASM  5.51                WATCHDOGTIMER2.ASM   9-2-2020  18:11:36         PAGE  8


SYMBOL TABLE
  LABEL                             VALUE 

TXSTA                             00000098
VR0                               00000000
VR1                               00000001
VR2                               00000002
VR3                               00000003
VRCON                             0000009F
VREN                              00000007
VROE                              00000006
VRR                               00000005
W                                 00000000
WR                                00000001
WREN                              00000002
WRERR                             00000003
W_TEMP                            00000020
Z                                 00000002
_BODEN_OFF                        00003FBF
_BODEN_ON                         00003FFF
_BOREN_OFF                        00003FBF
_BOREN_ON                         00003FFF
_CONFIG                           00002007
_CPD_OFF                          00003FFF
_CPD_ON                           00003EFF
_CP_OFF                           00003FFF
_CP_ON                            00001FFF
_DEVID1                           00002006
_ER_OSC_CLKOUT                    00003FFF
_ER_OSC_NOCLKOUT                  00003FFE
_EXTCLK_OSC                       00003FEF
_FOSC_ECIO                        00003FEF
_FOSC_EXTRCCLK                    00003FFF
_FOSC_EXTRCIO                     00003FFE
_FOSC_HS                          00003FEE
_FOSC_INTOSCCLK                   00003FFD
_FOSC_INTOSCIO                    00003FFC
_FOSC_LP                          00003FEC
_FOSC_XT                          00003FED
_HS_OSC                           00003FEE
_IDLOC0                           00002000
_IDLOC1                           00002001
_IDLOC2                           00002002
_IDLOC3                           00002003
_INTOSC_OSC_CLKOUT                00003FFD
_INTOSC_OSC_NOCLKOUT              00003FFC
_INTRC_OSC_CLKOUT                 00003FFD
_INTRC_OSC_NOCLKOUT               00003FFC
_LP_OSC                           00003FEC
_LVP_OFF                          00003F7F
_LVP_ON                           00003FFF
_MCLRE_OFF                        00003FDF
_MCLRE_ON                         00003FFF
_PWRTE_OFF                        00003FFF
_PWRTE_ON                         00003FF7
_RC_OSC_CLKOUT                    00003FFF
MPASM  5.51                WATCHDOGTIMER2.ASM   9-2-2020  18:11:36         PAGE  9


SYMBOL TABLE
  LABEL                             VALUE 

_RC_OSC_NOCLKOUT                  00003FFE
_WDTE_OFF                         00003FFB
_WDTE_ON                          00003FFF
_WDT_OFF                          00003FFB
_WDT_ON                           00003FFF
_XT_OSC                           00003FED
__16F628A                         00000001
__DEBUG                           1
bank0                             bcf     STATUS,RP0
bank1                             bsf     STATUS,RP0
botao1                            PORTB,0
botao2                            PORTB,1
exit_ISR                          0000000D
inicio                            00000012
led1                              PORTA,3
led2                              PORTA,2
loop                              00000026


MEMORY USAGE MAP ('X' = Used,  '-' = Unused)

0000 : X---XXXXXXXXXXXX XXXXXXXXXXXXXXXX XXXXXXXX-------- ----------------
2000 : -------X-------- ---------------- ---------------- ----------------

All other memory blocks unused.

Program Memory Words Used:    37
Program Memory Words Free:  2011


Errors   :     0
Warnings :     3 reported,     0 suppressed
Messages :     4 reported,     0 suppressed

