MPASM  5.51                ENTRADASSAIDAS.ASM   8-21-2020  9:15:40         PAGE  1


LOC  OBJECT CODE     LINE SOURCE TEXT
  VALUE

                      00001 ;
                      00002 ;               PIC16F628A                      Clock = 4 MHz   
                      00003 ;
                      00004 ;               O objetivo deste programa é configurar as entradas e saídas do programa, com leds e botã
                            o
                      00005 ;
                      00006 ;               Mesmo configurando TRISA com 13h, ele é configurado pelo compilador com 33h, pois RA5 é 
                            o pino master clear, que
                      00007 ;       é sempre configurado como entrada. 
                      00008 ;
                      00009         
                      00010 
                      00011         list p=16F628A                                                  ; Informa o microcontrolador uti
                            lizado
                      00012         
                      00013 ; --- Inclusão de arquivos ---
                      00014 
                      00015         #include <p16f628a.inc>                                 ; Inclui o arquivo de registradores do m
                            cu
                      00001         LIST
                      00002 
                      00003 ;==========================================================================
                      00004 ;  MPASM PIC16F628A processor include
                      00005 ; 
                      00006 ;  (c) Copyright 1999-2013 Microchip Technology, All rights reserved
                      00007 ;==========================================================================
                      00008 
                      00385         LIST
                      00016         
                      00017 ; --- Fuse bits ---
                      00018 
                      00019 ;       - Clock externo de 4MHz
                      00020 ;       - Watch Dog Timer desligado
                      00021 ;       - Power Up Time ligado
                      00022 ;       - Master Clear ligado
                      00023 ;       - Brown Out Detect desligado
                      00024 ;       - Programação em baixa tensão desligada
                      00025 ;       - Proteção de código desligada
                      00026 ;       - Proteção da memória EEPROM desligada
                      00027 
2007   3F21           00028         __config _XT_OSC & _WDT_OFF & _PWRTE_ON & _MCLRE_ON & _BOREN_OFF & _LVP_OFF & _CPD_OFF & _CP_OFF
                      00029         
                      00030         
                      00031 ;       ---     Paginação de memória ---
                      00032 
                      00033         #define bank0   bcf     STATUS,RP0                      ; Cria um mnemônico para selecionar o ba
                            nco 0 de memória        
                      00034         #define bank1   bsf     STATUS,RP0                      ; Cria um mnemônico para selecionar o ba
                            nco 1 de memória
                      00035         
                      00036 ;       --- Saídas ---
                      00037 
                      00038         #define led1    PORTA,3                                 ; Cria um mnemônico para ligar e desliga
MPASM  5.51                ENTRADASSAIDAS.ASM   8-21-2020  9:15:40         PAGE  2


LOC  OBJECT CODE     LINE SOURCE TEXT
  VALUE

                            r led1
                      00039         #define led2    PORTA,2                                 ; Cria um mnemônico para ligar e desliga
                            r led2
                      00040         
                      00041 ;       --- Entradas ---
                      00042 
                      00043         #define botao1  PORTB,0                                 ; Cria um mnemônico para botao1
                      00044         
                      00045 ;       --- Vetor de reset
                      00046 
0000                  00047         org             H'0000'                                                 ; Origem no endereço 00h
                             de memória
0000   2805           00048         goto    inicio                                                  ; Desvia para a label inicio
                      00049         
                      00050 ;       --- Vetor de interrupção
                      00051 
0004                  00052         org             H'0004'                                                 ; As interrupções do pro
                            cessador apontar para o endereço 0004h
0004   0009           00053         retfie                                                                  ; Retorna da interrupção
                      00054         
0005                  00055 inicio:
                      00056 
0005   1283           00057         bank0                                                                   ; Seleciona o banco 0 de
                             memória
0006   3007           00058         movlw   H'07'                                                   ; w= 07h
0007   009F           00059         movwf   CMCON                                                   ; CMCON = 07h
0008   1683           00060         bank1                                                                   ; Seleciona o banco 1 de
                             memória
0009   3013           00061         movlw   H'13'                                                   ; w = 13h
Message[302]: Register in operand not in bank 0.  Ensure that bank bits are correct.
000A   0085           00062         movwf   TRISA                                                   ; TRISA = w, configura apenas RA
                            2 e RA3 como saídas digitais
000B   30FF           00063         movlw   H'FF'                                                   ; w = 00h
Message[302]: Register in operand not in bank 0.  Ensure that bank bits are correct.
000C   0086           00064         movwf   TRISB                                                   ; TRISB = 00h, configura todos o
                            s pinos do portb como saída digital
000D   1283           00065         bank0                                                                   ; Seleciona o banco 0 de
                             memória
                      00066         
000E   1185           00067         bcf             led1                                                    ; Inicia led1 em Low
000F   1105           00068         bcf             led2                                                    ; Inicia led2 em Low
                      00069         
                      00070 ;               Mesmo configurando TRISA com 13h, o compilador o carrega com 33h, pois RA5 refere-se ao 
                            master clear, e esse só
                      00071 ;       pode ser configurado como entrada. 
                      00072         
Warning[207]: Found label after column 1. (loop)
0010                  00073         loop:
                      00074         
0010   2810           00075         goto loop                                                               ; Loop infinito
                      00076         
                      00077         
                      00078         
MPASM  5.51                ENTRADASSAIDAS.ASM   8-21-2020  9:15:40         PAGE  3


LOC  OBJECT CODE     LINE SOURCE TEXT
  VALUE

                      00079         
                      00080         end                                                                             ; Final do progr
                            ama 
MPASM  5.51                ENTRADASSAIDAS.ASM   8-21-2020  9:15:40         PAGE  4


SYMBOL TABLE
  LABEL                             VALUE 

ADDEN                             00000003
ADEN                              00000003
BRGH                              00000002
C                                 00000000
C1INV                             00000004
C1OUT                             00000006
C2INV                             00000005
C2OUT                             00000007
CCP1CON                           00000017
CCP1IE                            00000002
CCP1IF                            00000002
CCP1M0                            00000000
CCP1M1                            00000001
CCP1M2                            00000002
CCP1M3                            00000003
CCP1X                             00000005
CCP1Y                             00000004
CCPR1                             00000015
CCPR1H                            00000016
CCPR1L                            00000015
CIS                               00000003
CM0                               00000000
CM1                               00000001
CM2                               00000002
CMCON                             0000001F
CMIE                              00000006
CMIF                              00000006
CREN                              00000004
CSRC                              00000007
DATA_CP_OFF                       00003FFF
DATA_CP_ON                        00003EFF
DC                                00000001
EEADR                             0000009B
EECON1                            0000009C
EECON2                            0000009D
EEDATA                            0000009A
EEIE                              00000007
EEIF                              00000007
F                                 00000001
FERR                              00000002
FSR                               00000004
GIE                               00000007
INDF                              00000000
INTCON                            0000000B
INTE                              00000004
INTEDG                            00000006
INTF                              00000001
IRP                               00000007
NOT_BO                            00000000
NOT_BOD                           00000000
NOT_BOR                           00000000
NOT_PD                            00000003
NOT_POR                           00000001
MPASM  5.51                ENTRADASSAIDAS.ASM   8-21-2020  9:15:40         PAGE  5


SYMBOL TABLE
  LABEL                             VALUE 

NOT_RBPU                          00000007
NOT_T1SYNC                        00000002
NOT_TO                            00000004
OERR                              00000001
OPTION_REG                        00000081
OSCF                              00000003
PCL                               00000002
PCLATH                            0000000A
PCON                              0000008E
PEIE                              00000006
PIE1                              0000008C
PIR1                              0000000C
PORTA                             00000005
PORTB                             00000006
PR2                               00000092
PS0                               00000000
PS1                               00000001
PS2                               00000002
PSA                               00000003
RA0                               00000000
RA1                               00000001
RA2                               00000002
RA3                               00000003
RA4                               00000004
RA5                               00000005
RA6                               00000006
RA7                               00000007
RB0                               00000000
RB1                               00000001
RB2                               00000002
RB3                               00000003
RB4                               00000004
RB5                               00000005
RB6                               00000006
RB7                               00000007
RBIE                              00000003
RBIF                              00000000
RCIE                              00000005
RCIF                              00000005
RCREG                             0000001A
RCSTA                             00000018
RD                                00000000
RP0                               00000005
RP1                               00000006
RX9                               00000006
RX9D                              00000000
SPBRG                             00000099
SPEN                              00000007
SREN                              00000005
STATUS                            00000003
SYNC                              00000004
T0CS                              00000005
T0IE                              00000005
MPASM  5.51                ENTRADASSAIDAS.ASM   8-21-2020  9:15:40         PAGE  6


SYMBOL TABLE
  LABEL                             VALUE 

T0IF                              00000002
T0SE                              00000004
T1CKPS0                           00000004
T1CKPS1                           00000005
T1CON                             00000010
T1OSCEN                           00000003
T2CKPS0                           00000000
T2CKPS1                           00000001
T2CON                             00000012
TMR0                              00000001
TMR0IE                            00000005
TMR0IF                            00000002
TMR1                              0000000E
TMR1CS                            00000001
TMR1H                             0000000F
TMR1IE                            00000000
TMR1IF                            00000000
TMR1L                             0000000E
TMR1ON                            00000000
TMR2                              00000011
TMR2IE                            00000001
TMR2IF                            00000001
TMR2ON                            00000002
TOUTPS0                           00000003
TOUTPS1                           00000004
TOUTPS2                           00000005
TOUTPS3                           00000006
TRISA                             00000085
TRISA0                            00000000
TRISA1                            00000001
TRISA2                            00000002
TRISA3                            00000003
TRISA4                            00000004
TRISA5                            00000005
TRISA6                            00000006
TRISA7                            00000007
TRISB                             00000086
TRISB0                            00000000
TRISB1                            00000001
TRISB2                            00000002
TRISB3                            00000003
TRISB4                            00000004
TRISB5                            00000005
TRISB6                            00000006
TRISB7                            00000007
TRMT                              00000001
TX9                               00000006
TX9D                              00000000
TXEN                              00000005
TXIE                              00000004
TXIF                              00000004
TXREG                             00000019
TXSTA                             00000098
MPASM  5.51                ENTRADASSAIDAS.ASM   8-21-2020  9:15:40         PAGE  7


SYMBOL TABLE
  LABEL                             VALUE 

VR0                               00000000
VR1                               00000001
VR2                               00000002
VR3                               00000003
VRCON                             0000009F
VREN                              00000007
VROE                              00000006
VRR                               00000005
W                                 00000000
WR                                00000001
WREN                              00000002
WRERR                             00000003
Z                                 00000002
_BODEN_OFF                        00003FBF
_BODEN_ON                         00003FFF
_BOREN_OFF                        00003FBF
_BOREN_ON                         00003FFF
_CONFIG                           00002007
_CPD_OFF                          00003FFF
_CPD_ON                           00003EFF
_CP_OFF                           00003FFF
_CP_ON                            00001FFF
_DEVID1                           00002006
_ER_OSC_CLKOUT                    00003FFF
_ER_OSC_NOCLKOUT                  00003FFE
_EXTCLK_OSC                       00003FEF
_FOSC_ECIO                        00003FEF
_FOSC_EXTRCCLK                    00003FFF
_FOSC_EXTRCIO                     00003FFE
_FOSC_HS                          00003FEE
_FOSC_INTOSCCLK                   00003FFD
_FOSC_INTOSCIO                    00003FFC
_FOSC_LP                          00003FEC
_FOSC_XT                          00003FED
_HS_OSC                           00003FEE
_IDLOC0                           00002000
_IDLOC1                           00002001
_IDLOC2                           00002002
_IDLOC3                           00002003
_INTOSC_OSC_CLKOUT                00003FFD
_INTOSC_OSC_NOCLKOUT              00003FFC
_INTRC_OSC_CLKOUT                 00003FFD
_INTRC_OSC_NOCLKOUT               00003FFC
_LP_OSC                           00003FEC
_LVP_OFF                          00003F7F
_LVP_ON                           00003FFF
_MCLRE_OFF                        00003FDF
_MCLRE_ON                         00003FFF
_PWRTE_OFF                        00003FFF
_PWRTE_ON                         00003FF7
_RC_OSC_CLKOUT                    00003FFF
_RC_OSC_NOCLKOUT                  00003FFE
_WDTE_OFF                         00003FFB
MPASM  5.51                ENTRADASSAIDAS.ASM   8-21-2020  9:15:40         PAGE  8


SYMBOL TABLE
  LABEL                             VALUE 

_WDTE_ON                          00003FFF
_WDT_OFF                          00003FFB
_WDT_ON                           00003FFF
_XT_OSC                           00003FED
__16F628A                         00000001
__DEBUG                           1
bank0                             bcf     STATUS,RP0
bank1                             bsf     STATUS,RP0
botao1                            PORTB,0
inicio                            00000005
led1                              PORTA,3
led2                              PORTA,2
loop                              00000010


MEMORY USAGE MAP ('X' = Used,  '-' = Unused)

0000 : X---XXXXXXXXXXXX X--------------- ---------------- ----------------
2000 : -------X-------- ---------------- ---------------- ----------------

All other memory blocks unused.

Program Memory Words Used:    14
Program Memory Words Free:  2034


Errors   :     0
Warnings :     1 reported,     0 suppressed
Messages :     2 reported,     0 suppressed

