MPASM  5.51                     PWM10BITS.ASM   8-27-2020  11:59:44         PAGE  1


LOC  OBJECT CODE     LINE SOURCE TEXT
  VALUE

                      00001 ;
                      00002 ;               O objetivo deste programa é configurar o PWM em 10 bits e calcular o semiciclo ativo, qu
                            e nada mais é do que o 
                      00003 ;       semiciclo do PWM em que o sinal está em High. Para isso, será calculado o valor necessário para 
                            inicia o contador de
                      00004 ;       10 bits (<CCPR1L::CCP1L<5:4>), para que o semiciclo ativo tenha 45% do período.
                      00005 ;               Um fato interessanta é que neste porgrama não haverá rotina de interrupção de no loop in
                            finito. O programa ficará
                      00006 ;       preso em um endereço ("loop infinito") e, mesmo assim, o PWM será executado, pois é um recurso d
                            e hardware.
                      00007 ;
                      00008 ;               *** A equação para encontrar o período de oscilação do PWM é a seguinte: ***
                      00009 ;
                      00010 ;               Período PWM = (PR2 + 1) * ciclo de máquina * prescaler do timer2
                      00011 ;               Período PWM     = (49 + 1) * 1us * 16
                      00012 ;               período PWM     = 800us
                      00013 ;               Frequência PWM = 1250Hz
                      00014 ;
                      00015 ;               Semiciclo Ativo = (CCPR1L:CCP1CON<5:4>) * ciclo de oscilação * prescaler
                      00016 ;
                      00017 ;                                                            1              1
                      00018 ;               ciclo de oscilação =  -------- = -------- = 250ns
                      00019 ;                                                           Fosc           4MHz
                      00020 ;
                      00021 ;               *** TIMER0 ***
                      00022 ;
                      00023 ;               Overflow = (255 - TMR0) * prescale * ciclo de máquina
                      00024 ;               Overflow = 105 * 128 * 1us
                      00025 ;               Overflow = 13,4ms
                      00026 ;
                      00027 ;               Tanto na simulação quanto na prática o programa e o circuito funcionaram como esperado.
                      00028 ;
                      00029 
                      00030         list            p=16f628a                                       ; Informa o microcontrolador uti
                            lizado
                      00031         
                      00032 ; --- Inclusão de arquivos ---
                      00033 
                      00034         #include        <p16f628a.inc>                          ; Inclui o arquivos com os registradores
                             do Pic
                      00001         LIST
                      00002 
                      00003 ;==========================================================================
                      00004 ;  MPASM PIC16F628A processor include
                      00005 ; 
                      00006 ;  (c) Copyright 1999-2013 Microchip Technology, All rights reserved
                      00007 ;==========================================================================
                      00008 
                      00385         LIST
                      00035                 
                      00036 ; --- Fuse bits ---
                      00037 
2007   3F21           00038         __config _XT_OSC & _WDT_OFF & _PWRTE_ON & _MCLRE_ON & _BOREN_OFF & _LVP_OFF & _CPD_OFF & _CP_OFF
MPASM  5.51                     PWM10BITS.ASM   8-27-2020  11:59:44         PAGE  2


LOC  OBJECT CODE     LINE SOURCE TEXT
  VALUE

                      00039         
                      00040 ; Cristal externo de 4MHz, Power Up Timer habilitado e Master Clear habilitado
                      00041 
                      00042 ; --- Paginação de memória ---
                      00043 
                      00044         #define         bank0   bcf     STATUS,RP0              ; Cria mnemônico para selecionar o banco
                             0 de memória
                      00045         #define         bank1   bsf     STATUS,RP0              ; Cria mnemônico para selecionar o banco
                             1 de memória
                      00046         
                      00047 ; --- Mapeamento de hardware ---
                      00048 
                      00049         #define         led1            PORTA,3                 ; Cria mnemônico para led1 em RA3
                      00050         #define         led2            PORTA,2                 ; Cria mnemônico para led2 em RA2
                      00051         #define         botao1          PORTB,0                 ; Cria mnemônico para botao1 em RB0
                      00052         #define         botao2          PORTB,1                 ; Cria mnemônico para botao2 em RB1
                      00053         
                      00054 ; --- Registradores de uso geral ---
                      00055 
                      00056         cblock          H'20'                                           ; Endereço inicial para configur
                            ar os resgistradores de uso geral
                      00057         
  00000020            00058         W_TEMP                                                                  ; Armazena valor de W te
                            mporariamente
  00000021            00059         STATUS_TEMP                                                             ; Armazena o valor de ST
                            ATUS temporariamente
                      00060         
                      00061         endc                                                                    ; Termina a configuração
                             dos registradores de uso geral
                      00062         
                      00063         
                      00064 ; --- Vetor de Reset ---                        
                      00065 
0000                  00066         org                     H'0000'                                         ; Endereço de origem do 
                            vetor de Reset
                      00067         
0000   280D           00068         goto            inicio                                          ; Desvia para programa principal
                      00069         
                      00070         
                      00071 ; --- Vetor de interrupção ---
                      00072 
0004                  00073         org                     H'0004'                                         ; Endereço de origem do 
                            vetor de Interrupção
                      00074         
                      00075 ; -- Salvamento de contexto --
                      00076 
0004   00A0           00077         movwf           W_TEMP                                          ; W_TEMP = w
0005   0E03           00078         swapf           STATUS,w                                        ; w = STATUS (com nibbles invert
                            idos)
0006   1283           00079         bank0                                                                   ; Seleciona banco 0 de m
                            emória
0007   00A1           00080         movwf           STATUS_TEMP                                     ; STATUS_TEMP = STATUS (com nibb
                            les invertidos)
MPASM  5.51                     PWM10BITS.ASM   8-27-2020  11:59:44         PAGE  3


LOC  OBJECT CODE     LINE SOURCE TEXT
  VALUE

                      00081 
                      00082 ; -- Fim do salvamento de contexto --
                      00083 
                      00084         ; Desenvolvimento da ISR...
                      00085         
                      00086         
                      00087 ; -- Recuperação de contexto --
                      00088 
0008                  00089 exit_ISR:
                      00090 
0008   0E21           00091         swapf           STATUS_TEMP,w                           ; w = STATUS_TEMP (com nibbles reinverti
                            dos = STATUS original)
0009   0083           00092         movwf           STATUS                                          ; STATUS = STATUS_TEMP (STATUS o
                            riginal)
000A   0EA0           00093         swapf           W_TEMP,F                                        ; W_TEMP = W_TEMP (com nibbles i
                            nvertidos)
000B   0E20           00094         swapf           W_TEMP,w                                        ; w = W_TEMP (com nibbles reinve
                            rtidos = w original)
                      00095         
000C   0009           00096         retfie                                                                  ; Retorna ao loop infini
                            to
                      00097 
                      00098 ; -- Fim da recuperação de contexto -- 
                      00099 
                      00100 
                      00101 ; --- Inicio do programa principal ---
                      00102 
000D                  00103 inicio: 
                      00104 
000D   1683           00105         bank1                                                                   ; Seleciona banco 1 de m
                            emória
000E   3086           00106         movlw           H'86'                                           ; w = 86h
Message[302]: Register in operand not in bank 0.  Ensure that bank bits are correct.
000F   0081           00107         movwf           OPTION_REG                                      ; OPTION_REG = 86h, configura o 
                            prescaler do timer0 em 1:128 e desabilita os pull-ups internos
0010   30F3           00108         movlw           H'F3'                                           ; w = F3h
Message[302]: Register in operand not in bank 0.  Ensure that bank bits are correct.
0011   0085           00109         movwf           TRISA                                           ; TRISA = F3h, configura apenas 
                            RA3 e RA2 como saídas digitais
0012   30F7           00110         movlw           H'F7'                                           ; w = F7h
Message[302]: Register in operand not in bank 0.  Ensure that bank bits are correct.
0013   0086           00111         movwf           TRISB                                           ; TRISB = F7h, configura apenas 
                            RB3 como saída digital
0014   3031           00112         movlw           D'49'                                           ; w = 255d
Message[302]: Register in operand not in bank 0.  Ensure that bank bits are correct.
0015   0092           00113         movwf           PR2                                                     ; PR2 = 255d
0016   1283           00114         bank0                                                                   ; Seleciona banco 0 de m
                            emória
0017   3007           00115         movlw           H'07'                                           ; w = 07h
0018   009F           00116         movwf           CMCON                                           ; CMCON = 07h, desabilita os com
                            paradores internos
0019   30E0           00117         movlw           H'E0'                                           ; w = E0h
001A   008B           00118         movwf           INTCON                                          ; INTCON = E0h, habilita a inter
MPASM  5.51                     PWM10BITS.ASM   8-27-2020  11:59:44         PAGE  4


LOC  OBJECT CODE     LINE SOURCE TEXT
  VALUE

                            upção global, por periféricos e a interrupção do timer0
001B   3096           00119         movlw           D'150'                                          ; w = 150d
001C   0081           00120         movwf           TMR0                                            ; inicia contagem do TMR0 em 150
                            d
001D   3006           00121         movlw           H'06'                                           ; w = 06h
001E   0092           00122         movwf           T2CON                                           ; T2CON = 06h, habilita o timer 
                            2 e configura o prescaler 1:16
001F   300C           00123         movlw           H'0C'                                           ; w = 0Ch
0020   0097           00124         movwf           CCP1CON                                         ; CCP1CON = 0Ch, configura o mód
                            ulo CCP no modo PWM
                      00125         
0021   3016           00126         movlw           B'00010110'                                     ; w = 00010110b
0022   0095           00127         movwf           CCPR1L                                          ; CCPR1L = 00010110b
0023   1697           00128         bsf                     CCP1CON,5                                       ; Seta o bit 5 do regist
                            rador CCP1CON
0024   1217           00129         bcf                     CCP1CON,4                                       ; Limpa o bit 4 do regis
                            trador CCP1CON
                      00130         
                      00131         
                      00132 ; --- Como calcular o tempo do semiciclo ativo ---
                      00133 ;
                      00134 ;       Semiciclo Ativo = (CCPR1L:CCP1CON<5:4>) * ciclo de oscilação * prescaler
                      00135 ;
                      00136 ;       Deseja-se um semiciclo ativo de 45% do período
                      00137 ;
                      00138 ;       Período = 800ms
                      00139 ;       Semiciclo = 800ms * 0,45 = 360us
                      00140 ;
                      00141 ;       Semiciclo Ativo = (CCPR1L:CCP1CON<5:4>) * ciclo de oscilação * prescaler
                      00142 ;
                      00143 ;                                                                         Semiciclo Ativo
                      00144 ;       (CCPR1L:CCP1CON<5:4>) = ---------------------------------------------
                      00145 ;                                                                  ciclo de oscilação * prescaler
                      00146 ;
                      00147 ;                                                          360us                        
                      00148 ;       (CCPR1L:CCP1CON<5:4>) = ------------
                      00149 ;                                                        250ns * 16
                      00150 ;
                      00151 ;   (CCPR1L:CCP1CON<5:4>) = 90
                      00152 ;
                      00153 ;       Logo, a contegem do contador do módulo CCP deve começar em 90, para um semiciclo ativo do PWM em
                             45%
                      00154 ;
                      00155 ;       90d = 0001011010b
                      00156 ;
                      00157 ;               CCPR1L                  CCP1CON,5               CCP1CON,4       
                      00158 ;          00010110b                    1b                              0b
                      00159 ;                       
                      00160 ;       
                      00161 ; --- Fim do cálculo do semiciclo ativo ---
                      00162 
                      00163 
                      00164 ; -- Loop infinito -- 
MPASM  5.51                     PWM10BITS.ASM   8-27-2020  11:59:44         PAGE  5


LOC  OBJECT CODE     LINE SOURCE TEXT
  VALUE

                      00165 
0025   2825           00166         goto            $                                                       ; Programa fica preso ne
                            ste endereço
                      00167 
Warning[205]: Found directive in column 1. (end)
                      00168 end
MPASM  5.51                     PWM10BITS.ASM   8-27-2020  11:59:44         PAGE  6


SYMBOL TABLE
  LABEL                             VALUE 

ADDEN                             00000003
ADEN                              00000003
BRGH                              00000002
C                                 00000000
C1INV                             00000004
C1OUT                             00000006
C2INV                             00000005
C2OUT                             00000007
CCP1CON                           00000017
CCP1IE                            00000002
CCP1IF                            00000002
CCP1M0                            00000000
CCP1M1                            00000001
CCP1M2                            00000002
CCP1M3                            00000003
CCP1X                             00000005
CCP1Y                             00000004
CCPR1                             00000015
CCPR1H                            00000016
CCPR1L                            00000015
CIS                               00000003
CM0                               00000000
CM1                               00000001
CM2                               00000002
CMCON                             0000001F
CMIE                              00000006
CMIF                              00000006
CREN                              00000004
CSRC                              00000007
DATA_CP_OFF                       00003FFF
DATA_CP_ON                        00003EFF
DC                                00000001
EEADR                             0000009B
EECON1                            0000009C
EECON2                            0000009D
EEDATA                            0000009A
EEIE                              00000007
EEIF                              00000007
F                                 00000001
FERR                              00000002
FSR                               00000004
GIE                               00000007
INDF                              00000000
INTCON                            0000000B
INTE                              00000004
INTEDG                            00000006
INTF                              00000001
IRP                               00000007
NOT_BO                            00000000
NOT_BOD                           00000000
NOT_BOR                           00000000
NOT_PD                            00000003
NOT_POR                           00000001
MPASM  5.51                     PWM10BITS.ASM   8-27-2020  11:59:44         PAGE  7


SYMBOL TABLE
  LABEL                             VALUE 

NOT_RBPU                          00000007
NOT_T1SYNC                        00000002
NOT_TO                            00000004
OERR                              00000001
OPTION_REG                        00000081
OSCF                              00000003
PCL                               00000002
PCLATH                            0000000A
PCON                              0000008E
PEIE                              00000006
PIE1                              0000008C
PIR1                              0000000C
PORTA                             00000005
PORTB                             00000006
PR2                               00000092
PS0                               00000000
PS1                               00000001
PS2                               00000002
PSA                               00000003
RA0                               00000000
RA1                               00000001
RA2                               00000002
RA3                               00000003
RA4                               00000004
RA5                               00000005
RA6                               00000006
RA7                               00000007
RB0                               00000000
RB1                               00000001
RB2                               00000002
RB3                               00000003
RB4                               00000004
RB5                               00000005
RB6                               00000006
RB7                               00000007
RBIE                              00000003
RBIF                              00000000
RCIE                              00000005
RCIF                              00000005
RCREG                             0000001A
RCSTA                             00000018
RD                                00000000
RP0                               00000005
RP1                               00000006
RX9                               00000006
RX9D                              00000000
SPBRG                             00000099
SPEN                              00000007
SREN                              00000005
STATUS                            00000003
STATUS_TEMP                       00000021
SYNC                              00000004
T0CS                              00000005
MPASM  5.51                     PWM10BITS.ASM   8-27-2020  11:59:44         PAGE  8


SYMBOL TABLE
  LABEL                             VALUE 

T0IE                              00000005
T0IF                              00000002
T0SE                              00000004
T1CKPS0                           00000004
T1CKPS1                           00000005
T1CON                             00000010
T1OSCEN                           00000003
T2CKPS0                           00000000
T2CKPS1                           00000001
T2CON                             00000012
TMR0                              00000001
TMR0IE                            00000005
TMR0IF                            00000002
TMR1                              0000000E
TMR1CS                            00000001
TMR1H                             0000000F
TMR1IE                            00000000
TMR1IF                            00000000
TMR1L                             0000000E
TMR1ON                            00000000
TMR2                              00000011
TMR2IE                            00000001
TMR2IF                            00000001
TMR2ON                            00000002
TOUTPS0                           00000003
TOUTPS1                           00000004
TOUTPS2                           00000005
TOUTPS3                           00000006
TRISA                             00000085
TRISA0                            00000000
TRISA1                            00000001
TRISA2                            00000002
TRISA3                            00000003
TRISA4                            00000004
TRISA5                            00000005
TRISA6                            00000006
TRISA7                            00000007
TRISB                             00000086
TRISB0                            00000000
TRISB1                            00000001
TRISB2                            00000002
TRISB3                            00000003
TRISB4                            00000004
TRISB5                            00000005
TRISB6                            00000006
TRISB7                            00000007
TRMT                              00000001
TX9                               00000006
TX9D                              00000000
TXEN                              00000005
TXIE                              00000004
TXIF                              00000004
TXREG                             00000019
MPASM  5.51                     PWM10BITS.ASM   8-27-2020  11:59:44         PAGE  9


SYMBOL TABLE
  LABEL                             VALUE 

TXSTA                             00000098
VR0                               00000000
VR1                               00000001
VR2                               00000002
VR3                               00000003
VRCON                             0000009F
VREN                              00000007
VROE                              00000006
VRR                               00000005
W                                 00000000
WR                                00000001
WREN                              00000002
WRERR                             00000003
W_TEMP                            00000020
Z                                 00000002
_BODEN_OFF                        00003FBF
_BODEN_ON                         00003FFF
_BOREN_OFF                        00003FBF
_BOREN_ON                         00003FFF
_CONFIG                           00002007
_CPD_OFF                          00003FFF
_CPD_ON                           00003EFF
_CP_OFF                           00003FFF
_CP_ON                            00001FFF
_DEVID1                           00002006
_ER_OSC_CLKOUT                    00003FFF
_ER_OSC_NOCLKOUT                  00003FFE
_EXTCLK_OSC                       00003FEF
_FOSC_ECIO                        00003FEF
_FOSC_EXTRCCLK                    00003FFF
_FOSC_EXTRCIO                     00003FFE
_FOSC_HS                          00003FEE
_FOSC_INTOSCCLK                   00003FFD
_FOSC_INTOSCIO                    00003FFC
_FOSC_LP                          00003FEC
_FOSC_XT                          00003FED
_HS_OSC                           00003FEE
_IDLOC0                           00002000
_IDLOC1                           00002001
_IDLOC2                           00002002
_IDLOC3                           00002003
_INTOSC_OSC_CLKOUT                00003FFD
_INTOSC_OSC_NOCLKOUT              00003FFC
_INTRC_OSC_CLKOUT                 00003FFD
_INTRC_OSC_NOCLKOUT               00003FFC
_LP_OSC                           00003FEC
_LVP_OFF                          00003F7F
_LVP_ON                           00003FFF
_MCLRE_OFF                        00003FDF
_MCLRE_ON                         00003FFF
_PWRTE_OFF                        00003FFF
_PWRTE_ON                         00003FF7
_RC_OSC_CLKOUT                    00003FFF
MPASM  5.51                     PWM10BITS.ASM   8-27-2020  11:59:44         PAGE 10


SYMBOL TABLE
  LABEL                             VALUE 

_RC_OSC_NOCLKOUT                  00003FFE
_WDTE_OFF                         00003FFB
_WDTE_ON                          00003FFF
_WDT_OFF                          00003FFB
_WDT_ON                           00003FFF
_XT_OSC                           00003FED
__16F628A                         00000001
__DEBUG                           1
bank0                             bcf     STATUS,RP0
bank1                             bsf     STATUS,RP0
botao1                            PORTB,0
botao2                            PORTB,1
exit_ISR                          00000008
inicio                            0000000D
led1                              PORTA,3
led2                              PORTA,2


MEMORY USAGE MAP ('X' = Used,  '-' = Unused)

0000 : X---XXXXXXXXXXXX XXXXXXXXXXXXXXXX XXXXXX---------- ----------------
2000 : -------X-------- ---------------- ---------------- ----------------

All other memory blocks unused.

Program Memory Words Used:    35
Program Memory Words Free:  2013


Errors   :     0
Warnings :     1 reported,     0 suppressed
Messages :     4 reported,     0 suppressed

