MPASM  5.51                SAIDAANALOGICA.ASM   9-3-2020  17:54:30         PAGE  1


LOC  OBJECT CODE     LINE SOURCE TEXT
  VALUE

                      00001 ;
                      00002 ;               O objetivo deste programa é utilizar a tensão de referência como saída analógica. A tens
                            ão de referência que 
                      00003 ;       antes foi usada em uma das entradas dos comparadores internos, internamente, agora será configur
                            ada para se conectar
                      00004 ;       ao pino RA2. Assim, a tensão de referência interna do Pic pode ser vista num de seus pinos, no c
                            aso RA2.
                      00005 ;               Para utilizar a tensão de referência como saída no pino RA2, deve-se configurar a flag V
                            ROE = 1, no registrador
                      00006 ;       VRCON. Ainda, o pino RA2 deve ser configurado como entrada digital, no registrador TRISA. Pode n
                            ão fazer sentido, 
                      00007 ;       mas a tensão de referência é um periférico interno do Pic e é um circuito diferente do circuito 
                            dos ports e, logo,
                      00008 ;       para funcionar como saída no pino RA2, o registrador de direção (TRIS) deve configurar este pino
                             como entrada.  
                      00009 ;               Para configurar a tensão de referência, deve-se definir se ela irá funcionar com "Low Ra
                            nge" ou "High Range". 
                      00010 ;       Para "Low Range", basta configurar a flag VRR = 1 no registrador VRCON. Neste caso, a tensão de 
                            referência responde
                      00011 ;       à equação abaixo:
                      00012 ;
                      00013 ;                               VR<3:0>                                 |->                     Sendo VR
                            <3:0>: um valor de 0 a 15d 
                      00014 ;               Vref = --------- x VDD                  |->                     VDD: A tensão de aliment
                            ação do Pic
                      00015 ;                                 24                                    
                      00016 ;
                      00017 ;               Para variar a tensão de referência, basta variar o valor das flags VR<3:0>. Logo, como e
                            ste registrador é de 
                      00018 ;       apenas 4 bits, pode-se ver que a tensão analógica não tem muita resolução, mas ainda sim varia d
                            e uma tensão mínima
                      00019 ;       até uma tensão máxima, em saltos que dependem da equação. Abaixo está a tensão mínima, a máxima 
                            e o salto de tensão:
                      00020 ;
                      00021 ;                                         0                             
                      00022 ;               Vref(min) = ----- x VDD = 0V                            Tensão mínima = 0V
                      00023 ;                                         24    
                      00024 ;
                      00025 ;                                               1d                      
                      00026 ;               Vref(salto) = ----- x VDD = 0,2083V                     Tensão de salto = 0,20833333V
                      00027 ;                                           24 
                      00028 ;
                      00029 ;                                     15d                               
                      00030 ;               Vref(max) = ------- x VDD = 3,125V                      Tensão máxima = 3,125V 
                      00031 ;                                         24 
                      00032 ;
                      00033 ;               O datasheet recomenda, ainda, que seja conectado um buffer e um capacitor de estabilizaç
                            ão de tensão no pino
                      00034 ;       RA2. O buffer permitirá que a saída forneça corrente suficiente para acionar pequenas cargas, co
                            mo leds, ou acionar
                      00035 ;       cargas maiores através de transistores, MOSFET's e etc. No circuito dessa aula, no proteus, pode
                            -se ver o buffer e o
                      00036 ;       capacitor conectador em RA2.
MPASM  5.51                SAIDAANALOGICA.ASM   9-3-2020  17:54:30         PAGE  2


LOC  OBJECT CODE     LINE SOURCE TEXT
  VALUE

                      00037 ;               
                      00038 ;
                      00039 ;               Na simulação e na prática o circuito e o programa funcionaram perfeitamente. Com o multí
                            metro, deu para medir
                      00040 ;       a tensão de referência no pino RA2 e a tensão de saída do buffer. As tensões estão abaixo:
                      00041 ;
                      00042 ;               Vref(RA2) = 3,16V 
                      00043 ;               Vbuffer(saida) = 3,21V          
                      00044 ;
                      00045 
                      00046         list            p=16f628a                                       ; Informa o microcontrolador uti
                            lizado
                      00047         
                      00048 
                      00049 ; --- Documentação ---
                      00050 
                      00051         #include        <p16f628a.inc>                          ; Inclui o documento que contém os regis
                            tradores do Pic
                      00001         LIST
                      00002 
                      00003 ;==========================================================================
                      00004 ;  MPASM PIC16F628A processor include
                      00005 ; 
                      00006 ;  (c) Copyright 1999-2013 Microchip Technology, All rights reserved
                      00007 ;==========================================================================
                      00008 
                      00385         LIST
                      00052         
                      00053 ; --- Fuse bits ---
                      00054 
2007   3F21           00055         __config        _XT_OSC & _WDT_OFF & _PWRTE_ON & _MCLRE_ON & _BOREN_OFF & _LVP_OFF & _CPD_OFF & 
                            _CP_OFF
                      00056         
                      00057 ; Configura clock em 4MHz, ativa o Power Up Timer e ativa o Master Clear
                      00058 
                      00059 ; --- Paginação de memória ---
                      00060 
                      00061         #define         bank0   bcf     STATUS,RP0              ; Cria mnemônico para selecionar banco 0
                             de memória
                      00062         #define         bank1   bsf     STATUS,RP0              ; Cria mnemônico para selecionar banco 1
                             de memória 
                      00063         
                      00064 ; --- Mapeamento de hardware ---
                      00065 
                      00066         #define         led1    PORTB,0                         ; Cria mnemônico para led1 em RA3
                      00067         #define         led2    PORTB,1                         ; Cria mnemônico para led2 em RA2
                      00068         #define         botao1  PORTB,7                         ; Cria mnemônico para botao1 em RB0
                      00069         
                      00070 ; --- Registradores de uso geral ---
                      00071 
                      00072         cblock          H'20'                                           ; Endereço de início para config
                            uração de registradores de uso geral
                      00073         
MPASM  5.51                SAIDAANALOGICA.ASM   9-3-2020  17:54:30         PAGE  3


LOC  OBJECT CODE     LINE SOURCE TEXT
  VALUE

  00000020            00074         W_TEMP                                                                  ; Armazena o conteúdo de
                             w temporariamente
  00000021            00075         STATUS_TEMP                                                             ; Armazena o conteúdo de
                             STATUS temporariamente
                      00076         
                      00077         endc                                                                    ; Fim da configuração do
                            s registradores de uso geral
                      00078         
                      00079 ; --- Vetor de Reset ---
                      00080 
0000                  00081         org                     H'0000'                                         ; Origem do endereço de 
                            memória para o vetor de Reset
                      00082         
0000   280D           00083         goto            inicio                                          ; Desvia para label do programa 
                            principal
                      00084         
                      00085 ; --- Vetor de Interrupção ---
                      00086 
0004                  00087         org                     H'0004'                                         ; Origem do endereço de 
                            memória para o vetor de Interrupção
                      00088         
                      00089 ; -- Salvamento de contexto --
                      00090 
0004   00A0           00091         movwf           W_TEMP                                          ; W_TEMP = w
0005   0E03           00092         swapf           STATUS,w                                        ; w = STATUS (com nibbles invert
                            idos)
0006   1283           00093         bank0                                                                   ; Seleciona banco 0 de m
                            emória
0007   00A1           00094         movwf           STATUS_TEMP                                     ; STATUS_TEMP = STATUS (com nibb
                            les invertidos)
                      00095         
                      00096 ; -- Fim do salvamento de contexto --
                      00097 
                      00098         ; Desenvolvimento da ISR...
                      00099         
                      00100         
                      00101 
                      00102 ; -- Recuperação de contexto --
                      00103 
0008                  00104 exit_ISR:
                      00105 
0008   0E21           00106         swapf           STATUS_TEMP,w                           ; w = STATUS (original)
0009   0083           00107         movwf           STATUS                                          ; STATUS = STATUS (original)
000A   0EA0           00108         swapf           W_TEMP,F                                        ; W_TEMP = w (com nibbles invert
                            idos)
000B   0E20           00109         swapf           W_TEMP,w                                        ; w = w (original)
                      00110         
000C   0009           00111         retfie                                                                  ; Retorna para endereço 
                            que estava quando ocorreu a interrupção
                      00112         
                      00113 ; -- Fim da recuperação de contexto --
                      00114 
                      00115 
MPASM  5.51                SAIDAANALOGICA.ASM   9-3-2020  17:54:30         PAGE  4


LOC  OBJECT CODE     LINE SOURCE TEXT
  VALUE

                      00116 ; --- Programa principal --- 
                      00117 
000D                  00118 inicio:                                                                         ; Cria label para progra
                            ma principal
                      00119 
000D   1683           00120         bank1                                                                   ; Seleciona o banco 1 de
                             memória
000E   30FF           00121         movlw           H'FF'                                           ; w = FFh
Message[302]: Register in operand not in bank 0.  Ensure that bank bits are correct.
000F   0085           00122         movwf           TRISA                                           ; Configura todo PORTA como entr
                            ada, inclusive RA2, necessário para que a
                      00123                                                                                         ; a tensão de re
                            ferência funcione neste pino
0010   30FE           00124         movlw           H'FE'                                           ; w = FEh 
Message[302]: Register in operand not in bank 0.  Ensure that bank bits are correct.
0011   0086           00125         movwf           TRISB                                           ; Configura apenas RB0 como saíd
                            a digital, o resto como entrada
0012   30EF           00126         movlw           H'EF'                                           ; w = ACh
Message[302]: Register in operand not in bank 0.  Ensure that bank bits are correct.
0013   009F           00127         movwf           VRCON                                           ; Habilita a tensão de referênci
                            a, conectada em RA2, Low Range, tensão máxima
0014   1283           00128         bank0                                                                   ; Seleciona banco 0 de m
                            emória
0015   3007           00129         movlw           H'07'                                           ; w = 07F
0016   009F           00130         movwf           CMCON                                           ; Desliga os comparadores intern
                            os
                      00131         
0017   1006           00132         bcf                     led1                                            ; Inicia led1 em Low
                      00133 
                      00134 ; --- Loop infinito ---
                      00135 
0018                  00136 loop:                                                                           ; Cria label para loop i
                            nfinito
                      00137 
                      00138 
                      00139 
0018   2818           00140         goto            loop                                            ; Loop infinito
                      00141         
                      00142 
                      00143 ; --- Sub Rotinas --- 
                      00144 
                      00145         
                      00146         
                      00147         
                      00148 ; --- Fim do programa ---
                      00149 
                      00150         end                                                                             ; Final do progr
                            ama
MPASM  5.51                SAIDAANALOGICA.ASM   9-3-2020  17:54:30         PAGE  5


SYMBOL TABLE
  LABEL                             VALUE 

ADDEN                             00000003
ADEN                              00000003
BRGH                              00000002
C                                 00000000
C1INV                             00000004
C1OUT                             00000006
C2INV                             00000005
C2OUT                             00000007
CCP1CON                           00000017
CCP1IE                            00000002
CCP1IF                            00000002
CCP1M0                            00000000
CCP1M1                            00000001
CCP1M2                            00000002
CCP1M3                            00000003
CCP1X                             00000005
CCP1Y                             00000004
CCPR1                             00000015
CCPR1H                            00000016
CCPR1L                            00000015
CIS                               00000003
CM0                               00000000
CM1                               00000001
CM2                               00000002
CMCON                             0000001F
CMIE                              00000006
CMIF                              00000006
CREN                              00000004
CSRC                              00000007
DATA_CP_OFF                       00003FFF
DATA_CP_ON                        00003EFF
DC                                00000001
EEADR                             0000009B
EECON1                            0000009C
EECON2                            0000009D
EEDATA                            0000009A
EEIE                              00000007
EEIF                              00000007
F                                 00000001
FERR                              00000002
FSR                               00000004
GIE                               00000007
INDF                              00000000
INTCON                            0000000B
INTE                              00000004
INTEDG                            00000006
INTF                              00000001
IRP                               00000007
NOT_BO                            00000000
NOT_BOD                           00000000
NOT_BOR                           00000000
NOT_PD                            00000003
NOT_POR                           00000001
MPASM  5.51                SAIDAANALOGICA.ASM   9-3-2020  17:54:30         PAGE  6


SYMBOL TABLE
  LABEL                             VALUE 

NOT_RBPU                          00000007
NOT_T1SYNC                        00000002
NOT_TO                            00000004
OERR                              00000001
OPTION_REG                        00000081
OSCF                              00000003
PCL                               00000002
PCLATH                            0000000A
PCON                              0000008E
PEIE                              00000006
PIE1                              0000008C
PIR1                              0000000C
PORTA                             00000005
PORTB                             00000006
PR2                               00000092
PS0                               00000000
PS1                               00000001
PS2                               00000002
PSA                               00000003
RA0                               00000000
RA1                               00000001
RA2                               00000002
RA3                               00000003
RA4                               00000004
RA5                               00000005
RA6                               00000006
RA7                               00000007
RB0                               00000000
RB1                               00000001
RB2                               00000002
RB3                               00000003
RB4                               00000004
RB5                               00000005
RB6                               00000006
RB7                               00000007
RBIE                              00000003
RBIF                              00000000
RCIE                              00000005
RCIF                              00000005
RCREG                             0000001A
RCSTA                             00000018
RD                                00000000
RP0                               00000005
RP1                               00000006
RX9                               00000006
RX9D                              00000000
SPBRG                             00000099
SPEN                              00000007
SREN                              00000005
STATUS                            00000003
STATUS_TEMP                       00000021
SYNC                              00000004
T0CS                              00000005
MPASM  5.51                SAIDAANALOGICA.ASM   9-3-2020  17:54:30         PAGE  7


SYMBOL TABLE
  LABEL                             VALUE 

T0IE                              00000005
T0IF                              00000002
T0SE                              00000004
T1CKPS0                           00000004
T1CKPS1                           00000005
T1CON                             00000010
T1OSCEN                           00000003
T2CKPS0                           00000000
T2CKPS1                           00000001
T2CON                             00000012
TMR0                              00000001
TMR0IE                            00000005
TMR0IF                            00000002
TMR1                              0000000E
TMR1CS                            00000001
TMR1H                             0000000F
TMR1IE                            00000000
TMR1IF                            00000000
TMR1L                             0000000E
TMR1ON                            00000000
TMR2                              00000011
TMR2IE                            00000001
TMR2IF                            00000001
TMR2ON                            00000002
TOUTPS0                           00000003
TOUTPS1                           00000004
TOUTPS2                           00000005
TOUTPS3                           00000006
TRISA                             00000085
TRISA0                            00000000
TRISA1                            00000001
TRISA2                            00000002
TRISA3                            00000003
TRISA4                            00000004
TRISA5                            00000005
TRISA6                            00000006
TRISA7                            00000007
TRISB                             00000086
TRISB0                            00000000
TRISB1                            00000001
TRISB2                            00000002
TRISB3                            00000003
TRISB4                            00000004
TRISB5                            00000005
TRISB6                            00000006
TRISB7                            00000007
TRMT                              00000001
TX9                               00000006
TX9D                              00000000
TXEN                              00000005
TXIE                              00000004
TXIF                              00000004
TXREG                             00000019
MPASM  5.51                SAIDAANALOGICA.ASM   9-3-2020  17:54:30         PAGE  8


SYMBOL TABLE
  LABEL                             VALUE 

TXSTA                             00000098
VR0                               00000000
VR1                               00000001
VR2                               00000002
VR3                               00000003
VRCON                             0000009F
VREN                              00000007
VROE                              00000006
VRR                               00000005
W                                 00000000
WR                                00000001
WREN                              00000002
WRERR                             00000003
W_TEMP                            00000020
Z                                 00000002
_BODEN_OFF                        00003FBF
_BODEN_ON                         00003FFF
_BOREN_OFF                        00003FBF
_BOREN_ON                         00003FFF
_CONFIG                           00002007
_CPD_OFF                          00003FFF
_CPD_ON                           00003EFF
_CP_OFF                           00003FFF
_CP_ON                            00001FFF
_DEVID1                           00002006
_ER_OSC_CLKOUT                    00003FFF
_ER_OSC_NOCLKOUT                  00003FFE
_EXTCLK_OSC                       00003FEF
_FOSC_ECIO                        00003FEF
_FOSC_EXTRCCLK                    00003FFF
_FOSC_EXTRCIO                     00003FFE
_FOSC_HS                          00003FEE
_FOSC_INTOSCCLK                   00003FFD
_FOSC_INTOSCIO                    00003FFC
_FOSC_LP                          00003FEC
_FOSC_XT                          00003FED
_HS_OSC                           00003FEE
_IDLOC0                           00002000
_IDLOC1                           00002001
_IDLOC2                           00002002
_IDLOC3                           00002003
_INTOSC_OSC_CLKOUT                00003FFD
_INTOSC_OSC_NOCLKOUT              00003FFC
_INTRC_OSC_CLKOUT                 00003FFD
_INTRC_OSC_NOCLKOUT               00003FFC
_LP_OSC                           00003FEC
_LVP_OFF                          00003F7F
_LVP_ON                           00003FFF
_MCLRE_OFF                        00003FDF
_MCLRE_ON                         00003FFF
_PWRTE_OFF                        00003FFF
_PWRTE_ON                         00003FF7
_RC_OSC_CLKOUT                    00003FFF
MPASM  5.51                SAIDAANALOGICA.ASM   9-3-2020  17:54:30         PAGE  9


SYMBOL TABLE
  LABEL                             VALUE 

_RC_OSC_NOCLKOUT                  00003FFE
_WDTE_OFF                         00003FFB
_WDTE_ON                          00003FFF
_WDT_OFF                          00003FFB
_WDT_ON                           00003FFF
_XT_OSC                           00003FED
__16F628A                         00000001
__DEBUG                           1
bank0                             bcf     STATUS,RP0
bank1                             bsf     STATUS,RP0
botao1                            PORTB,7
exit_ISR                          00000008
inicio                            0000000D
led1                              PORTB,0
led2                              PORTB,1
loop                              00000018


MEMORY USAGE MAP ('X' = Used,  '-' = Unused)

0000 : X---XXXXXXXXXXXX XXXXXXXXX------- ---------------- ----------------
2000 : -------X-------- ---------------- ---------------- ----------------

All other memory blocks unused.

Program Memory Words Used:    22
Program Memory Words Free:  2026


Errors   :     0
Warnings :     0 reported,     0 suppressed
Messages :     3 reported,     0 suppressed

