MPASM  5.51                CONTAGEMTIMER1.ASM   8-28-2020  12:18:25         PAGE  1


LOC  OBJECT CODE     LINE SOURCE TEXT
  VALUE

                      00001 ;
                      00002 ;               O objetivo deste programa é entender, através do debug, a contagem de 16 bits do timer1.
                             Entender como os dois
                      00003 ;       registradores de 8 bits incrementam e como estouram.
                      00004 ;
                      00005 ;               No debug, o programa funcionou como esperado, e foi possível compreender melhor o funcio
                            namento do timer1, assim 
                      00006 ;       como sua contagem de 16 bits através de dois registradores de 8 bits.
                      00007 ;
                      00008 
                      00009 
                      00010         list            p=16f628a                                       ; Informa o microcontrolador uti
                            lizado
                      00011         
                      00012 ; --- Inclusões --- 
                      00013 
                      00014         #include        <p16f628a.inc>                          ; Inclui o arquivo com os registradores 
                            do Pic
                      00001         LIST
                      00002 
                      00003 ;==========================================================================
                      00004 ;  MPASM PIC16F628A processor include
                      00005 ; 
                      00006 ;  (c) Copyright 1999-2013 Microchip Technology, All rights reserved
                      00007 ;==========================================================================
                      00008 
                      00385         LIST
                      00015         
                      00016 ; --- Fuse bits ---
                      00017 
2007   3F21           00018         __config _XT_OSC & _WDT_OFF & _PWRTE_ON & _MCLRE_ON & _BOREN_OFF & _LVP_OFF & _CPD_OFF & _CP_OFF
                      00019         
                      00020 ;       Configura clock de 4MHz, Power Up Timer habilitado e Master Clear habilitado
                      00021 
                      00022 
                      00023 ; --- Paginação de memória ---
                      00024 
                      00025         #define         bank0   bcf     STATUS,RP0              ; Cria mnemônico para selecionar o banco
                             0 de memória
                      00026         #define         bank1   bsf     STATUS,RP0              ; Cria mnemônico para selecionar o banco
                             1 de memória
                      00027         
                      00028 ; --- Mapeamento de hardware ---
                      00029 
                      00030         #define         led1    PORTA,3                         ; Cria mnemônico para led1 em RA3
                      00031         #define         led2    PORTA,2                         ; Cria mnemônico para led2 em RA2
                      00032         #define         botao1  PORTB,0                         ; Cria mnemônico para botao1 em RB0
                      00033         
                      00034 ; --- Registradores de uso geral ---
                      00035 
                      00036         cblock          H'20'                                           ; Endereço de início para config
                            uração dos registradores de uso geral
                      00037         
MPASM  5.51                CONTAGEMTIMER1.ASM   8-28-2020  12:18:25         PAGE  2


LOC  OBJECT CODE     LINE SOURCE TEXT
  VALUE

  00000020            00038         W_TEMP                                                                  ; Armazena o conteúdo de
                             w temporariamente
  00000021            00039         STATUS_TEMP                                                             ; Armazena o conteúdo de
                             STATUS temporariamente
                      00040         
                      00041         endc                                                                    ; Fim da configuração do
                            s registradores de uso geral
                      00042         
                      00043         
                      00044 ; --- Vetor de Reset ---
                      00045 
0000                  00046         org                     H'0000'                                         ; Endereço de origem do 
                            vetor de Reset
                      00047         
0000   280D           00048         goto            inicio                                          ; Desvia a execução para o progr
                            ama principal
                      00049         
                      00050 ; --- Vetor de interrupção --- 
                      00051 
0004                  00052         org                     H'0004'                                         ; Endereço de origem do 
                            vetor de Interrupção
                      00053         
                      00054 ; -- Salvamento de contexto --
                      00055 
0004   00A0           00056         movwf           W_TEMP                                          ; W_TEMP = w
0005   0E03           00057         swapf           STATUS,w                                        ; w = STATUS (con nibbles invert
                            idos)
0006   1283           00058         bank0                                                                   ; Seleciona banco 0 de m
                            emória
0007   00A1           00059         movwf           STATUS_TEMP                                     ; STATUS_TEMP = STATUS (com nibb
                            les invertidos)
                      00060 
                      00061 
                      00062 
                      00063 ; -- Fim do salvamento de contexto --
                      00064 
                      00065         ; Desenvolvimento da ISR...
                      00066         
                      00067         
                      00068 ; -- Recuperação de contexto --
                      00069 
0008                  00070 exit_ISR:
                      00071 
0008   0E21           00072         swapf           STATUS_TEMP,w                           ; w = STATUS_TEMP (com nibbles reinverti
                            dos)
0009   0083           00073         movwf           STATUS                                          ; STATUS = STATUS_TEMP (com nibb
                            les reinvertidos = STATUS original)
000A   0EA0           00074         swapf           W_TEMP,F                                        ; W_TEMP = W_TEMP (com nibbles i
                            nvertidos)
000B   0E20           00075         swapf           W_TEMP,w                                        ; w = W_TEMP (com nibbles reinve
                            rtidos = w original)
                      00076         
000C   0009           00077         retfie                                                                  ; Volta para execução pr
MPASM  5.51                CONTAGEMTIMER1.ASM   8-28-2020  12:18:25         PAGE  3


LOC  OBJECT CODE     LINE SOURCE TEXT
  VALUE

                            incipal
                      00078 
                      00079 ; -- Fim da recuperação de contexto --
                      00080 
000D                  00081 inicio:
                      00082 
000D   0000           00083         nop
000E   0000           00084         nop
000F   0000           00085         nop
0010   0000           00086         nop
                      00087         
0011   3001           00088         movlw           H'01'                                           ; w = 01h
0012   0090           00089         movwf           T1CON                                           ; Configura prescaler 1:1, incre
                            menta com ciclo de máquina e ativa timer1
                      00090         
0013   0000           00091         nop
0014   0000           00092         nop
0015   0000           00093         nop
0016   0000           00094         nop
                      00095 
                      00096 
Warning[203]: Found opcode in column 1. (goto)
0017   2817           00097 goto                    $                                                       ; Programa fica preso ne
                            ste endereço
                      00098 
                      00099 
Warning[205]: Found directive in column 1. (end)
                      00100 end                                                                                     ; Fim do program
                            a 
MPASM  5.51                CONTAGEMTIMER1.ASM   8-28-2020  12:18:25         PAGE  4


SYMBOL TABLE
  LABEL                             VALUE 

ADDEN                             00000003
ADEN                              00000003
BRGH                              00000002
C                                 00000000
C1INV                             00000004
C1OUT                             00000006
C2INV                             00000005
C2OUT                             00000007
CCP1CON                           00000017
CCP1IE                            00000002
CCP1IF                            00000002
CCP1M0                            00000000
CCP1M1                            00000001
CCP1M2                            00000002
CCP1M3                            00000003
CCP1X                             00000005
CCP1Y                             00000004
CCPR1                             00000015
CCPR1H                            00000016
CCPR1L                            00000015
CIS                               00000003
CM0                               00000000
CM1                               00000001
CM2                               00000002
CMCON                             0000001F
CMIE                              00000006
CMIF                              00000006
CREN                              00000004
CSRC                              00000007
DATA_CP_OFF                       00003FFF
DATA_CP_ON                        00003EFF
DC                                00000001
EEADR                             0000009B
EECON1                            0000009C
EECON2                            0000009D
EEDATA                            0000009A
EEIE                              00000007
EEIF                              00000007
F                                 00000001
FERR                              00000002
FSR                               00000004
GIE                               00000007
INDF                              00000000
INTCON                            0000000B
INTE                              00000004
INTEDG                            00000006
INTF                              00000001
IRP                               00000007
NOT_BO                            00000000
NOT_BOD                           00000000
NOT_BOR                           00000000
NOT_PD                            00000003
NOT_POR                           00000001
MPASM  5.51                CONTAGEMTIMER1.ASM   8-28-2020  12:18:25         PAGE  5


SYMBOL TABLE
  LABEL                             VALUE 

NOT_RBPU                          00000007
NOT_T1SYNC                        00000002
NOT_TO                            00000004
OERR                              00000001
OPTION_REG                        00000081
OSCF                              00000003
PCL                               00000002
PCLATH                            0000000A
PCON                              0000008E
PEIE                              00000006
PIE1                              0000008C
PIR1                              0000000C
PORTA                             00000005
PORTB                             00000006
PR2                               00000092
PS0                               00000000
PS1                               00000001
PS2                               00000002
PSA                               00000003
RA0                               00000000
RA1                               00000001
RA2                               00000002
RA3                               00000003
RA4                               00000004
RA5                               00000005
RA6                               00000006
RA7                               00000007
RB0                               00000000
RB1                               00000001
RB2                               00000002
RB3                               00000003
RB4                               00000004
RB5                               00000005
RB6                               00000006
RB7                               00000007
RBIE                              00000003
RBIF                              00000000
RCIE                              00000005
RCIF                              00000005
RCREG                             0000001A
RCSTA                             00000018
RD                                00000000
RP0                               00000005
RP1                               00000006
RX9                               00000006
RX9D                              00000000
SPBRG                             00000099
SPEN                              00000007
SREN                              00000005
STATUS                            00000003
STATUS_TEMP                       00000021
SYNC                              00000004
T0CS                              00000005
MPASM  5.51                CONTAGEMTIMER1.ASM   8-28-2020  12:18:25         PAGE  6


SYMBOL TABLE
  LABEL                             VALUE 

T0IE                              00000005
T0IF                              00000002
T0SE                              00000004
T1CKPS0                           00000004
T1CKPS1                           00000005
T1CON                             00000010
T1OSCEN                           00000003
T2CKPS0                           00000000
T2CKPS1                           00000001
T2CON                             00000012
TMR0                              00000001
TMR0IE                            00000005
TMR0IF                            00000002
TMR1                              0000000E
TMR1CS                            00000001
TMR1H                             0000000F
TMR1IE                            00000000
TMR1IF                            00000000
TMR1L                             0000000E
TMR1ON                            00000000
TMR2                              00000011
TMR2IE                            00000001
TMR2IF                            00000001
TMR2ON                            00000002
TOUTPS0                           00000003
TOUTPS1                           00000004
TOUTPS2                           00000005
TOUTPS3                           00000006
TRISA                             00000085
TRISA0                            00000000
TRISA1                            00000001
TRISA2                            00000002
TRISA3                            00000003
TRISA4                            00000004
TRISA5                            00000005
TRISA6                            00000006
TRISA7                            00000007
TRISB                             00000086
TRISB0                            00000000
TRISB1                            00000001
TRISB2                            00000002
TRISB3                            00000003
TRISB4                            00000004
TRISB5                            00000005
TRISB6                            00000006
TRISB7                            00000007
TRMT                              00000001
TX9                               00000006
TX9D                              00000000
TXEN                              00000005
TXIE                              00000004
TXIF                              00000004
TXREG                             00000019
MPASM  5.51                CONTAGEMTIMER1.ASM   8-28-2020  12:18:25         PAGE  7


SYMBOL TABLE
  LABEL                             VALUE 

TXSTA                             00000098
VR0                               00000000
VR1                               00000001
VR2                               00000002
VR3                               00000003
VRCON                             0000009F
VREN                              00000007
VROE                              00000006
VRR                               00000005
W                                 00000000
WR                                00000001
WREN                              00000002
WRERR                             00000003
W_TEMP                            00000020
Z                                 00000002
_BODEN_OFF                        00003FBF
_BODEN_ON                         00003FFF
_BOREN_OFF                        00003FBF
_BOREN_ON                         00003FFF
_CONFIG                           00002007
_CPD_OFF                          00003FFF
_CPD_ON                           00003EFF
_CP_OFF                           00003FFF
_CP_ON                            00001FFF
_DEVID1                           00002006
_ER_OSC_CLKOUT                    00003FFF
_ER_OSC_NOCLKOUT                  00003FFE
_EXTCLK_OSC                       00003FEF
_FOSC_ECIO                        00003FEF
_FOSC_EXTRCCLK                    00003FFF
_FOSC_EXTRCIO                     00003FFE
_FOSC_HS                          00003FEE
_FOSC_INTOSCCLK                   00003FFD
_FOSC_INTOSCIO                    00003FFC
_FOSC_LP                          00003FEC
_FOSC_XT                          00003FED
_HS_OSC                           00003FEE
_IDLOC0                           00002000
_IDLOC1                           00002001
_IDLOC2                           00002002
_IDLOC3                           00002003
_INTOSC_OSC_CLKOUT                00003FFD
_INTOSC_OSC_NOCLKOUT              00003FFC
_INTRC_OSC_CLKOUT                 00003FFD
_INTRC_OSC_NOCLKOUT               00003FFC
_LP_OSC                           00003FEC
_LVP_OFF                          00003F7F
_LVP_ON                           00003FFF
_MCLRE_OFF                        00003FDF
_MCLRE_ON                         00003FFF
_PWRTE_OFF                        00003FFF
_PWRTE_ON                         00003FF7
_RC_OSC_CLKOUT                    00003FFF
MPASM  5.51                CONTAGEMTIMER1.ASM   8-28-2020  12:18:25         PAGE  8


SYMBOL TABLE
  LABEL                             VALUE 

_RC_OSC_NOCLKOUT                  00003FFE
_WDTE_OFF                         00003FFB
_WDTE_ON                          00003FFF
_WDT_OFF                          00003FFB
_WDT_ON                           00003FFF
_XT_OSC                           00003FED
__16F628A                         00000001
__DEBUG                           1
bank0                             bcf     STATUS,RP0
bank1                             bsf     STATUS,RP0
botao1                            PORTB,0
exit_ISR                          00000008
inicio                            0000000D
led1                              PORTA,3
led2                              PORTA,2


MEMORY USAGE MAP ('X' = Used,  '-' = Unused)

0000 : X---XXXXXXXXXXXX XXXXXXXX-------- ---------------- ----------------
2000 : -------X-------- ---------------- ---------------- ----------------

All other memory blocks unused.

Program Memory Words Used:    21
Program Memory Words Free:  2027


Errors   :     0
Warnings :     2 reported,     0 suppressed
Messages :     0 reported,     0 suppressed

