MPASM  5.51              INTERRUPCAOPORTB.ASM   8-26-2020  9:37:25         PAGE  1


LOC  OBJECT CODE     LINE SOURCE TEXT
  VALUE

                      00001 ;
                      00002 ;               PIC16F628A              Clock = 4MHz            Ciclo de máquina = 1us          
                      00003 ;
                      00004 ;               O objetivo deste programa é demonstrar a utilização da interrupção por mudança de estado
                             no portb. Caso este tipo
                      00005 ;       de interrupção seja habilitada, caso haja qualquer mundança de estado em RB7, RB6, RB5 e RB4, se
                            rá gerada uma inter-
                      00006 ;       rupção. Qualquer mudança de estado quer dizer que pode ser tanto uma borda de subida quanto uma 
                            borda de descida, 
                      00007 ;       sugerindo, então, que caso esteja entrando uma onda quadrada com determinada frequência em uma d
                            essas portas, a 
                      00008 ;       frequência de saída, isto é, a frequência da interrupção, será a mesma da onda de entrada. Logo,
                             a onda de entrada
                      00009 ;       não tem sua frequência dividida, como acontece na interrupção externa.
                      00010 ;               Caso uma das portas (RB7, RB6, RB5 e RB4) esteja configurada como saída digital, o micro
                            controlador automatica-
                      00011 ;       mente irá desabilitar a interrupção nesta porta. Portanto, somente as portas configuradas como e
                            ntrada digital
                      00012 ;       irão gerar a interrupção por mudança de estado.
                      00013 ;
                      00014 ;               Na simulação o programa funcionou perfeitamente, fazendo com que a saída RB1 ficasse em 
                            nível baixo apenas pelo
                      00015 ;       tempo de latência da interrupção.
                      00016 ;
                      00017 
                      00018 
                      00019         list            p=16f628a                                       ; Informa o microcontrolador uti
                            lizado
                      00020         
                      00021 ; --- Inclusão de arquivos ---
                      00022 
                      00023         #include        <p16f628a.inc>                          ; Inclui o arquivo que contém os registr
                            adores do Pic
                      00001         LIST
                      00002 
                      00003 ;==========================================================================
                      00004 ;  MPASM PIC16F628A processor include
                      00005 ; 
                      00006 ;  (c) Copyright 1999-2013 Microchip Technology, All rights reserved
                      00007 ;==========================================================================
                      00008 
                      00385         LIST
                      00024         
                      00025 ; --- Fuse bits ---
                      00026 
2007   3F21           00027         __config        _XT_OSC & _WDT_OFF & _PWRTE_ON & _MCLRE_ON & _BOREN_OFF & _LVP_OFF & _CPD_OFF & 
                            _CP_OFF
                      00028         
                      00029 ;       Clock em 4MHz, Power Up Timer habilitado e Master Clear Habilitado
                      00030 
                      00031 ; --- Paginação de memória ---
                      00032 
                      00033         #define         bank0           bcf     STATUS,RP0      ; Cria um mnemônico para selecionar o ba
MPASM  5.51              INTERRUPCAOPORTB.ASM   8-26-2020  9:37:25         PAGE  2


LOC  OBJECT CODE     LINE SOURCE TEXT
  VALUE

                            nco 0 de memória
                      00034         #define         bank1           bsf     STATUS,RP0      ; Cria um mnemônico para selecionar o ba
                            nco 1 de memória
                      00035         
                      00036 ; --- Mapeamento de hardware ---
                      00037 
                      00038         #define         led1    PORTA,3                         ; Cria mnemônico para led1 em RA3
                      00039         #define         led2    PORTA,2                         ; Cria mnemônico para led2 em RA2
                      00040         
                      00041 ; --- Registradores de uso geral ---
                      00042 
                      00043         cblock          H'20'                                           ; Cria registradores de uso gera
                            l a partir do endereço 20h de memória
                      00044         
  00000020            00045         W_TEMP                                                                  ; Armazena o conteúdo de
                             W temporariamente
  00000021            00046         STATUS_TEMP                                                             ; Armazena o conteúdo de
                             STATUS temporariamente
                      00047         
                      00048         
                      00049         endc
                      00050         
                      00051 ; --- Vetor de Reset ---
                      00052 
0000                  00053         org                     H'0000'                                         ; Origem do endereço par
                            a o vetor de Reset
                      00054         
0000   2811           00055         goto            inicio                                          ; Desvia programa para label ini
                            cio
                      00056         
                      00057         
                      00058 ; --- Vetor de Interrupção
                      00059 
0004                  00060         org             H'0004'                                         ; Origem do endereço para o veto
                            r de Interrupção
                      00061         
                      00062 ; --- Salvamento de contexto ---
                      00063 
0004   00A0           00064         movwf           W_TEMP                                          ; W_TEMP = w
0005   0E03           00065         swapf           STATUS,w                                        ; w = STATUS (com nibbles invert
                            idos)
0006   1283           00066         bank0                                                                   ; Seleciona banco 0 de m
                            emória
0007   00A1           00067         movwf           STATUS_TEMP                                     ; STATUS_TEMP = STATUS (com nibb
                            les invertidos)
                      00068 
                      00069 ; --- Fim do salvamento de contexto ---
                      00070 
                      00071         ; Desenvolvimento da ISR
                      00072         
0008   1C0B           00073         btfss           INTCON,RBIF                                     ; Testa se a flag RBIF setou, se
                             sim, pula uma linha
0009   280C           00074         goto            exit_ISR                                        ; Se não, sai da interrupção
MPASM  5.51              INTERRUPCAOPORTB.ASM   8-26-2020  9:37:25         PAGE  3


LOC  OBJECT CODE     LINE SOURCE TEXT
  VALUE

000A   100B           00075         bcf                     INTCON,RBIF                                     ; Limpa RBIF
                      00076         
Message[305]: Using default destination of 1 (file).
000B   0986           00077         comf            PORTB                                           ; Complementa portb, somente as 
                            saídas
                      00078         
                      00079 ; --- Recuperação de contexto ---
                      00080 
000C                  00081 exit_ISR:
                      00082 
000C   0E21           00083         swapf           STATUS_TEMP,w                           ; w = STATUS_TEMP (status original)
000D   0083           00084         movwf           STATUS                                          ; STATUS = w (status original)
000E   0EA0           00085         swapf           W_TEMP,F                                        ; W_TEMP = W_TEMP (nibbles inver
                            tidos)
000F   0E20           00086         swapf           W_TEMP,w                                        ; w = W_TEMP (w original)       
                      00087 
0010   0009           00088         retfie
                      00089         
                      00090 ; --- Fim da recuperação de contexto ---
                      00091 
                      00092 
                      00093 ; --- Programa principal ---
                      00094 
0011                  00095 inicio:                                                                         ; Inicia label programa 
                            principal
                      00096 
                      00097 
0011   1683           00098         bank1                                                                   ; Seleciona o banco 1 de
                             memória
Message[302]: Register in operand not in bank 0.  Ensure that bank bits are correct.
0012   1781           00099         bsf                     OPTION_REG,7                            ; Habilita os pull-ups internos 
                            do portb
0013   30F3           00100         movlw           H'F3'                                           ; w = F3h
Message[302]: Register in operand not in bank 0.  Ensure that bank bits are correct.
0014   0085           00101         movwf           TRISA                                           ; TRISA = F3h, configura apenas 
                            RA3 e RA2 como saídas digitais
0015   30FD           00102         movlw           H'FD'                                           ; w = FDh
Message[302]: Register in operand not in bank 0.  Ensure that bank bits are correct.
0016   0086           00103         movwf           TRISB                                           ; TRISB = FDh, configura apenas 
                            RB1 como saída digital
0017   1283           00104         bank0                                                                   ; Seleciona o banco 0 de
                             memória
0018   3088           00105         movlw           H'88'                                           ; w = 88h
0019   008B           00106         movwf           INTCON                                          ; INTCON = 88h, habilita a inter
                            rupção global e a interrupção por mudança de estado no portb
                      00107         
                      00108 
001A                  00109 loop:                                                                           ; Inicia loop infinito
                      00110 
001A   1486           00111         bsf                     PORTB,1                                         ; Seta RB1 (muda estado 
                            para High)
                      00112 
001B   281A           00113         goto loop                                                               ; Desvia para loop infin
MPASM  5.51              INTERRUPCAOPORTB.ASM   8-26-2020  9:37:25         PAGE  4


LOC  OBJECT CODE     LINE SOURCE TEXT
  VALUE

                            ito
                      00114         
                      00115         
                      00116         
Warning[205]: Found directive in column 1. (end)
                      00117 end 
MPASM  5.51              INTERRUPCAOPORTB.ASM   8-26-2020  9:37:25         PAGE  5


SYMBOL TABLE
  LABEL                             VALUE 

ADDEN                             00000003
ADEN                              00000003
BRGH                              00000002
C                                 00000000
C1INV                             00000004
C1OUT                             00000006
C2INV                             00000005
C2OUT                             00000007
CCP1CON                           00000017
CCP1IE                            00000002
CCP1IF                            00000002
CCP1M0                            00000000
CCP1M1                            00000001
CCP1M2                            00000002
CCP1M3                            00000003
CCP1X                             00000005
CCP1Y                             00000004
CCPR1                             00000015
CCPR1H                            00000016
CCPR1L                            00000015
CIS                               00000003
CM0                               00000000
CM1                               00000001
CM2                               00000002
CMCON                             0000001F
CMIE                              00000006
CMIF                              00000006
CREN                              00000004
CSRC                              00000007
DATA_CP_OFF                       00003FFF
DATA_CP_ON                        00003EFF
DC                                00000001
EEADR                             0000009B
EECON1                            0000009C
EECON2                            0000009D
EEDATA                            0000009A
EEIE                              00000007
EEIF                              00000007
F                                 00000001
FERR                              00000002
FSR                               00000004
GIE                               00000007
INDF                              00000000
INTCON                            0000000B
INTE                              00000004
INTEDG                            00000006
INTF                              00000001
IRP                               00000007
NOT_BO                            00000000
NOT_BOD                           00000000
NOT_BOR                           00000000
NOT_PD                            00000003
NOT_POR                           00000001
MPASM  5.51              INTERRUPCAOPORTB.ASM   8-26-2020  9:37:25         PAGE  6


SYMBOL TABLE
  LABEL                             VALUE 

NOT_RBPU                          00000007
NOT_T1SYNC                        00000002
NOT_TO                            00000004
OERR                              00000001
OPTION_REG                        00000081
OSCF                              00000003
PCL                               00000002
PCLATH                            0000000A
PCON                              0000008E
PEIE                              00000006
PIE1                              0000008C
PIR1                              0000000C
PORTA                             00000005
PORTB                             00000006
PR2                               00000092
PS0                               00000000
PS1                               00000001
PS2                               00000002
PSA                               00000003
RA0                               00000000
RA1                               00000001
RA2                               00000002
RA3                               00000003
RA4                               00000004
RA5                               00000005
RA6                               00000006
RA7                               00000007
RB0                               00000000
RB1                               00000001
RB2                               00000002
RB3                               00000003
RB4                               00000004
RB5                               00000005
RB6                               00000006
RB7                               00000007
RBIE                              00000003
RBIF                              00000000
RCIE                              00000005
RCIF                              00000005
RCREG                             0000001A
RCSTA                             00000018
RD                                00000000
RP0                               00000005
RP1                               00000006
RX9                               00000006
RX9D                              00000000
SPBRG                             00000099
SPEN                              00000007
SREN                              00000005
STATUS                            00000003
STATUS_TEMP                       00000021
SYNC                              00000004
T0CS                              00000005
MPASM  5.51              INTERRUPCAOPORTB.ASM   8-26-2020  9:37:25         PAGE  7


SYMBOL TABLE
  LABEL                             VALUE 

T0IE                              00000005
T0IF                              00000002
T0SE                              00000004
T1CKPS0                           00000004
T1CKPS1                           00000005
T1CON                             00000010
T1OSCEN                           00000003
T2CKPS0                           00000000
T2CKPS1                           00000001
T2CON                             00000012
TMR0                              00000001
TMR0IE                            00000005
TMR0IF                            00000002
TMR1                              0000000E
TMR1CS                            00000001
TMR1H                             0000000F
TMR1IE                            00000000
TMR1IF                            00000000
TMR1L                             0000000E
TMR1ON                            00000000
TMR2                              00000011
TMR2IE                            00000001
TMR2IF                            00000001
TMR2ON                            00000002
TOUTPS0                           00000003
TOUTPS1                           00000004
TOUTPS2                           00000005
TOUTPS3                           00000006
TRISA                             00000085
TRISA0                            00000000
TRISA1                            00000001
TRISA2                            00000002
TRISA3                            00000003
TRISA4                            00000004
TRISA5                            00000005
TRISA6                            00000006
TRISA7                            00000007
TRISB                             00000086
TRISB0                            00000000
TRISB1                            00000001
TRISB2                            00000002
TRISB3                            00000003
TRISB4                            00000004
TRISB5                            00000005
TRISB6                            00000006
TRISB7                            00000007
TRMT                              00000001
TX9                               00000006
TX9D                              00000000
TXEN                              00000005
TXIE                              00000004
TXIF                              00000004
TXREG                             00000019
MPASM  5.51              INTERRUPCAOPORTB.ASM   8-26-2020  9:37:25         PAGE  8


SYMBOL TABLE
  LABEL                             VALUE 

TXSTA                             00000098
VR0                               00000000
VR1                               00000001
VR2                               00000002
VR3                               00000003
VRCON                             0000009F
VREN                              00000007
VROE                              00000006
VRR                               00000005
W                                 00000000
WR                                00000001
WREN                              00000002
WRERR                             00000003
W_TEMP                            00000020
Z                                 00000002
_BODEN_OFF                        00003FBF
_BODEN_ON                         00003FFF
_BOREN_OFF                        00003FBF
_BOREN_ON                         00003FFF
_CONFIG                           00002007
_CPD_OFF                          00003FFF
_CPD_ON                           00003EFF
_CP_OFF                           00003FFF
_CP_ON                            00001FFF
_DEVID1                           00002006
_ER_OSC_CLKOUT                    00003FFF
_ER_OSC_NOCLKOUT                  00003FFE
_EXTCLK_OSC                       00003FEF
_FOSC_ECIO                        00003FEF
_FOSC_EXTRCCLK                    00003FFF
_FOSC_EXTRCIO                     00003FFE
_FOSC_HS                          00003FEE
_FOSC_INTOSCCLK                   00003FFD
_FOSC_INTOSCIO                    00003FFC
_FOSC_LP                          00003FEC
_FOSC_XT                          00003FED
_HS_OSC                           00003FEE
_IDLOC0                           00002000
_IDLOC1                           00002001
_IDLOC2                           00002002
_IDLOC3                           00002003
_INTOSC_OSC_CLKOUT                00003FFD
_INTOSC_OSC_NOCLKOUT              00003FFC
_INTRC_OSC_CLKOUT                 00003FFD
_INTRC_OSC_NOCLKOUT               00003FFC
_LP_OSC                           00003FEC
_LVP_OFF                          00003F7F
_LVP_ON                           00003FFF
_MCLRE_OFF                        00003FDF
_MCLRE_ON                         00003FFF
_PWRTE_OFF                        00003FFF
_PWRTE_ON                         00003FF7
_RC_OSC_CLKOUT                    00003FFF
MPASM  5.51              INTERRUPCAOPORTB.ASM   8-26-2020  9:37:25         PAGE  9


SYMBOL TABLE
  LABEL                             VALUE 

_RC_OSC_NOCLKOUT                  00003FFE
_WDTE_OFF                         00003FFB
_WDTE_ON                          00003FFF
_WDT_OFF                          00003FFB
_WDT_ON                           00003FFF
_XT_OSC                           00003FED
__16F628A                         00000001
__DEBUG                           1
bank0                             bcf     STATUS,RP0
bank1                             bsf     STATUS,RP0
exit_ISR                          0000000C
inicio                            00000011
led1                              PORTA,3
led2                              PORTA,2
loop                              0000001A


MEMORY USAGE MAP ('X' = Used,  '-' = Unused)

0000 : X---XXXXXXXXXXXX XXXXXXXXXXXX---- ---------------- ----------------
2000 : -------X-------- ---------------- ---------------- ----------------

All other memory blocks unused.

Program Memory Words Used:    25
Program Memory Words Free:  2023


Errors   :     0
Warnings :     1 reported,     0 suppressed
Messages :     4 reported,     0 suppressed

