MPASM  5.51                 MULTIPLICACAO.ASM   8-21-2020  19:25:25         PAGE  1


LOC  OBJECT CODE     LINE SOURCE TEXT
  VALUE

                      00001 ;
                      00002 ;               PIC16F628A                      Clock = 4 MHz   
                      00003 ;
                      00004 ;               Este programa tem o intuito de demonstrar como se faz a operação de multiplicação em Ass
                            embly, já que esta opera-
                      00005 ;       ção não está implementada nas instruções do Pic.
                      00006 ;
                      00007 ;               No debug o programa funcionou como esperado e fez a multiplicação.
                      00008 ;
                      00009 
                      00010         
                      00011 
                      00012         list p=16F628A                                                  ; Informa o microcontrolador uti
                            lizado
                      00013         
                      00014 ; --- Inclusão de arquivos ---
                      00015 
                      00016         #include <p16f628a.inc>                                 ; Inclui o arquivo de registradores do m
                            cu
                      00001         LIST
                      00002 
                      00003 ;==========================================================================
                      00004 ;  MPASM PIC16F628A processor include
                      00005 ; 
                      00006 ;  (c) Copyright 1999-2013 Microchip Technology, All rights reserved
                      00007 ;==========================================================================
                      00008 
                      00385         LIST
                      00017         
                      00018 ; --- Fuse bits ---
                      00019 
                      00020 ;       - Clock externo de 4MHz
                      00021 ;       - Watch Dog Timer desligado
                      00022 ;       - Power Up Time ligado
                      00023 ;       - Master Clear ligado
                      00024 ;       - Brown Out Detect desligado
                      00025 ;       - Programação em baixa tensão desligada
                      00026 ;       - Proteção de código desligada
                      00027 ;       - Proteção da memória EEPROM desligada
                      00028 
2007   3F21           00029         __config _XT_OSC & _WDT_OFF & _PWRTE_ON & _MCLRE_ON & _BOREN_OFF & _LVP_OFF & _CPD_OFF & _CP_OFF
                      00030         
                      00031         
                      00032 ;       ---     Paginação de memória ---
                      00033 
                      00034         #define bank0   bcf     STATUS,RP0                      ; Cria um mnemônico para selecionar o ba
                            nco 0 de memória        
                      00035         #define bank1   bsf     STATUS,RP0                      ; Cria um mnemônico para selecionar o ba
                            nco 1 de memória
                      00036         
                      00037 ;       --- Saídas ---
                      00038 
                      00039         #define led1    PORTA,3                                 ; Cria um mnemônico para ligar e desliga
MPASM  5.51                 MULTIPLICACAO.ASM   8-21-2020  19:25:25         PAGE  2


LOC  OBJECT CODE     LINE SOURCE TEXT
  VALUE

                            r led1
                      00040         #define led2    PORTA,2                                 ; Cria um mnemônico para ligar e desliga
                            r led2
                      00041         
                      00042 ;       --- Entradas ---
                      00043 
                      00044         #define botao1  PORTB,0                                 ; Cria um mnemônico para botao1
                      00045         
                      00046 ;       --- Registradores de uso geral ---
                      00047 
                      00048         cblock          H'20'                                           ; Inicio da memória de usuário
                      00049         
  00000020            00050         A0                                                                              ; Armazena um do
                            s números que serão multiplicados
  00000021            00051         B0                                                                              ; Armazena um do
                            s números que serão multiplicados
  00000022            00052         C0                                                                              ; Armazena o res
                            ultado da multiplicação
  00000023            00053         C1                                                                              ; Armazena o res
                            ultado da multiplicação
                      00054         
                      00055         endc
                      00056         
                      00057 ;       --- Vetor de reset
                      00058 
0000                  00059         org             H'0000'                                                 ; Origem no endereço 00h
                             de memória
0000   2805           00060         goto    inicio                                                  ; Desvia para a label inicio
                      00061         
                      00062 ;       --- Vetor de interrupção
                      00063 
0004                  00064         org             H'0004'                                                 ; As interrupções do pro
                            cessador apontar para o endereço 0004h
0004   0009           00065         retfie                                                                  ; Retorna da interrupção
                      00066         
0005                  00067 inicio:
                      00068 
0005   1283           00069         bank0                                                                   ; Seleciona o banco 0 de
                             memória
0006   3007           00070         movlw   H'07'                                                   ; w= 07h
0007   009F           00071         movwf   CMCON                                                   ; CMCON = 07h
0008   1683           00072         bank1                                                                   ; Seleciona o banco 1 de
                             memória
0009   3013           00073         movlw   H'13'                                                   ; w = 13h
Message[302]: Register in operand not in bank 0.  Ensure that bank bits are correct.
000A   0085           00074         movwf   TRISA                                                   ; TRISA = w, configura apenas RA
                            2 e RA3 como saídas digitais
000B   30FF           00075         movlw   H'FF'                                                   ; w = 00h
Message[302]: Register in operand not in bank 0.  Ensure that bank bits are correct.
000C   0086           00076         movwf   TRISB                                                   ; TRISB = 00h, configura todos o
                            s pinos do portb como saída digital
000D   1283           00077         bank0                                                                   ; Seleciona o banco 0 de
                             memória
MPASM  5.51                 MULTIPLICACAO.ASM   8-21-2020  19:25:25         PAGE  3


LOC  OBJECT CODE     LINE SOURCE TEXT
  VALUE

000E   3032           00078         movlw   d'50'                                                   ; w = 50d
000F   00A0           00079         movwf   A0                                                              ; A0 = w
0010   3037           00080         movlw   d'55'                                                   ; w = 55d
0011   00A1           00081         movwf   B0                                                              ; B0 = w
0012   2014           00082         call    multiplicacao
                      00083         
0013   2813           00084         goto    $                                                               ; Loop infinito sem nenh
                            uma função
                      00085         
                      00086 ;       --- Sub-rotinas ---
                      00087 
Warning[207]: Found label after column 1. (multiplicacao)
0014                  00088         multiplicacao:
                      00089         
0014   01A2           00090                 clrf    C0                                                      ; Limpa C0
0015   01A3           00091                 clrf    C1                                                      ; Limpa C1
0016   0820           00092                 movf    A0,w                                            ; w = A0
0017   00A2           00093                 movwf   C0                                                      ; C0 = w
                      00094                 
Warning[207]: Found label after column 1. (mult)
0018                  00095         mult:                                                           ; Cria label multi para fazer a 
                            multiplicação
                      00096                         
0018   03A1           00097                 decf    B0,F                                    ; Decrementa 1 de B0 e salva nele mesmo
0019   1903           00098                 btfsc   STATUS,Z                                ; Testa se B0 chegou a zero. Se sim, Z =
                             1
001A   0008           00099                 return                                                  ; Sai da sub-rotina
001B   0820           00100                 movf    A0,w                                    ; w = A0
001C   07A2           00101                 addwf   C0,F                                    ; Adiciona w em C0 e salva no próprio C0
001D   1803           00102                 btfsc   STATUS,C                                ; Testa se houve transbordo em C0, se si
                            m, C = 1
001E   0AA3           00103                 incf    C1,F                                    ; Se houve transbordo, incrementa C1 e s
                            alva nele mesmo
001F   2818           00104                 goto    mult                                    ; Desvia para a label mult
                      00105                 
                      00106                 ;       Esta sub-rotina faz a multiplicação de A0 com B0 somando A0 com A0, B0 vezes. Ou
                             seja, 50 x 55 = 50 + 50 + ...
                      00107                 ;       + 50 + 50 ... (55 vezes).
                      00108                 
                      00109         
                      00110         end                                                                     ; Final do programa 
MPASM  5.51                 MULTIPLICACAO.ASM   8-21-2020  19:25:25         PAGE  4


SYMBOL TABLE
  LABEL                             VALUE 

A0                                00000020
ADDEN                             00000003
ADEN                              00000003
B0                                00000021
BRGH                              00000002
C                                 00000000
C0                                00000022
C1                                00000023
C1INV                             00000004
C1OUT                             00000006
C2INV                             00000005
C2OUT                             00000007
CCP1CON                           00000017
CCP1IE                            00000002
CCP1IF                            00000002
CCP1M0                            00000000
CCP1M1                            00000001
CCP1M2                            00000002
CCP1M3                            00000003
CCP1X                             00000005
CCP1Y                             00000004
CCPR1                             00000015
CCPR1H                            00000016
CCPR1L                            00000015
CIS                               00000003
CM0                               00000000
CM1                               00000001
CM2                               00000002
CMCON                             0000001F
CMIE                              00000006
CMIF                              00000006
CREN                              00000004
CSRC                              00000007
DATA_CP_OFF                       00003FFF
DATA_CP_ON                        00003EFF
DC                                00000001
EEADR                             0000009B
EECON1                            0000009C
EECON2                            0000009D
EEDATA                            0000009A
EEIE                              00000007
EEIF                              00000007
F                                 00000001
FERR                              00000002
FSR                               00000004
GIE                               00000007
INDF                              00000000
INTCON                            0000000B
INTE                              00000004
INTEDG                            00000006
INTF                              00000001
IRP                               00000007
NOT_BO                            00000000
MPASM  5.51                 MULTIPLICACAO.ASM   8-21-2020  19:25:25         PAGE  5


SYMBOL TABLE
  LABEL                             VALUE 

NOT_BOD                           00000000
NOT_BOR                           00000000
NOT_PD                            00000003
NOT_POR                           00000001
NOT_RBPU                          00000007
NOT_T1SYNC                        00000002
NOT_TO                            00000004
OERR                              00000001
OPTION_REG                        00000081
OSCF                              00000003
PCL                               00000002
PCLATH                            0000000A
PCON                              0000008E
PEIE                              00000006
PIE1                              0000008C
PIR1                              0000000C
PORTA                             00000005
PORTB                             00000006
PR2                               00000092
PS0                               00000000
PS1                               00000001
PS2                               00000002
PSA                               00000003
RA0                               00000000
RA1                               00000001
RA2                               00000002
RA3                               00000003
RA4                               00000004
RA5                               00000005
RA6                               00000006
RA7                               00000007
RB0                               00000000
RB1                               00000001
RB2                               00000002
RB3                               00000003
RB4                               00000004
RB5                               00000005
RB6                               00000006
RB7                               00000007
RBIE                              00000003
RBIF                              00000000
RCIE                              00000005
RCIF                              00000005
RCREG                             0000001A
RCSTA                             00000018
RD                                00000000
RP0                               00000005
RP1                               00000006
RX9                               00000006
RX9D                              00000000
SPBRG                             00000099
SPEN                              00000007
SREN                              00000005
MPASM  5.51                 MULTIPLICACAO.ASM   8-21-2020  19:25:25         PAGE  6


SYMBOL TABLE
  LABEL                             VALUE 

STATUS                            00000003
SYNC                              00000004
T0CS                              00000005
T0IE                              00000005
T0IF                              00000002
T0SE                              00000004
T1CKPS0                           00000004
T1CKPS1                           00000005
T1CON                             00000010
T1OSCEN                           00000003
T2CKPS0                           00000000
T2CKPS1                           00000001
T2CON                             00000012
TMR0                              00000001
TMR0IE                            00000005
TMR0IF                            00000002
TMR1                              0000000E
TMR1CS                            00000001
TMR1H                             0000000F
TMR1IE                            00000000
TMR1IF                            00000000
TMR1L                             0000000E
TMR1ON                            00000000
TMR2                              00000011
TMR2IE                            00000001
TMR2IF                            00000001
TMR2ON                            00000002
TOUTPS0                           00000003
TOUTPS1                           00000004
TOUTPS2                           00000005
TOUTPS3                           00000006
TRISA                             00000085
TRISA0                            00000000
TRISA1                            00000001
TRISA2                            00000002
TRISA3                            00000003
TRISA4                            00000004
TRISA5                            00000005
TRISA6                            00000006
TRISA7                            00000007
TRISB                             00000086
TRISB0                            00000000
TRISB1                            00000001
TRISB2                            00000002
TRISB3                            00000003
TRISB4                            00000004
TRISB5                            00000005
TRISB6                            00000006
TRISB7                            00000007
TRMT                              00000001
TX9                               00000006
TX9D                              00000000
TXEN                              00000005
MPASM  5.51                 MULTIPLICACAO.ASM   8-21-2020  19:25:25         PAGE  7


SYMBOL TABLE
  LABEL                             VALUE 

TXIE                              00000004
TXIF                              00000004
TXREG                             00000019
TXSTA                             00000098
VR0                               00000000
VR1                               00000001
VR2                               00000002
VR3                               00000003
VRCON                             0000009F
VREN                              00000007
VROE                              00000006
VRR                               00000005
W                                 00000000
WR                                00000001
WREN                              00000002
WRERR                             00000003
Z                                 00000002
_BODEN_OFF                        00003FBF
_BODEN_ON                         00003FFF
_BOREN_OFF                        00003FBF
_BOREN_ON                         00003FFF
_CONFIG                           00002007
_CPD_OFF                          00003FFF
_CPD_ON                           00003EFF
_CP_OFF                           00003FFF
_CP_ON                            00001FFF
_DEVID1                           00002006
_ER_OSC_CLKOUT                    00003FFF
_ER_OSC_NOCLKOUT                  00003FFE
_EXTCLK_OSC                       00003FEF
_FOSC_ECIO                        00003FEF
_FOSC_EXTRCCLK                    00003FFF
_FOSC_EXTRCIO                     00003FFE
_FOSC_HS                          00003FEE
_FOSC_INTOSCCLK                   00003FFD
_FOSC_INTOSCIO                    00003FFC
_FOSC_LP                          00003FEC
_FOSC_XT                          00003FED
_HS_OSC                           00003FEE
_IDLOC0                           00002000
_IDLOC1                           00002001
_IDLOC2                           00002002
_IDLOC3                           00002003
_INTOSC_OSC_CLKOUT                00003FFD
_INTOSC_OSC_NOCLKOUT              00003FFC
_INTRC_OSC_CLKOUT                 00003FFD
_INTRC_OSC_NOCLKOUT               00003FFC
_LP_OSC                           00003FEC
_LVP_OFF                          00003F7F
_LVP_ON                           00003FFF
_MCLRE_OFF                        00003FDF
_MCLRE_ON                         00003FFF
_PWRTE_OFF                        00003FFF
MPASM  5.51                 MULTIPLICACAO.ASM   8-21-2020  19:25:25         PAGE  8


SYMBOL TABLE
  LABEL                             VALUE 

_PWRTE_ON                         00003FF7
_RC_OSC_CLKOUT                    00003FFF
_RC_OSC_NOCLKOUT                  00003FFE
_WDTE_OFF                         00003FFB
_WDTE_ON                          00003FFF
_WDT_OFF                          00003FFB
_WDT_ON                           00003FFF
_XT_OSC                           00003FED
__16F628A                         00000001
__DEBUG                           1
bank0                             bcf     STATUS,RP0
bank1                             bsf     STATUS,RP0
botao1                            PORTB,0
inicio                            00000005
led1                              PORTA,3
led2                              PORTA,2
mult                              00000018
multiplicacao                     00000014


MEMORY USAGE MAP ('X' = Used,  '-' = Unused)

0000 : X---XXXXXXXXXXXX XXXXXXXXXXXXXXXX ---------------- ----------------
2000 : -------X-------- ---------------- ---------------- ----------------

All other memory blocks unused.

Program Memory Words Used:    29
Program Memory Words Free:  2019


Errors   :     0
Warnings :     2 reported,     0 suppressed
Messages :     2 reported,     0 suppressed

