MPASM  5.51             COMPARADORINTERNO.ASM   9-3-2020  10:17:35         PAGE  1


LOC  OBJECT CODE     LINE SOURCE TEXT
  VALUE

                      00001 ;
                      00002 ;               O objetivo deste programa é fazer a configuração dos comparadores internos e utilizar su
                            a interrupção. Será usado
                      00003 ;       o modo de dois comparadores independêntes e apenas um deles será utilizado no programa. O compar
                            ador irá simplesmente
                      00004 ;       comparar um valor de referência na porta inversora (RA0) com um valor que varia de acordo com um
                             potenciômetro na 
                      00005 ;       entrada não inversora (RA3). Como se sabe, quando o valor da porta inversora é maior, a saída ap
                            resenta nível lógico
                      00006 ;       baixo, enquanto se o valor da porta não inversora for maior, a saída apresenta nível lógico alto
                            . 
                      00007 ;               No modo que será utilizado, que é o modo de dois comparadores independente, as saídas do
                            s comparadores alteram o
                      00008 ;       estado de uma flag interna, denominada C1OUT para o comparador 1 e C2 OUT para o comparador 2. N
                            este modo, a saída
                      00009 ;       do comparador é lida internamente, por software.
                      00010 ;               Quando a saída muda de estado, seja de Low para High ou de High para Low, caso a interru
                            pção dos comparadores 
                      00011 ;       internos esteja ativada, a flag CMIF seta para indicar que ouve uma mudança de estado da saída d
                            o comparador, gerando,
                      00012 ;       assim, uma interrupção.
                      00013 ;               Neste programa, a interrupção do comparador terá a única função de acender o led caso a 
                            saída do comparador esteja
                      00014 ;       e nível alto e apagar o led caso a saída esteja em nível baixo.         
                      00015 ;
                      00016 ;
                      00017 ;
                      00018 ;               Na simulação e na prática o circuito e o programa funcionaram perfeitamente.    
                      00019 ;
                      00020 
                      00021 
                      00022         list            p=16f628a                                       ; Informa o microcontrolador uti
                            lizado
                      00023         
                      00024 
                      00025 ; --- Documentação ---
                      00026 
                      00027         #include        <p16f628a.inc>                          ; Inclui o documento que contém os regis
                            tradores do Pic
                      00001         LIST
                      00002 
                      00003 ;==========================================================================
                      00004 ;  MPASM PIC16F628A processor include
                      00005 ; 
                      00006 ;  (c) Copyright 1999-2013 Microchip Technology, All rights reserved
                      00007 ;==========================================================================
                      00008 
                      00385         LIST
                      00028         
                      00029 ; --- Fuse bits ---
                      00030 
2007   3F21           00031         __config        _XT_OSC & _WDT_OFF & _PWRTE_ON & _MCLRE_ON & _BOREN_OFF & _LVP_OFF & _CPD_OFF & 
                            _CP_OFF
MPASM  5.51             COMPARADORINTERNO.ASM   9-3-2020  10:17:35         PAGE  2


LOC  OBJECT CODE     LINE SOURCE TEXT
  VALUE

                      00032         
                      00033 ; Configura clock em 4MHz, ativa o Power Up Timer e ativa o Master Clear
                      00034 
                      00035 ; --- Paginação de memória ---
                      00036 
                      00037         #define         bank0   bcf     STATUS,RP0              ; Cria mnemônico para selecionar banco 0
                             de memória
                      00038         #define         bank1   bsf     STATUS,RP0              ; Cria mnemônico para selecionar banco 1
                             de memória 
                      00039         
                      00040 ; --- Mapeamento de hardware ---
                      00041 
                      00042         #define         led1    PORTB,0                         ; Cria mnemônico para led1 em RA3
                      00043         #define         led2    PORTB,1                         ; Cria mnemônico para led2 em RA2
                      00044         #define         botao1  PORTB,7                         ; Cria mnemônico para botao1 em RB0
                      00045         
                      00046 ; --- Registradores de uso geral ---
                      00047 
                      00048         cblock          H'20'                                           ; Endereço de início para config
                            uração de registradores de uso geral
                      00049         
  00000020            00050         W_TEMP                                                                  ; Armazena o conteúdo de
                             w temporariamente
  00000021            00051         STATUS_TEMP                                                             ; Armazena o conteúdo de
                             STATUS temporariamente
                      00052         
                      00053         endc                                                                    ; Fim da configuração do
                            s registradores de uso geral
                      00054         
                      00055 ; --- Vetor de Reset ---
                      00056 
0000                  00057         org                     H'0000'                                         ; Origem do endereço de 
                            memória para o vetor de Reset
                      00058         
0000   2815           00059         goto            inicio                                          ; Desvia para label do programa 
                            principal
                      00060         
                      00061 ; --- Vetor de Interrupção ---
                      00062 
0004                  00063         org                     H'0004'                                         ; Origem do endereço de 
                            memória para o vetor de Interrupção
                      00064         
                      00065 ; -- Salvamento de contexto --
                      00066 
0004   00A0           00067         movwf           W_TEMP                                          ; W_TEMP = w
0005   0E03           00068         swapf           STATUS,w                                        ; w = STATUS (com nibbles invert
                            idos)
0006   1283           00069         bank0                                                                   ; Seleciona banco 0 de m
                            emória
0007   00A1           00070         movwf           STATUS_TEMP                                     ; STATUS_TEMP = STATUS (com nibb
                            les invertidos)
                      00071         
                      00072 ; -- Fim do salvamento de contexto --
MPASM  5.51             COMPARADORINTERNO.ASM   9-3-2020  10:17:35         PAGE  3


LOC  OBJECT CODE     LINE SOURCE TEXT
  VALUE

                      00073 
                      00074         ; Desenvolvimento da ISR...
                      00075         
0008   1F0C           00076         btfss           PIR1,CMIF                                       ; Testa se flag CMIF setou, se s
                            im, pula uma linha
0009   2810           00077         goto            exit_ISR                                        ; Se não setou, sai da interrupç
                            ão
000A   130C           00078         bcf                     PIR1,CMIF                                       ; Limpa flag CMIF
                      00079         
000B   1B1F           00080         btfsc           CMCON,C1OUT                                     ; Testa se a saída do comparador
                             é Low, se for, pula uma linha
000C   280F           00081         goto            acende_Led                                      ; Se não for, desvia para label 
                            acende_Led
000D   1006           00082         bcf                     led1                                            ; Apaga led1
000E   2810           00083         goto            exit_ISR                                        ; Sai da interrupção
                      00084         
000F                  00085 acende_Led:
                      00086 
000F   1406           00087         bsf                     led1                                            ; Acende led1
                      00088         
                      00089 ; -- Recuperação de contexto --
                      00090 
0010                  00091 exit_ISR:
                      00092 
0010   0E21           00093         swapf           STATUS_TEMP,w                           ; w = STATUS (original)
0011   0083           00094         movwf           STATUS                                          ; STATUS = STATUS (original)
0012   0EA0           00095         swapf           W_TEMP,F                                        ; W_TEMP = w (com nibbles invert
                            idos)
0013   0E20           00096         swapf           W_TEMP,w                                        ; w = w (original)
                      00097         
0014   0009           00098         retfie                                                                  ; Retorna para endereço 
                            que estava quando ocorreu a interrupção
                      00099         
                      00100 ; -- Fim da recuperação de contexto --
                      00101 
                      00102 
                      00103 ; --- Programa principal --- 
                      00104 
0015                  00105 inicio:                                                                         ; Cria label para progra
                            ma principal
                      00106 
0015   1683           00107         bank1                                                                   ; Seleciona o banco 1 de
                             memória
0016   30FF           00108         movlw           H'FF'                                           ; w = FFh
Message[302]: Register in operand not in bank 0.  Ensure that bank bits are correct.
0017   0085           00109         movwf           TRISA                                           ; Configura todo PORTA como entr
                            ada
0018   30FE           00110         movlw           H'FE'                                           ; w = FEh 
Message[302]: Register in operand not in bank 0.  Ensure that bank bits are correct.
0019   0086           00111         movwf           TRISB                                           ; Configura apenas RB0 como saíd
                            a digital, o resto como entrada
Message[302]: Register in operand not in bank 0.  Ensure that bank bits are correct.
001A   170C           00112         bsf                     PIE1,CMIE                                       ; Ativa a interrupção do
MPASM  5.51             COMPARADORINTERNO.ASM   9-3-2020  10:17:35         PAGE  4


LOC  OBJECT CODE     LINE SOURCE TEXT
  VALUE

                            s comparador internos
001B   1283           00113         bank0                                                                   ; Seleciona banco 0 de m
                            emória
001C   3004           00114         movlw           H'04'                                           ; w = 04F
001D   009F           00115         movwf           CMCON                                           ; Configura dois comparadores in
                            ternos independentes
001E   30C0           00116         movlw           H'C0'                                           ; w = C0h
001F   008B           00117         movwf           INTCON                                          ; Ativa a interrupção global e p
                            or periféricos
                      00118         
0020   1006           00119         bcf                     led1                                            ; Inicia led1 em Low
                      00120 
                      00121 
                      00122 ; --- Loop infinito ---
                      00123 
0021                  00124 loop:                                                                           ; Cria label para loop i
                            nfinito
                      00125 
                      00126 
                      00127 
0021   2821           00128         goto            loop                                            ; Loop infinito
                      00129         
                      00130 
                      00131 ; --- Sub Rotinas --- 
                      00132 
                      00133         
                      00134         
                      00135         
                      00136 ; --- Fim do programa ---
                      00137 
Warning[205]: Found directive in column 1. (end)
                      00138 end                                                                                     ; Final do progr
                            ama
MPASM  5.51             COMPARADORINTERNO.ASM   9-3-2020  10:17:35         PAGE  5


SYMBOL TABLE
  LABEL                             VALUE 

ADDEN                             00000003
ADEN                              00000003
BRGH                              00000002
C                                 00000000
C1INV                             00000004
C1OUT                             00000006
C2INV                             00000005
C2OUT                             00000007
CCP1CON                           00000017
CCP1IE                            00000002
CCP1IF                            00000002
CCP1M0                            00000000
CCP1M1                            00000001
CCP1M2                            00000002
CCP1M3                            00000003
CCP1X                             00000005
CCP1Y                             00000004
CCPR1                             00000015
CCPR1H                            00000016
CCPR1L                            00000015
CIS                               00000003
CM0                               00000000
CM1                               00000001
CM2                               00000002
CMCON                             0000001F
CMIE                              00000006
CMIF                              00000006
CREN                              00000004
CSRC                              00000007
DATA_CP_OFF                       00003FFF
DATA_CP_ON                        00003EFF
DC                                00000001
EEADR                             0000009B
EECON1                            0000009C
EECON2                            0000009D
EEDATA                            0000009A
EEIE                              00000007
EEIF                              00000007
F                                 00000001
FERR                              00000002
FSR                               00000004
GIE                               00000007
INDF                              00000000
INTCON                            0000000B
INTE                              00000004
INTEDG                            00000006
INTF                              00000001
IRP                               00000007
NOT_BO                            00000000
NOT_BOD                           00000000
NOT_BOR                           00000000
NOT_PD                            00000003
NOT_POR                           00000001
MPASM  5.51             COMPARADORINTERNO.ASM   9-3-2020  10:17:35         PAGE  6


SYMBOL TABLE
  LABEL                             VALUE 

NOT_RBPU                          00000007
NOT_T1SYNC                        00000002
NOT_TO                            00000004
OERR                              00000001
OPTION_REG                        00000081
OSCF                              00000003
PCL                               00000002
PCLATH                            0000000A
PCON                              0000008E
PEIE                              00000006
PIE1                              0000008C
PIR1                              0000000C
PORTA                             00000005
PORTB                             00000006
PR2                               00000092
PS0                               00000000
PS1                               00000001
PS2                               00000002
PSA                               00000003
RA0                               00000000
RA1                               00000001
RA2                               00000002
RA3                               00000003
RA4                               00000004
RA5                               00000005
RA6                               00000006
RA7                               00000007
RB0                               00000000
RB1                               00000001
RB2                               00000002
RB3                               00000003
RB4                               00000004
RB5                               00000005
RB6                               00000006
RB7                               00000007
RBIE                              00000003
RBIF                              00000000
RCIE                              00000005
RCIF                              00000005
RCREG                             0000001A
RCSTA                             00000018
RD                                00000000
RP0                               00000005
RP1                               00000006
RX9                               00000006
RX9D                              00000000
SPBRG                             00000099
SPEN                              00000007
SREN                              00000005
STATUS                            00000003
STATUS_TEMP                       00000021
SYNC                              00000004
T0CS                              00000005
MPASM  5.51             COMPARADORINTERNO.ASM   9-3-2020  10:17:35         PAGE  7


SYMBOL TABLE
  LABEL                             VALUE 

T0IE                              00000005
T0IF                              00000002
T0SE                              00000004
T1CKPS0                           00000004
T1CKPS1                           00000005
T1CON                             00000010
T1OSCEN                           00000003
T2CKPS0                           00000000
T2CKPS1                           00000001
T2CON                             00000012
TMR0                              00000001
TMR0IE                            00000005
TMR0IF                            00000002
TMR1                              0000000E
TMR1CS                            00000001
TMR1H                             0000000F
TMR1IE                            00000000
TMR1IF                            00000000
TMR1L                             0000000E
TMR1ON                            00000000
TMR2                              00000011
TMR2IE                            00000001
TMR2IF                            00000001
TMR2ON                            00000002
TOUTPS0                           00000003
TOUTPS1                           00000004
TOUTPS2                           00000005
TOUTPS3                           00000006
TRISA                             00000085
TRISA0                            00000000
TRISA1                            00000001
TRISA2                            00000002
TRISA3                            00000003
TRISA4                            00000004
TRISA5                            00000005
TRISA6                            00000006
TRISA7                            00000007
TRISB                             00000086
TRISB0                            00000000
TRISB1                            00000001
TRISB2                            00000002
TRISB3                            00000003
TRISB4                            00000004
TRISB5                            00000005
TRISB6                            00000006
TRISB7                            00000007
TRMT                              00000001
TX9                               00000006
TX9D                              00000000
TXEN                              00000005
TXIE                              00000004
TXIF                              00000004
TXREG                             00000019
MPASM  5.51             COMPARADORINTERNO.ASM   9-3-2020  10:17:35         PAGE  8


SYMBOL TABLE
  LABEL                             VALUE 

TXSTA                             00000098
VR0                               00000000
VR1                               00000001
VR2                               00000002
VR3                               00000003
VRCON                             0000009F
VREN                              00000007
VROE                              00000006
VRR                               00000005
W                                 00000000
WR                                00000001
WREN                              00000002
WRERR                             00000003
W_TEMP                            00000020
Z                                 00000002
_BODEN_OFF                        00003FBF
_BODEN_ON                         00003FFF
_BOREN_OFF                        00003FBF
_BOREN_ON                         00003FFF
_CONFIG                           00002007
_CPD_OFF                          00003FFF
_CPD_ON                           00003EFF
_CP_OFF                           00003FFF
_CP_ON                            00001FFF
_DEVID1                           00002006
_ER_OSC_CLKOUT                    00003FFF
_ER_OSC_NOCLKOUT                  00003FFE
_EXTCLK_OSC                       00003FEF
_FOSC_ECIO                        00003FEF
_FOSC_EXTRCCLK                    00003FFF
_FOSC_EXTRCIO                     00003FFE
_FOSC_HS                          00003FEE
_FOSC_INTOSCCLK                   00003FFD
_FOSC_INTOSCIO                    00003FFC
_FOSC_LP                          00003FEC
_FOSC_XT                          00003FED
_HS_OSC                           00003FEE
_IDLOC0                           00002000
_IDLOC1                           00002001
_IDLOC2                           00002002
_IDLOC3                           00002003
_INTOSC_OSC_CLKOUT                00003FFD
_INTOSC_OSC_NOCLKOUT              00003FFC
_INTRC_OSC_CLKOUT                 00003FFD
_INTRC_OSC_NOCLKOUT               00003FFC
_LP_OSC                           00003FEC
_LVP_OFF                          00003F7F
_LVP_ON                           00003FFF
_MCLRE_OFF                        00003FDF
_MCLRE_ON                         00003FFF
_PWRTE_OFF                        00003FFF
_PWRTE_ON                         00003FF7
_RC_OSC_CLKOUT                    00003FFF
MPASM  5.51             COMPARADORINTERNO.ASM   9-3-2020  10:17:35         PAGE  9


SYMBOL TABLE
  LABEL                             VALUE 

_RC_OSC_NOCLKOUT                  00003FFE
_WDTE_OFF                         00003FFB
_WDTE_ON                          00003FFF
_WDT_OFF                          00003FFB
_WDT_ON                           00003FFF
_XT_OSC                           00003FED
__16F628A                         00000001
__DEBUG                           1
acende_Led                        0000000F
bank0                             bcf     STATUS,RP0
bank1                             bsf     STATUS,RP0
botao1                            PORTB,7
exit_ISR                          00000010
inicio                            00000015
led1                              PORTB,0
led2                              PORTB,1
loop                              00000021


MEMORY USAGE MAP ('X' = Used,  '-' = Unused)

0000 : X---XXXXXXXXXXXX XXXXXXXXXXXXXXXX XX-------------- ----------------
2000 : -------X-------- ---------------- ---------------- ----------------

All other memory blocks unused.

Program Memory Words Used:    31
Program Memory Words Free:  2017


Errors   :     0
Warnings :     1 reported,     0 suppressed
Messages :     3 reported,     0 suppressed

