MPASM  5.51                 PWMCOMPARADOR.ASM   9-3-2020  10:51:46         PAGE  1


LOC  OBJECT CODE     LINE SOURCE TEXT
  VALUE

                      00001 ;
                      00002 ;               Este programa tem o objetivo de criar um PWM a partir da interrupção dos comparadores in
                            ternos, configurados com
                      00003 ;       dois comparadores independente. O código utilizado é o mesmo da aula passada, denominada "Compar
                            adorInterno".
                      00004 ;               Para criar o PWM, coloca-se um sinal senoidal na porta não-inversora e um potenciômetro 
                            na porta inversora. Assim,
                      00005 ;       quando o sinal senoidal (não-inversora) for maior que a tensão do potenciômetro (inversora), a s
                            aída é High, e do
                      00006 ;       contrário, a saída é Low. Assim, quanto maior a tensão do potenciômetro, menor é o semiciclo ati
                            vo do sinal PWM.
                      00007 ;               Nesta aula foi utilizado um sinal senoidal para gerar o PWM, comparando o sinal com uma 
                            tensão de referência.
                      00008 ;       Porém, pode-se usar também um sinal do tipo triangular, gerada pela carga e descarga de um capac
                            itor num circuito
                      00009 ;       RC. Utilizando um oscilador com um CI 555, consegue-se esta onda triangular, pela carga e descar
                            ga do capacitor.
                      00010 ;       Ainda, podem ser estudados no futuro outros tipos de osciladores com circuito RC, capazes de for
                            necer um sinal tri-
                      00011 ;       angular.
                      00012 ;
                      00013 ;
                      00014 ;               Na simulação o circuito e o programa funcionaram perfeitamente.         
                      00015 ;
                      00016 
                      00017         list            p=16f628a                                       ; Informa o microcontrolador uti
                            lizado
                      00018         
                      00019 
                      00020 ; --- Documentação ---
                      00021 
                      00022         #include        <p16f628a.inc>                          ; Inclui o documento que contém os regis
                            tradores do Pic
                      00001         LIST
                      00002 
                      00003 ;==========================================================================
                      00004 ;  MPASM PIC16F628A processor include
                      00005 ; 
                      00006 ;  (c) Copyright 1999-2013 Microchip Technology, All rights reserved
                      00007 ;==========================================================================
                      00008 
                      00385         LIST
                      00023         
                      00024 ; --- Fuse bits ---
                      00025 
2007   3F21           00026         __config        _XT_OSC & _WDT_OFF & _PWRTE_ON & _MCLRE_ON & _BOREN_OFF & _LVP_OFF & _CPD_OFF & 
                            _CP_OFF
                      00027         
                      00028 ; Configura clock em 4MHz, ativa o Power Up Timer e ativa o Master Clear
                      00029 
                      00030 ; --- Paginação de memória ---
                      00031 
                      00032         #define         bank0   bcf     STATUS,RP0              ; Cria mnemônico para selecionar banco 0
MPASM  5.51                 PWMCOMPARADOR.ASM   9-3-2020  10:51:46         PAGE  2


LOC  OBJECT CODE     LINE SOURCE TEXT
  VALUE

                             de memória
                      00033         #define         bank1   bsf     STATUS,RP0              ; Cria mnemônico para selecionar banco 1
                             de memória 
                      00034         
                      00035 ; --- Mapeamento de hardware ---
                      00036 
                      00037         #define         led1    PORTB,0                         ; Cria mnemônico para led1 em RA3
                      00038         #define         led2    PORTB,1                         ; Cria mnemônico para led2 em RA2
                      00039         #define         botao1  PORTB,7                         ; Cria mnemônico para botao1 em RB0
                      00040         
                      00041 ; --- Registradores de uso geral ---
                      00042 
                      00043         cblock          H'20'                                           ; Endereço de início para config
                            uração de registradores de uso geral
                      00044         
  00000020            00045         W_TEMP                                                                  ; Armazena o conteúdo de
                             w temporariamente
  00000021            00046         STATUS_TEMP                                                             ; Armazena o conteúdo de
                             STATUS temporariamente
                      00047         
                      00048         endc                                                                    ; Fim da configuração do
                            s registradores de uso geral
                      00049         
                      00050 ; --- Vetor de Reset ---
                      00051 
0000                  00052         org                     H'0000'                                         ; Origem do endereço de 
                            memória para o vetor de Reset
                      00053         
0000   2815           00054         goto            inicio                                          ; Desvia para label do programa 
                            principal
                      00055         
                      00056 ; --- Vetor de Interrupção ---
                      00057 
0004                  00058         org                     H'0004'                                         ; Origem do endereço de 
                            memória para o vetor de Interrupção
                      00059         
                      00060 ; -- Salvamento de contexto --
                      00061 
0004   00A0           00062         movwf           W_TEMP                                          ; W_TEMP = w
0005   0E03           00063         swapf           STATUS,w                                        ; w = STATUS (com nibbles invert
                            idos)
0006   1283           00064         bank0                                                                   ; Seleciona banco 0 de m
                            emória
0007   00A1           00065         movwf           STATUS_TEMP                                     ; STATUS_TEMP = STATUS (com nibb
                            les invertidos)
                      00066         
                      00067 ; -- Fim do salvamento de contexto --
                      00068 
                      00069         ; Desenvolvimento da ISR...
                      00070         
0008   1F0C           00071         btfss           PIR1,CMIF                                       ; Testa se flag CMIF setou, se s
                            im, pula uma linha
0009   2810           00072         goto            exit_ISR                                        ; Se não setou, sai da interrupç
MPASM  5.51                 PWMCOMPARADOR.ASM   9-3-2020  10:51:46         PAGE  3


LOC  OBJECT CODE     LINE SOURCE TEXT
  VALUE

                            ão
000A   130C           00073         bcf                     PIR1,CMIF                                       ; Limpa flag CMIF
                      00074         
000B   1B1F           00075         btfsc           CMCON,C1OUT                                     ; Testa se a saída do comparador
                             é Low, se for, pula uma linha
000C   280F           00076         goto            acende_Led                                      ; Se não for, desvia para label 
                            acende_Led
000D   1006           00077         bcf                     led1                                            ; Apaga led1
000E   2810           00078         goto            exit_ISR                                        ; Sai da interrupção
                      00079         
000F                  00080 acende_Led:
                      00081 
000F   1406           00082         bsf                     led1                                            ; Acende led1
                      00083         
                      00084 ; -- Recuperação de contexto --
                      00085 
0010                  00086 exit_ISR:
                      00087 
0010   0E21           00088         swapf           STATUS_TEMP,w                           ; w = STATUS (original)
0011   0083           00089         movwf           STATUS                                          ; STATUS = STATUS (original)
0012   0EA0           00090         swapf           W_TEMP,F                                        ; W_TEMP = w (com nibbles invert
                            idos)
0013   0E20           00091         swapf           W_TEMP,w                                        ; w = w (original)
                      00092         
0014   0009           00093         retfie                                                                  ; Retorna para endereço 
                            que estava quando ocorreu a interrupção
                      00094         
                      00095 ; -- Fim da recuperação de contexto --
                      00096 
                      00097 
                      00098 ; --- Programa principal --- 
                      00099 
0015                  00100 inicio:                                                                         ; Cria label para progra
                            ma principal
                      00101 
0015   1683           00102         bank1                                                                   ; Seleciona o banco 1 de
                             memória
0016   30FF           00103         movlw           H'FF'                                           ; w = FFh
Message[302]: Register in operand not in bank 0.  Ensure that bank bits are correct.
0017   0085           00104         movwf           TRISA                                           ; Configura todo PORTA como entr
                            ada
0018   30FE           00105         movlw           H'FE'                                           ; w = FEh 
Message[302]: Register in operand not in bank 0.  Ensure that bank bits are correct.
0019   0086           00106         movwf           TRISB                                           ; Configura apenas RB0 como saíd
                            a digital, o resto como entrada
Message[302]: Register in operand not in bank 0.  Ensure that bank bits are correct.
001A   170C           00107         bsf                     PIE1,CMIE                                       ; Ativa a interrupção do
                            s comparador internos
001B   1283           00108         bank0                                                                   ; Seleciona banco 0 de m
                            emória
001C   3004           00109         movlw           H'04'                                           ; w = 04F
001D   009F           00110         movwf           CMCON                                           ; Configura dois comparadores in
                            ternos independentes
MPASM  5.51                 PWMCOMPARADOR.ASM   9-3-2020  10:51:46         PAGE  4


LOC  OBJECT CODE     LINE SOURCE TEXT
  VALUE

001E   30C0           00111         movlw           H'C0'                                           ; w = C0h
001F   008B           00112         movwf           INTCON                                          ; Ativa a interrupção global e p
                            or periféricos
                      00113         
0020   1006           00114         bcf                     led1                                            ; Inicia led1 em Low
                      00115 
                      00116 
                      00117 ; --- Loop infinito ---
                      00118 
0021                  00119 loop:                                                                           ; Cria label para loop i
                            nfinito
                      00120 
                      00121 
                      00122 
0021   2821           00123         goto            loop                                            ; Loop infinito
                      00124         
                      00125 
                      00126 ; --- Sub Rotinas --- 
                      00127 
                      00128         
                      00129         
                      00130         
                      00131 ; --- Fim do programa ---
                      00132 
Warning[205]: Found directive in column 1. (end)
                      00133 end                                                                                     ; Final do progr
                            ama
MPASM  5.51                 PWMCOMPARADOR.ASM   9-3-2020  10:51:46         PAGE  5


SYMBOL TABLE
  LABEL                             VALUE 

ADDEN                             00000003
ADEN                              00000003
BRGH                              00000002
C                                 00000000
C1INV                             00000004
C1OUT                             00000006
C2INV                             00000005
C2OUT                             00000007
CCP1CON                           00000017
CCP1IE                            00000002
CCP1IF                            00000002
CCP1M0                            00000000
CCP1M1                            00000001
CCP1M2                            00000002
CCP1M3                            00000003
CCP1X                             00000005
CCP1Y                             00000004
CCPR1                             00000015
CCPR1H                            00000016
CCPR1L                            00000015
CIS                               00000003
CM0                               00000000
CM1                               00000001
CM2                               00000002
CMCON                             0000001F
CMIE                              00000006
CMIF                              00000006
CREN                              00000004
CSRC                              00000007
DATA_CP_OFF                       00003FFF
DATA_CP_ON                        00003EFF
DC                                00000001
EEADR                             0000009B
EECON1                            0000009C
EECON2                            0000009D
EEDATA                            0000009A
EEIE                              00000007
EEIF                              00000007
F                                 00000001
FERR                              00000002
FSR                               00000004
GIE                               00000007
INDF                              00000000
INTCON                            0000000B
INTE                              00000004
INTEDG                            00000006
INTF                              00000001
IRP                               00000007
NOT_BO                            00000000
NOT_BOD                           00000000
NOT_BOR                           00000000
NOT_PD                            00000003
NOT_POR                           00000001
MPASM  5.51                 PWMCOMPARADOR.ASM   9-3-2020  10:51:46         PAGE  6


SYMBOL TABLE
  LABEL                             VALUE 

NOT_RBPU                          00000007
NOT_T1SYNC                        00000002
NOT_TO                            00000004
OERR                              00000001
OPTION_REG                        00000081
OSCF                              00000003
PCL                               00000002
PCLATH                            0000000A
PCON                              0000008E
PEIE                              00000006
PIE1                              0000008C
PIR1                              0000000C
PORTA                             00000005
PORTB                             00000006
PR2                               00000092
PS0                               00000000
PS1                               00000001
PS2                               00000002
PSA                               00000003
RA0                               00000000
RA1                               00000001
RA2                               00000002
RA3                               00000003
RA4                               00000004
RA5                               00000005
RA6                               00000006
RA7                               00000007
RB0                               00000000
RB1                               00000001
RB2                               00000002
RB3                               00000003
RB4                               00000004
RB5                               00000005
RB6                               00000006
RB7                               00000007
RBIE                              00000003
RBIF                              00000000
RCIE                              00000005
RCIF                              00000005
RCREG                             0000001A
RCSTA                             00000018
RD                                00000000
RP0                               00000005
RP1                               00000006
RX9                               00000006
RX9D                              00000000
SPBRG                             00000099
SPEN                              00000007
SREN                              00000005
STATUS                            00000003
STATUS_TEMP                       00000021
SYNC                              00000004
T0CS                              00000005
MPASM  5.51                 PWMCOMPARADOR.ASM   9-3-2020  10:51:46         PAGE  7


SYMBOL TABLE
  LABEL                             VALUE 

T0IE                              00000005
T0IF                              00000002
T0SE                              00000004
T1CKPS0                           00000004
T1CKPS1                           00000005
T1CON                             00000010
T1OSCEN                           00000003
T2CKPS0                           00000000
T2CKPS1                           00000001
T2CON                             00000012
TMR0                              00000001
TMR0IE                            00000005
TMR0IF                            00000002
TMR1                              0000000E
TMR1CS                            00000001
TMR1H                             0000000F
TMR1IE                            00000000
TMR1IF                            00000000
TMR1L                             0000000E
TMR1ON                            00000000
TMR2                              00000011
TMR2IE                            00000001
TMR2IF                            00000001
TMR2ON                            00000002
TOUTPS0                           00000003
TOUTPS1                           00000004
TOUTPS2                           00000005
TOUTPS3                           00000006
TRISA                             00000085
TRISA0                            00000000
TRISA1                            00000001
TRISA2                            00000002
TRISA3                            00000003
TRISA4                            00000004
TRISA5                            00000005
TRISA6                            00000006
TRISA7                            00000007
TRISB                             00000086
TRISB0                            00000000
TRISB1                            00000001
TRISB2                            00000002
TRISB3                            00000003
TRISB4                            00000004
TRISB5                            00000005
TRISB6                            00000006
TRISB7                            00000007
TRMT                              00000001
TX9                               00000006
TX9D                              00000000
TXEN                              00000005
TXIE                              00000004
TXIF                              00000004
TXREG                             00000019
MPASM  5.51                 PWMCOMPARADOR.ASM   9-3-2020  10:51:46         PAGE  8


SYMBOL TABLE
  LABEL                             VALUE 

TXSTA                             00000098
VR0                               00000000
VR1                               00000001
VR2                               00000002
VR3                               00000003
VRCON                             0000009F
VREN                              00000007
VROE                              00000006
VRR                               00000005
W                                 00000000
WR                                00000001
WREN                              00000002
WRERR                             00000003
W_TEMP                            00000020
Z                                 00000002
_BODEN_OFF                        00003FBF
_BODEN_ON                         00003FFF
_BOREN_OFF                        00003FBF
_BOREN_ON                         00003FFF
_CONFIG                           00002007
_CPD_OFF                          00003FFF
_CPD_ON                           00003EFF
_CP_OFF                           00003FFF
_CP_ON                            00001FFF
_DEVID1                           00002006
_ER_OSC_CLKOUT                    00003FFF
_ER_OSC_NOCLKOUT                  00003FFE
_EXTCLK_OSC                       00003FEF
_FOSC_ECIO                        00003FEF
_FOSC_EXTRCCLK                    00003FFF
_FOSC_EXTRCIO                     00003FFE
_FOSC_HS                          00003FEE
_FOSC_INTOSCCLK                   00003FFD
_FOSC_INTOSCIO                    00003FFC
_FOSC_LP                          00003FEC
_FOSC_XT                          00003FED
_HS_OSC                           00003FEE
_IDLOC0                           00002000
_IDLOC1                           00002001
_IDLOC2                           00002002
_IDLOC3                           00002003
_INTOSC_OSC_CLKOUT                00003FFD
_INTOSC_OSC_NOCLKOUT              00003FFC
_INTRC_OSC_CLKOUT                 00003FFD
_INTRC_OSC_NOCLKOUT               00003FFC
_LP_OSC                           00003FEC
_LVP_OFF                          00003F7F
_LVP_ON                           00003FFF
_MCLRE_OFF                        00003FDF
_MCLRE_ON                         00003FFF
_PWRTE_OFF                        00003FFF
_PWRTE_ON                         00003FF7
_RC_OSC_CLKOUT                    00003FFF
MPASM  5.51                 PWMCOMPARADOR.ASM   9-3-2020  10:51:46         PAGE  9


SYMBOL TABLE
  LABEL                             VALUE 

_RC_OSC_NOCLKOUT                  00003FFE
_WDTE_OFF                         00003FFB
_WDTE_ON                          00003FFF
_WDT_OFF                          00003FFB
_WDT_ON                           00003FFF
_XT_OSC                           00003FED
__16F628A                         00000001
__DEBUG                           1
acende_Led                        0000000F
bank0                             bcf     STATUS,RP0
bank1                             bsf     STATUS,RP0
botao1                            PORTB,7
exit_ISR                          00000010
inicio                            00000015
led1                              PORTB,0
led2                              PORTB,1
loop                              00000021


MEMORY USAGE MAP ('X' = Used,  '-' = Unused)

0000 : X---XXXXXXXXXXXX XXXXXXXXXXXXXXXX XX-------------- ----------------
2000 : -------X-------- ---------------- ---------------- ----------------

All other memory blocks unused.

Program Memory Words Used:    31
Program Memory Words Free:  2017


Errors   :     0
Warnings :     1 reported,     0 suppressed
Messages :     3 reported,     0 suppressed

