MPASM  5.51            REGISTRADOUSOGERAL.ASM   8-19-2020  8:52:29         PAGE  1


LOC  OBJECT CODE     LINE SOURCE TEXT
  VALUE

                      00001 ;
                      00002 ;               PIC16F84A                       Clock = 4MHz            Ciclo de máquina = 1us
                      00003 ;
                      00004 ;               Neste programa o objetivo é demonstrar as formas que se tem para declarar registradores 
                            de uso geral, que nada
                      00005 ;       mais são do que as variáveis do programa. Em Assembly, o uso do termo registrador de uso geral é
                             mais correto e uma
                      00006 ;       boa prática.
                      00007 ;
                      00008 ;               Neste programa, dois novos comandos foram vistos:
                      00009 ;       equ => Utilizado para declarar uma variável, apontando um nome qualquer como um endereço de memó
                            ria
                      00010 ;       cblock => Utilizado para indicar um endereço de memória, que será o endereço inicial da gravação
                             de várias variáveis.
                      00011 ;
                      00012 
                      00013 
                      00014         list p=16f84a ; Informa o microcontrolador utilizado
                      00015         
                      00016         ; --- Arquivos utilizados no projeto
                      00017         #include <p16f84a.inc>  ; Inclui o microcontrolador utilizado
                      00001         LIST
                      00002 
                      00003 ;==========================================================================
                      00004 ;  MPASM PIC16F84A processor include
                      00005 ; 
                      00006 ;  (c) Copyright 1999-2013 Microchip Technology, All rights reserved
                      00007 ;==========================================================================
                      00008 
                      00208         LIST
                      00018         
                      00019         ; --- Fuse bits ---
2007   3FF1           00020         __config _XT_OSC & _WDT_OFF & _PWRTE_ON & _CP_OFF       ; Configura os fuses do microcontrolador
                            . Clock de 4MHz,
                      00021                                                                                                         
                                    ; Watchdog timer desligado, PowerUp Timer ligado e Code Protect
                      00022                                                                                                         
                                    ; desligado
                      00023                                                                                                         
                                    
                      00024         ; --- Paginação de memória ---
                      00025         #define         bank0   bcf             STATUS,RP0              ; Cria um mnemônico para o banco
                             0 de memória
                      00026         #define         bank1   bsf             STATUS,RP0              ; Cria um mnemônico para o banco
                             1 de memória
                      00027         
                      00028         ; --- Saídas ---
                      00029         #define         led1    PORTB,RB7       ; Cria um mnemônico para a saída RB7
                      00030         #define         led2    PORTB,RB6       ; Cria um menmônico para a saída RB6
                      00031         
                      00032         ; --- Registradores de uso geral ---
                      00033         cblock          H'0C'           ; Inicio da memória dos registradores de uso geral
                      00034         
MPASM  5.51            REGISTRADOUSOGERAL.ASM   8-19-2020  8:52:29         PAGE  2


LOC  OBJECT CODE     LINE SOURCE TEXT
  VALUE

  0000000C            00035         tempo1          ;       Endereço H'0C'
  0000000D            00036         tempo2          ;       Endereço H'0D'
                      00037         
                      00038         endc
                      00039         
                      00040         ;
                      00041         ;       tempo1  equ             H'0C'
                      00042         ;       tempo2  equ             H'0D'
                      00043         ;
                      00044         ;       Esta é uma das formas de se declarar os registradores de uso geral
                      00045         ;
                      00046         
                      00047         
                      00048         
                      00049         
                      00050         ; --- Vetor de Reset ---
0000                  00051         org             H'0000'         ; Informa o endereço do vetor Reset no banco de memória
                      00052         
0000   2805           00053         goto inicio     ; Desvia o programa para a label inicio
                      00054         
                      00055         ; --- Vetor de interrupção
0004                  00056         org                     H'0004'         ; Informa o endereço do vetor de interrupção no banco de
                             memória
                      00057         
0004   0009           00058         retfie          ; Retorna a execução para o local onde o programa foi interrompido
                      00059         
                      00060         
                      00061         ; --- Programa principal ---
Warning[207]: Found label after column 1. (inicio)
0005                  00062         inicio:
                      00063         
0005   1683           00064                 bank1                   ; Seleciona o banco 1 de memória
0006   303F           00065                 movlw   H'3F'   ; Move o valor 3F para o registrador w
Message[302]: Register in operand not in bank 0.  Ensure that bank bits are correct.
0007   0086           00066                 movwf   TRISB   ; Move o valor de w para o registrador TRISB e configura RB7 e RB6 como 
                            saídas digitais
0008   1283           00067                 bank0                   ; Seleciona o banco 0 de memória        
0009   303F           00068                 movlw   H'3F'   ; Move o valor 3F para w
000A   0086           00069                 movwf   PORTB   ; Move o valor de w para PORTB e inicia as portas RB7 e RB6 em Low
                      00070                 
Warning[207]: Found label after column 1. (loop)
000B                  00071                 loop:                   ; Cria a label loop, que é a label do loop infinito
                      00072                 
000B   1786           00073                         bsf     led1                    ; Acende led1
000C   1306           00074                         bcf led2                        ; Apaga led2
000D   2012           00075                         call delay500ms         ; Chama a subrotina delay500ms
000E   1386           00076                         bcf     led1                    ; Apaga led1
000F   1706           00077                         bsf     led2                    ; Acende led2
0010   2012           00078                         call delay500ms         ; Chama a subrotina delay500ms
                      00079                         
0011   280B           00080                 goto loop               ; Desvia o programa para a label loop
                      00081                 
                      00082                 
MPASM  5.51            REGISTRADOUSOGERAL.ASM   8-19-2020  8:52:29         PAGE  3


LOC  OBJECT CODE     LINE SOURCE TEXT
  VALUE

                      00083         ; --- Subrotinas ---
Warning[207]: Found label after column 1. (delay500ms)
0012                  00084         delay500ms:                             ; Cria subrotina delay500ms
                      00085         
0012   30C8           00086                 movlw   D'200'          ; Move 200 decimal para w
0013   008C           00087                 movwf   tempo1          ; Move o valor de w para tempo1
                      00088                 
Warning[207]: Found label after column 1. (aux1)
0014                  00089                 aux1:                           ; Cria label auxiliar
                      00090                 
0014   30FA           00091                         movlw   D'250'  ; Move 250 decimal para w
0015   008D           00092                         movwf   tempo2  ; Move o valor de w para tempo2
                      00093                         
Warning[207]: Found label after column 1. (aux2)
0016                  00094                 aux2:                           ; Cria outra label auxiliar
                      00095                 
0016   0000           00096                         nop
0017   0000           00097                         nop
0018   0000           00098                         nop
0019   0000           00099                         nop
001A   0000           00100                         nop
001B   0000           00101                         nop
001C   0000           00102                         nop                     ; Gasta 7 ciclos de máquina
                      00103                         
Message[305]: Using default destination of 1 (file).
001D   0B8D           00104                         decfsz  tempo2  ; Decrementa 1 de tempo2 e pula uma linha se chegar a zero
001E   2816           00105                         goto    aux2    ; Desvia o programa para a label aux2
                      00106                         
Message[305]: Using default destination of 1 (file).
001F   0B8C           00107                         decfsz  tempo1  ; Se tempo2 igual a zero, decrementa 1 de tempo1 e pula uma linh
                            a se chegar a zero
0020   2814           00108                         goto    aux1    ; Desvia programa para a label aux1
                      00109                         
0021   0008           00110                         return                  ; Se tempo1 igual a zero, sai da subrotina
                      00111                         
                      00112                         
                      00113                         
                      00114                         end
MPASM  5.51            REGISTRADOUSOGERAL.ASM   8-19-2020  8:52:29         PAGE  4


SYMBOL TABLE
  LABEL                             VALUE 

C                                 00000000
DC                                00000001
EEADR                             00000009
EECON1                            00000088
EECON2                            00000089
EEDATA                            00000008
EEIE                              00000006
EEIF                              00000004
F                                 00000001
FSR                               00000004
GIE                               00000007
INDF                              00000000
INTCON                            0000000B
INTE                              00000004
INTEDG                            00000006
INTF                              00000001
IRP                               00000007
NOT_PD                            00000003
NOT_RBPU                          00000007
NOT_TO                            00000004
OPTION_REG                        00000081
PCL                               00000002
PCLATH                            0000000A
PORTA                             00000005
PORTB                             00000006
PS0                               00000000
PS1                               00000001
PS2                               00000002
PSA                               00000003
RA0                               00000000
RA1                               00000001
RA2                               00000002
RA3                               00000003
RA4                               00000004
RB0                               00000000
RB1                               00000001
RB2                               00000002
RB3                               00000003
RB4                               00000004
RB5                               00000005
RB6                               00000006
RB7                               00000007
RBIE                              00000003
RBIF                              00000000
RD                                00000000
RP0                               00000005
RP1                               00000006
STATUS                            00000003
T0CS                              00000005
T0IE                              00000005
T0IF                              00000002
T0SE                              00000004
TMR0                              00000001
MPASM  5.51            REGISTRADOUSOGERAL.ASM   8-19-2020  8:52:29         PAGE  5


SYMBOL TABLE
  LABEL                             VALUE 

TMR0IE                            00000005
TMR0IF                            00000002
TRISA                             00000085
TRISA0                            00000000
TRISA1                            00000001
TRISA2                            00000002
TRISA3                            00000003
TRISA4                            00000004
TRISB                             00000086
TRISB0                            00000000
TRISB1                            00000001
TRISB2                            00000002
TRISB3                            00000003
TRISB4                            00000004
TRISB5                            00000005
TRISB6                            00000006
TRISB7                            00000007
W                                 00000000
WR                                00000001
WREN                              00000002
WRERR                             00000003
Z                                 00000002
_CONFIG                           00002007
_CP_OFF                           00003FFF
_CP_ON                            0000000F
_DEVID1                           00002006
_FOSC_EXTRC                       00003FFF
_FOSC_HS                          00003FFE
_FOSC_LP                          00003FFC
_FOSC_XT                          00003FFD
_HS_OSC                           00003FFE
_IDLOC0                           00002000
_IDLOC1                           00002001
_IDLOC2                           00002002
_IDLOC3                           00002003
_LP_OSC                           00003FFC
_PWRTE_OFF                        00003FFF
_PWRTE_ON                         00003FF7
_RC_OSC                           00003FFF
_WDTE_OFF                         00003FFB
_WDTE_ON                          00003FFF
_WDT_OFF                          00003FFB
_WDT_ON                           00003FFF
_XT_OSC                           00003FFD
__16F84A                          00000001
__DEBUG                           1
aux1                              00000014
aux2                              00000016
bank0                             bcf             STATUS,RP0
bank1                             bsf             STATUS,RP0
delay500ms                        00000012
inicio                            00000005
led1                              PORTB,RB7
MPASM  5.51            REGISTRADOUSOGERAL.ASM   8-19-2020  8:52:29         PAGE  6


SYMBOL TABLE
  LABEL                             VALUE 

led2                              PORTB,RB6
loop                              0000000B
tempo1                            0000000C
tempo2                            0000000D


MEMORY USAGE MAP ('X' = Used,  '-' = Unused)

0000 : X---XXXXXXXXXXXX XXXXXXXXXXXXXXXX XX-------------- ----------------
2000 : -------X-------- ---------------- ---------------- ----------------

All other memory blocks unused.

Program Memory Words Used:    31
Program Memory Words Free:   993


Errors   :     0
Warnings :     5 reported,     0 suppressed
Messages :     3 reported,     0 suppressed

