MPASM  5.51               CONTADOROBJETOS.ASM   9-4-2020  15:53:31         PAGE  1


LOC  OBJECT CODE     LINE SOURCE TEXT
  VALUE

                      00001 ;
                      00002 ;               Este programa tem a função de contar objetos que acionam um determinado sensor, simulado
                             neste projeto por um
                      00003 ;       botão. Para fazer a leitura do sensor, utiliza-se o módulo CCP1 do Pic, no modo de comparação. N
                            o modo de comparação,
                      00004 ;       configura-se o registrador CCP1CON = 08h, para que ele sete o pino RB3 (pino do CCP1) quando o c
                            ontador do timer1
                      00005 ;       se igualar ao contador do CCP1. Nesta configuração TMR1 não é zerado, e caso necessário, isso de
                            ve ser feito via
                      00006 ;       software.       
                      00007 ;
                      00008 
                      00009         list            p=16f628a                                       ; Informa o microcontrolador uti
                            lizado
                      00010         
                      00011         
                      00012 ; --- Documentação ---
                      00013 
                      00014         #include        <p16f628a.inc>                          ; Inclui o documento com os registradore
                            s do Pic
                      00001         LIST
                      00002 
                      00003 ;==========================================================================
                      00004 ;  MPASM PIC16F628A processor include
                      00005 ; 
                      00006 ;  (c) Copyright 1999-2013 Microchip Technology, All rights reserved
                      00007 ;==========================================================================
                      00008 
                      00385         LIST
                      00015         
                      00016 
                      00017 ; --- Fuse bits ---
                      00018 
2007   3F21           00019         __config        _XT_OSC & _WDT_OFF & _PWRTE_ON & _MCLRE_ON & _BOREN_OFF & _LVP_OFF & _CPD_OFF & 
                            _CP_OFF
                      00020         
                      00021 ; Configura oscilador de 4MHz, Power Up Timer ligado e Master Clear Ligado
                      00022 
                      00023 
                      00024 ; --- Paginação de memória ---
                      00025 
                      00026         #define         bank0   bcf     STATUS,RP0              ; Cria mnemônico para selecionar banco 0
                             de memória
                      00027         #define         bank1   bsf     STATUS,RP0              ; Cria mnemônico para selecionar banco 1
                             de memória
                      00028         
                      00029 ; --- Mapeamento de hardware --- 
                      00030 
                      00031         #define         led1    PORTB,0                         ; Cria mnemônico para led1 em RB0
                      00032         #define         botao1  PORTB,7                         ; Cria mnemônico para botao1 em RB7
                      00033         
                      00034 ; --- Registradores de uso geral ---
                      00035 
MPASM  5.51               CONTADOROBJETOS.ASM   9-4-2020  15:53:31         PAGE  2


LOC  OBJECT CODE     LINE SOURCE TEXT
  VALUE

                      00036         cblock          H'20'                                           ; Endereço de inicio de configur
                            ação de registradores de uso geral
                      00037         
  00000020            00038         W_TEMP                                                                  ; Armazena o conteúdo de
                             w temporariamente
  00000021            00039         STATUS_TEMP                                                             ; Armazena o conteúdo de
                             STATUS temporariamente
                      00040         
                      00041         endc                                                                    ; Fim da configuração do
                            s registradores de uso geral
                      00042         
                      00043 ; --- Vetor de Reset --- 
                      00044 
0000                  00045         org                     H'0000'                                         ; Origem do endereço de 
                            mémoria do vetor de Reset
                      00046         
0000   280D           00047         goto            inicio                                          ; Desvia para label do programa 
                            principal
                      00048         
                      00049 ; --- Vetor de Interrupção      ---
                      00050 
0004                  00051         org             H'0004'                                         ; Origem do endereço de memória 
                            do vetor de Interrupção
                      00052         
                      00053 ; -- Salvamento de contexto --
                      00054 
0004   00A0           00055         movwf           W_TEMP                                          ; W_TEMP = w
0005   0E03           00056         swapf           STATUS,w                                        ; w = STATUS (com nibbles invert
                            idos)
0006   1283           00057         bank0                                                                   ; Seleciona banco 0 de m
                            emória
0007   00A1           00058         movwf           STATUS_TEMP                                     ; STATUS_TEMP = STATUS (com nibb
                            les invertidos)
                      00059         
                      00060 ; -- Fim do salvamento de contexto --
                      00061 
                      00062         
                      00063         ; Desenvolvimento da ISR...
                      00064         
                      00065         
                      00066 
                      00067 ; -- Recuperação de contexto --
                      00068 
0008                  00069 exit_ISR:                                                                       ; Cria label para sair d
                            a interrupção
                      00070 
0008   0E21           00071         swapf           STATUS_TEMP,w                           ; w = STATUS (original)
0009   0083           00072         movwf           STATUS                                          ; STATUS = STATUS (original)
000A   0EA0           00073         swapf           W_TEMP,F                                        ; W_TEMP = w (com nibbles invert
                            idos)
000B   0E20           00074         swapf           W_TEMP,w                                        ; w = w (original)
                      00075         
000C   0009           00076         retfie                                                                  ; Volta para o endereço 
MPASM  5.51               CONTADOROBJETOS.ASM   9-4-2020  15:53:31         PAGE  3


LOC  OBJECT CODE     LINE SOURCE TEXT
  VALUE

                            de memória que estava quando interrompeu
                      00077         
                      00078 ; -- Fim da recuperação de contexto --
                      00079 
                      00080 
                      00081 ; --- Programa principal ---
                      00082 
000D                  00083 inicio:                                                                         ; Criação da label do pr
                            ograma principal
                      00084 
000D   1683           00085         bank1                                                                   ; Seleciona banco 1 de m
                            emória
000E   30FF           00086         movlw           H'FF'                                           ; w = FFh
Message[302]: Register in operand not in bank 0.  Ensure that bank bits are correct.
000F   0085           00087         movwf           TRISA                                           ; Configura todo PORTA como entr
                            ada digital
0010   30F7           00088         movlw           H'F7'                                           ; w = F7h
Message[302]: Register in operand not in bank 0.  Ensure that bank bits are correct.
0011   0086           00089         movwf           TRISB                                           ; Configura apenas RB3 como saíd
                            a digital, o resto como entrada
0012   1283           00090         bank0                                                                   ; Seleciona banco 0 de m
                            emória
0013   30F7           00091         movlw           H'F7'                                           ; w = F3h
0014   0086           00092         movwf           PORTB                                           ; Inicia  RA3 em Low
0015   3007           00093         movlw           H'07'                                           ; w = 07h
0016   009F           00094         movwf           CMCON                                           ; Desabilita os comparadores int
                            ernos
0017   3008           00095         movlw           H'08'                                           ; w = 0Bh
0018   0097           00096         movwf           CCP1CON                                         ; Configura o módulo CCP1 em mod
                            o de comparação, resetando TMR1 no estouro
0019   3003           00097         movlw           H'03'                                           ; w = 03h
001A   0090           00098         movwf           T1CON                                           ; Prescaler em 1:1, configura in
                            cremento por pulso externo, liga o timer1
001B   3000           00099         movlw           H'00'                                           ; w = 04h
001C   0096           00100         movwf           CCPR1H                                          ; CCPR1H = 00h
001D   300F           00101         movlw           H'0F'                                           ; w = 0Fh
001E   0095           00102         movwf           CCPR1L                                          ; CCPR1L = 0Fh
001F   3000           00103         movlw           H'00'                                           ; w = 00h
0020   008F           00104         movwf           TMR1H                                           ; TMR1H = 00h
0021   3000           00105         movlw           H'00'                                           ; w = 00h
0022   008E           00106         movwf           TMR1L                                           ; TMR1L = 0Fh
                      00107 
0023                  00108 loop:                                                                           ; Criação da label de lo
                            op infinito
                      00109 
                      00110 
                      00111         ;movlw          H'0A'                                           
                      00112         ;xorwf          TMR1L,w         
                      00113         ;btfss          STATUS,Z
                      00114         ;goto           loop
                      00115         ;bsf                    PORTB,2
                      00116         ;goto           $
                      00117 
MPASM  5.51               CONTADOROBJETOS.ASM   9-4-2020  15:53:31         PAGE  4


LOC  OBJECT CODE     LINE SOURCE TEXT
  VALUE

0023   1D86           00118         btfss           PORTB,3                                         ; Testa se RB3 setou, se sim, pu
                            la uma linha
0024   2823           00119         goto            loop                                            ; Se não, desvia para label loop
0025   1586           00120         bsf                     PORTB,3                                         ; RB3 permanece setado
0026   2826           00121         goto            $                                                       ; Prende programa nesta 
                            linha
                      00122         
                      00123         
                      00124 ; --- Fim do programa ---
                      00125 
                      00126 
                      00127         end                                                                             ; Final do progr
                            ama
MPASM  5.51               CONTADOROBJETOS.ASM   9-4-2020  15:53:31         PAGE  5


SYMBOL TABLE
  LABEL                             VALUE 

ADDEN                             00000003
ADEN                              00000003
BRGH                              00000002
C                                 00000000
C1INV                             00000004
C1OUT                             00000006
C2INV                             00000005
C2OUT                             00000007
CCP1CON                           00000017
CCP1IE                            00000002
CCP1IF                            00000002
CCP1M0                            00000000
CCP1M1                            00000001
CCP1M2                            00000002
CCP1M3                            00000003
CCP1X                             00000005
CCP1Y                             00000004
CCPR1                             00000015
CCPR1H                            00000016
CCPR1L                            00000015
CIS                               00000003
CM0                               00000000
CM1                               00000001
CM2                               00000002
CMCON                             0000001F
CMIE                              00000006
CMIF                              00000006
CREN                              00000004
CSRC                              00000007
DATA_CP_OFF                       00003FFF
DATA_CP_ON                        00003EFF
DC                                00000001
EEADR                             0000009B
EECON1                            0000009C
EECON2                            0000009D
EEDATA                            0000009A
EEIE                              00000007
EEIF                              00000007
F                                 00000001
FERR                              00000002
FSR                               00000004
GIE                               00000007
INDF                              00000000
INTCON                            0000000B
INTE                              00000004
INTEDG                            00000006
INTF                              00000001
IRP                               00000007
NOT_BO                            00000000
NOT_BOD                           00000000
NOT_BOR                           00000000
NOT_PD                            00000003
NOT_POR                           00000001
MPASM  5.51               CONTADOROBJETOS.ASM   9-4-2020  15:53:31         PAGE  6


SYMBOL TABLE
  LABEL                             VALUE 

NOT_RBPU                          00000007
NOT_T1SYNC                        00000002
NOT_TO                            00000004
OERR                              00000001
OPTION_REG                        00000081
OSCF                              00000003
PCL                               00000002
PCLATH                            0000000A
PCON                              0000008E
PEIE                              00000006
PIE1                              0000008C
PIR1                              0000000C
PORTA                             00000005
PORTB                             00000006
PR2                               00000092
PS0                               00000000
PS1                               00000001
PS2                               00000002
PSA                               00000003
RA0                               00000000
RA1                               00000001
RA2                               00000002
RA3                               00000003
RA4                               00000004
RA5                               00000005
RA6                               00000006
RA7                               00000007
RB0                               00000000
RB1                               00000001
RB2                               00000002
RB3                               00000003
RB4                               00000004
RB5                               00000005
RB6                               00000006
RB7                               00000007
RBIE                              00000003
RBIF                              00000000
RCIE                              00000005
RCIF                              00000005
RCREG                             0000001A
RCSTA                             00000018
RD                                00000000
RP0                               00000005
RP1                               00000006
RX9                               00000006
RX9D                              00000000
SPBRG                             00000099
SPEN                              00000007
SREN                              00000005
STATUS                            00000003
STATUS_TEMP                       00000021
SYNC                              00000004
T0CS                              00000005
MPASM  5.51               CONTADOROBJETOS.ASM   9-4-2020  15:53:31         PAGE  7


SYMBOL TABLE
  LABEL                             VALUE 

T0IE                              00000005
T0IF                              00000002
T0SE                              00000004
T1CKPS0                           00000004
T1CKPS1                           00000005
T1CON                             00000010
T1OSCEN                           00000003
T2CKPS0                           00000000
T2CKPS1                           00000001
T2CON                             00000012
TMR0                              00000001
TMR0IE                            00000005
TMR0IF                            00000002
TMR1                              0000000E
TMR1CS                            00000001
TMR1H                             0000000F
TMR1IE                            00000000
TMR1IF                            00000000
TMR1L                             0000000E
TMR1ON                            00000000
TMR2                              00000011
TMR2IE                            00000001
TMR2IF                            00000001
TMR2ON                            00000002
TOUTPS0                           00000003
TOUTPS1                           00000004
TOUTPS2                           00000005
TOUTPS3                           00000006
TRISA                             00000085
TRISA0                            00000000
TRISA1                            00000001
TRISA2                            00000002
TRISA3                            00000003
TRISA4                            00000004
TRISA5                            00000005
TRISA6                            00000006
TRISA7                            00000007
TRISB                             00000086
TRISB0                            00000000
TRISB1                            00000001
TRISB2                            00000002
TRISB3                            00000003
TRISB4                            00000004
TRISB5                            00000005
TRISB6                            00000006
TRISB7                            00000007
TRMT                              00000001
TX9                               00000006
TX9D                              00000000
TXEN                              00000005
TXIE                              00000004
TXIF                              00000004
TXREG                             00000019
MPASM  5.51               CONTADOROBJETOS.ASM   9-4-2020  15:53:31         PAGE  8


SYMBOL TABLE
  LABEL                             VALUE 

TXSTA                             00000098
VR0                               00000000
VR1                               00000001
VR2                               00000002
VR3                               00000003
VRCON                             0000009F
VREN                              00000007
VROE                              00000006
VRR                               00000005
W                                 00000000
WR                                00000001
WREN                              00000002
WRERR                             00000003
W_TEMP                            00000020
Z                                 00000002
_BODEN_OFF                        00003FBF
_BODEN_ON                         00003FFF
_BOREN_OFF                        00003FBF
_BOREN_ON                         00003FFF
_CONFIG                           00002007
_CPD_OFF                          00003FFF
_CPD_ON                           00003EFF
_CP_OFF                           00003FFF
_CP_ON                            00001FFF
_DEVID1                           00002006
_ER_OSC_CLKOUT                    00003FFF
_ER_OSC_NOCLKOUT                  00003FFE
_EXTCLK_OSC                       00003FEF
_FOSC_ECIO                        00003FEF
_FOSC_EXTRCCLK                    00003FFF
_FOSC_EXTRCIO                     00003FFE
_FOSC_HS                          00003FEE
_FOSC_INTOSCCLK                   00003FFD
_FOSC_INTOSCIO                    00003FFC
_FOSC_LP                          00003FEC
_FOSC_XT                          00003FED
_HS_OSC                           00003FEE
_IDLOC0                           00002000
_IDLOC1                           00002001
_IDLOC2                           00002002
_IDLOC3                           00002003
_INTOSC_OSC_CLKOUT                00003FFD
_INTOSC_OSC_NOCLKOUT              00003FFC
_INTRC_OSC_CLKOUT                 00003FFD
_INTRC_OSC_NOCLKOUT               00003FFC
_LP_OSC                           00003FEC
_LVP_OFF                          00003F7F
_LVP_ON                           00003FFF
_MCLRE_OFF                        00003FDF
_MCLRE_ON                         00003FFF
_PWRTE_OFF                        00003FFF
_PWRTE_ON                         00003FF7
_RC_OSC_CLKOUT                    00003FFF
MPASM  5.51               CONTADOROBJETOS.ASM   9-4-2020  15:53:31         PAGE  9


SYMBOL TABLE
  LABEL                             VALUE 

_RC_OSC_NOCLKOUT                  00003FFE
_WDTE_OFF                         00003FFB
_WDTE_ON                          00003FFF
_WDT_OFF                          00003FFB
_WDT_ON                           00003FFF
_XT_OSC                           00003FED
__16F628A                         00000001
__DEBUG                           1
bank0                             bcf     STATUS,RP0
bank1                             bsf     STATUS,RP0
botao1                            PORTB,7
exit_ISR                          00000008
inicio                            0000000D
led1                              PORTB,0
loop                              00000023


MEMORY USAGE MAP ('X' = Used,  '-' = Unused)

0000 : X---XXXXXXXXXXXX XXXXXXXXXXXXXXXX XXXXXXX--------- ----------------
2000 : -------X-------- ---------------- ---------------- ----------------

All other memory blocks unused.

Program Memory Words Used:    36
Program Memory Words Free:  2012


Errors   :     0
Warnings :     0 reported,     0 suppressed
Messages :     2 reported,     0 suppressed

